[2026-03-05T14:41:05.479+0000] {local_task_job_runner.py:120} INFO - ::group::Pre task execution logs
[2026-03-05T14:41:05.507+0000] {taskinstance.py:2076} INFO - Dependencies all met for dep_context=non-requeueable deps ti=<TaskInstance: my_dag.hello_task manual__2026-03-05T14:41:02.503804+00:00 [queued]>
[2026-03-05T14:41:05.517+0000] {taskinstance.py:2076} INFO - Dependencies all met for dep_context=requeueable deps ti=<TaskInstance: my_dag.hello_task manual__2026-03-05T14:41:02.503804+00:00 [queued]>
[2026-03-05T14:41:05.520+0000] {taskinstance.py:2306} INFO - Starting attempt 1 of 1
[2026-03-05T14:41:05.534+0000] {taskinstance.py:2330} INFO - Executing <Task(PythonOperator): hello_task> on 2026-03-05 14:41:02.503804+00:00
[2026-03-05T14:41:05.540+0000] {warnings.py:112} WARNING - /home/***/.local/lib/python3.12/site-packages/***/task/task_runner/standard_task_runner.py:62: DeprecationWarning: This process (pid=311) is multi-threaded, use of fork() may lead to deadlocks in the child.
  pid = os.fork()

[2026-03-05T14:41:05.542+0000] {standard_task_runner.py:64} INFO - Started process 313 to run task
[2026-03-05T14:41:05.542+0000] {standard_task_runner.py:90} INFO - Running: ['***', 'tasks', 'run', 'my_dag', 'hello_task', 'manual__2026-03-05T14:41:02.503804+00:00', '--job-id', '5', '--raw', '--subdir', 'DAGS_FOLDER/hello.py', '--cfg-path', '/tmp/tmp4bhc1w10']
[2026-03-05T14:41:05.545+0000] {standard_task_runner.py:91} INFO - Job 5: Subtask hello_task
[2026-03-05T14:41:05.589+0000] {task_command.py:426} INFO - Running <TaskInstance: my_dag.hello_task manual__2026-03-05T14:41:02.503804+00:00 [running]> on host f9efc624f298
[2026-03-05T14:41:05.681+0000] {taskinstance.py:2648} INFO - Exporting env vars: AIRFLOW_CTX_DAG_OWNER='your_name' AIRFLOW_CTX_DAG_ID='my_dag' AIRFLOW_CTX_TASK_ID='hello_task' AIRFLOW_CTX_EXECUTION_DATE='2026-03-05T14:41:02.503804+00:00' AIRFLOW_CTX_TRY_NUMBER='1' AIRFLOW_CTX_DAG_RUN_ID='manual__2026-03-05T14:41:02.503804+00:00'
[2026-03-05T14:41:05.683+0000] {taskinstance.py:430} INFO - ::endgroup::
[2026-03-05T14:41:05.684+0000] {logging_mixin.py:188} INFO - Hello, Airflow!
[2026-03-05T14:41:05.685+0000] {python.py:237} INFO - Done. Returned value was: None
[2026-03-05T14:41:05.686+0000] {taskinstance.py:441} INFO - ::group::Post task execution logs
[2026-03-05T14:41:05.693+0000] {taskinstance.py:1206} INFO - Marking task as SUCCESS. dag_id=my_dag, task_id=hello_task, run_id=manual__2026-03-05T14:41:02.503804+00:00, execution_date=20260305T144102, start_date=20260305T144105, end_date=20260305T144105
[2026-03-05T14:41:05.717+0000] {local_task_job_runner.py:243} INFO - Task exited with return code 0
[2026-03-05T14:41:05.733+0000] {taskinstance.py:3503} INFO - 0 downstream tasks scheduled from follow-on schedule check
[2026-03-05T14:41:05.735+0000] {local_task_job_runner.py:222} INFO - ::endgroup::
