[2026-03-05T14:36:57.683+0000] {processor.py:161} INFO - Started process (PID=1782) to work on /opt/airflow/dags/hello.py
[2026-03-05T14:36:57.684+0000] {processor.py:830} INFO - Processing file /opt/airflow/dags/hello.py for tasks to queue
[2026-03-05T14:36:57.687+0000] {logging_mixin.py:188} INFO - [2026-03-05T14:36:57.686+0000] {dagbag.py:545} INFO - Filling up the DagBag from /opt/airflow/dags/hello.py
[2026-03-05T14:36:57.727+0000] {processor.py:840} INFO - DAG(s) 'my_dag' retrieved from /opt/airflow/dags/hello.py
[2026-03-05T14:36:57.967+0000] {logging_mixin.py:188} INFO - [2026-03-05T14:36:57.967+0000] {override.py:1858} INFO - Created Permission View: can edit on DAG:my_dag
[2026-03-05T14:36:57.978+0000] {logging_mixin.py:188} INFO - [2026-03-05T14:36:57.978+0000] {override.py:1858} INFO - Created Permission View: can delete on DAG:my_dag
[2026-03-05T14:36:57.988+0000] {logging_mixin.py:188} INFO - [2026-03-05T14:36:57.987+0000] {override.py:1858} INFO - Created Permission View: can read on DAG:my_dag
[2026-03-05T14:36:57.988+0000] {logging_mixin.py:188} INFO - [2026-03-05T14:36:57.988+0000] {dag.py:3089} INFO - Sync 1 DAGs
[2026-03-05T14:36:58.000+0000] {logging_mixin.py:188} INFO - [2026-03-05T14:36:58.000+0000] {dag.py:3111} INFO - Creating ORM DAG for my_dag
[2026-03-05T14:36:58.002+0000] {logging_mixin.py:188} INFO - [2026-03-05T14:36:58.001+0000] {dag.py:3947} INFO - Setting next_dagrun for my_dag to None, run_after=None
[2026-03-05T14:36:58.026+0000] {processor.py:183} INFO - Processing /opt/airflow/dags/hello.py took 0.348 seconds
[2026-03-05T14:37:28.347+0000] {processor.py:161} INFO - Started process (PID=1841) to work on /opt/airflow/dags/hello.py
[2026-03-05T14:37:28.348+0000] {processor.py:830} INFO - Processing file /opt/airflow/dags/hello.py for tasks to queue
[2026-03-05T14:37:28.350+0000] {logging_mixin.py:188} INFO - [2026-03-05T14:37:28.350+0000] {dagbag.py:545} INFO - Filling up the DagBag from /opt/airflow/dags/hello.py
[2026-03-05T14:37:28.384+0000] {processor.py:840} INFO - DAG(s) 'my_dag' retrieved from /opt/airflow/dags/hello.py
[2026-03-05T14:37:28.406+0000] {logging_mixin.py:188} INFO - [2026-03-05T14:37:28.406+0000] {dag.py:3089} INFO - Sync 1 DAGs
[2026-03-05T14:37:28.423+0000] {logging_mixin.py:188} INFO - [2026-03-05T14:37:28.423+0000] {dag.py:3947} INFO - Setting next_dagrun for my_dag to None, run_after=None
[2026-03-05T14:37:28.450+0000] {processor.py:183} INFO - Processing /opt/airflow/dags/hello.py took 0.110 seconds
[2026-03-05T14:37:58.663+0000] {processor.py:161} INFO - Started process (PID=1900) to work on /opt/airflow/dags/hello.py
[2026-03-05T14:37:58.664+0000] {processor.py:830} INFO - Processing file /opt/airflow/dags/hello.py for tasks to queue
[2026-03-05T14:37:58.668+0000] {logging_mixin.py:188} INFO - [2026-03-05T14:37:58.667+0000] {dagbag.py:545} INFO - Filling up the DagBag from /opt/airflow/dags/hello.py
[2026-03-05T14:37:58.734+0000] {processor.py:840} INFO - DAG(s) 'my_dag' retrieved from /opt/airflow/dags/hello.py
[2026-03-05T14:37:58.755+0000] {logging_mixin.py:188} INFO - [2026-03-05T14:37:58.754+0000] {dag.py:3089} INFO - Sync 1 DAGs
[2026-03-05T14:37:58.766+0000] {logging_mixin.py:188} INFO - [2026-03-05T14:37:58.766+0000] {dag.py:3947} INFO - Setting next_dagrun for my_dag to None, run_after=None
[2026-03-05T14:37:58.802+0000] {processor.py:183} INFO - Processing /opt/airflow/dags/hello.py took 0.149 seconds
[2026-03-05T14:38:28.998+0000] {processor.py:161} INFO - Started process (PID=1959) to work on /opt/airflow/dags/hello.py
[2026-03-05T14:38:28.999+0000] {processor.py:830} INFO - Processing file /opt/airflow/dags/hello.py for tasks to queue
[2026-03-05T14:38:29.001+0000] {logging_mixin.py:188} INFO - [2026-03-05T14:38:29.000+0000] {dagbag.py:545} INFO - Filling up the DagBag from /opt/airflow/dags/hello.py
[2026-03-05T14:38:29.017+0000] {processor.py:840} INFO - DAG(s) 'my_dag' retrieved from /opt/airflow/dags/hello.py
[2026-03-05T14:38:29.032+0000] {logging_mixin.py:188} INFO - [2026-03-05T14:38:29.032+0000] {dag.py:3089} INFO - Sync 1 DAGs
[2026-03-05T14:38:29.043+0000] {logging_mixin.py:188} INFO - [2026-03-05T14:38:29.043+0000] {dag.py:3947} INFO - Setting next_dagrun for my_dag to None, run_after=None
[2026-03-05T14:38:29.064+0000] {processor.py:183} INFO - Processing /opt/airflow/dags/hello.py took 0.070 seconds
[2026-03-05T14:38:59.201+0000] {processor.py:161} INFO - Started process (PID=2018) to work on /opt/airflow/dags/hello.py
[2026-03-05T14:38:59.203+0000] {processor.py:830} INFO - Processing file /opt/airflow/dags/hello.py for tasks to queue
[2026-03-05T14:38:59.205+0000] {logging_mixin.py:188} INFO - [2026-03-05T14:38:59.205+0000] {dagbag.py:545} INFO - Filling up the DagBag from /opt/airflow/dags/hello.py
[2026-03-05T14:38:59.262+0000] {processor.py:840} INFO - DAG(s) 'my_dag' retrieved from /opt/airflow/dags/hello.py
[2026-03-05T14:38:59.279+0000] {logging_mixin.py:188} INFO - [2026-03-05T14:38:59.279+0000] {dag.py:3089} INFO - Sync 1 DAGs
[2026-03-05T14:38:59.290+0000] {logging_mixin.py:188} INFO - [2026-03-05T14:38:59.290+0000] {dag.py:3947} INFO - Setting next_dagrun for my_dag to None, run_after=None
[2026-03-05T14:38:59.309+0000] {processor.py:183} INFO - Processing /opt/airflow/dags/hello.py took 0.115 seconds
[2026-03-05T14:39:30.039+0000] {processor.py:161} INFO - Started process (PID=2077) to work on /opt/airflow/dags/hello.py
[2026-03-05T14:39:30.042+0000] {processor.py:830} INFO - Processing file /opt/airflow/dags/hello.py for tasks to queue
[2026-03-05T14:39:30.045+0000] {logging_mixin.py:188} INFO - [2026-03-05T14:39:30.045+0000] {dagbag.py:545} INFO - Filling up the DagBag from /opt/airflow/dags/hello.py
[2026-03-05T14:39:30.091+0000] {processor.py:840} INFO - DAG(s) 'my_dag' retrieved from /opt/airflow/dags/hello.py
[2026-03-05T14:39:30.106+0000] {logging_mixin.py:188} INFO - [2026-03-05T14:39:30.106+0000] {dag.py:3089} INFO - Sync 1 DAGs
[2026-03-05T14:39:30.116+0000] {logging_mixin.py:188} INFO - [2026-03-05T14:39:30.116+0000] {dag.py:3947} INFO - Setting next_dagrun for my_dag to None, run_after=None
[2026-03-05T14:39:30.142+0000] {processor.py:183} INFO - Processing /opt/airflow/dags/hello.py took 0.125 seconds
[2026-03-05T14:40:00.705+0000] {processor.py:161} INFO - Started process (PID=2142) to work on /opt/airflow/dags/hello.py
[2026-03-05T14:40:00.707+0000] {processor.py:830} INFO - Processing file /opt/airflow/dags/hello.py for tasks to queue
[2026-03-05T14:40:00.708+0000] {logging_mixin.py:188} INFO - [2026-03-05T14:40:00.708+0000] {dagbag.py:545} INFO - Filling up the DagBag from /opt/airflow/dags/hello.py
[2026-03-05T14:40:00.726+0000] {processor.py:840} INFO - DAG(s) 'my_dag' retrieved from /opt/airflow/dags/hello.py
[2026-03-05T14:40:00.747+0000] {logging_mixin.py:188} INFO - [2026-03-05T14:40:00.747+0000] {dag.py:3089} INFO - Sync 1 DAGs
[2026-03-05T14:40:00.762+0000] {logging_mixin.py:188} INFO - [2026-03-05T14:40:00.761+0000] {dag.py:3947} INFO - Setting next_dagrun for my_dag to None, run_after=None
[2026-03-05T14:40:00.782+0000] {processor.py:183} INFO - Processing /opt/airflow/dags/hello.py took 0.084 seconds
[2026-03-05T14:40:31.558+0000] {processor.py:161} INFO - Started process (PID=2201) to work on /opt/airflow/dags/hello.py
[2026-03-05T14:40:31.560+0000] {processor.py:830} INFO - Processing file /opt/airflow/dags/hello.py for tasks to queue
[2026-03-05T14:40:31.562+0000] {logging_mixin.py:188} INFO - [2026-03-05T14:40:31.562+0000] {dagbag.py:545} INFO - Filling up the DagBag from /opt/airflow/dags/hello.py
[2026-03-05T14:40:31.597+0000] {processor.py:840} INFO - DAG(s) 'my_dag' retrieved from /opt/airflow/dags/hello.py
[2026-03-05T14:40:31.613+0000] {logging_mixin.py:188} INFO - [2026-03-05T14:40:31.613+0000] {dag.py:3089} INFO - Sync 1 DAGs
[2026-03-05T14:40:31.624+0000] {logging_mixin.py:188} INFO - [2026-03-05T14:40:31.624+0000] {dag.py:3947} INFO - Setting next_dagrun for my_dag to None, run_after=None
[2026-03-05T14:40:31.647+0000] {processor.py:183} INFO - Processing /opt/airflow/dags/hello.py took 0.097 seconds
[2026-03-05T14:41:02.072+0000] {processor.py:161} INFO - Started process (PID=2260) to work on /opt/airflow/dags/hello.py
[2026-03-05T14:41:02.073+0000] {processor.py:830} INFO - Processing file /opt/airflow/dags/hello.py for tasks to queue
[2026-03-05T14:41:02.075+0000] {logging_mixin.py:188} INFO - [2026-03-05T14:41:02.075+0000] {dagbag.py:545} INFO - Filling up the DagBag from /opt/airflow/dags/hello.py
[2026-03-05T14:41:02.126+0000] {processor.py:840} INFO - DAG(s) 'my_dag' retrieved from /opt/airflow/dags/hello.py
[2026-03-05T14:41:02.146+0000] {logging_mixin.py:188} INFO - [2026-03-05T14:41:02.145+0000] {dag.py:3089} INFO - Sync 1 DAGs
[2026-03-05T14:41:02.157+0000] {logging_mixin.py:188} INFO - [2026-03-05T14:41:02.157+0000] {dag.py:3947} INFO - Setting next_dagrun for my_dag to None, run_after=None
[2026-03-05T14:41:02.189+0000] {processor.py:183} INFO - Processing /opt/airflow/dags/hello.py took 0.129 seconds
[2026-03-05T14:41:32.528+0000] {processor.py:161} INFO - Started process (PID=2318) to work on /opt/airflow/dags/hello.py
[2026-03-05T14:41:32.529+0000] {processor.py:830} INFO - Processing file /opt/airflow/dags/hello.py for tasks to queue
[2026-03-05T14:41:32.531+0000] {logging_mixin.py:188} INFO - [2026-03-05T14:41:32.531+0000] {dagbag.py:545} INFO - Filling up the DagBag from /opt/airflow/dags/hello.py
[2026-03-05T14:41:32.548+0000] {processor.py:840} INFO - DAG(s) 'my_dag' retrieved from /opt/airflow/dags/hello.py
[2026-03-05T14:41:32.564+0000] {logging_mixin.py:188} INFO - [2026-03-05T14:41:32.563+0000] {dag.py:3089} INFO - Sync 1 DAGs
[2026-03-05T14:41:32.576+0000] {logging_mixin.py:188} INFO - [2026-03-05T14:41:32.576+0000] {dag.py:3947} INFO - Setting next_dagrun for my_dag to None, run_after=None
[2026-03-05T14:41:32.598+0000] {processor.py:183} INFO - Processing /opt/airflow/dags/hello.py took 0.075 seconds
[2026-03-05T14:42:03.528+0000] {processor.py:161} INFO - Started process (PID=2376) to work on /opt/airflow/dags/hello.py
[2026-03-05T14:42:03.530+0000] {processor.py:830} INFO - Processing file /opt/airflow/dags/hello.py for tasks to queue
[2026-03-05T14:42:03.532+0000] {logging_mixin.py:188} INFO - [2026-03-05T14:42:03.532+0000] {dagbag.py:545} INFO - Filling up the DagBag from /opt/airflow/dags/hello.py
[2026-03-05T14:42:03.567+0000] {processor.py:840} INFO - DAG(s) 'my_dag' retrieved from /opt/airflow/dags/hello.py
[2026-03-05T14:42:03.583+0000] {logging_mixin.py:188} INFO - [2026-03-05T14:42:03.583+0000] {dag.py:3089} INFO - Sync 1 DAGs
[2026-03-05T14:42:03.594+0000] {logging_mixin.py:188} INFO - [2026-03-05T14:42:03.594+0000] {dag.py:3947} INFO - Setting next_dagrun for my_dag to None, run_after=None
[2026-03-05T14:42:03.614+0000] {processor.py:183} INFO - Processing /opt/airflow/dags/hello.py took 0.092 seconds
[2026-03-05T14:42:33.717+0000] {processor.py:161} INFO - Started process (PID=2435) to work on /opt/airflow/dags/hello.py
[2026-03-05T14:42:33.718+0000] {processor.py:830} INFO - Processing file /opt/airflow/dags/hello.py for tasks to queue
[2026-03-05T14:42:33.721+0000] {logging_mixin.py:188} INFO - [2026-03-05T14:42:33.721+0000] {dagbag.py:545} INFO - Filling up the DagBag from /opt/airflow/dags/hello.py
[2026-03-05T14:42:33.740+0000] {processor.py:840} INFO - DAG(s) 'my_dag' retrieved from /opt/airflow/dags/hello.py
[2026-03-05T14:42:33.757+0000] {logging_mixin.py:188} INFO - [2026-03-05T14:42:33.757+0000] {dag.py:3089} INFO - Sync 1 DAGs
[2026-03-05T14:42:33.771+0000] {logging_mixin.py:188} INFO - [2026-03-05T14:42:33.771+0000] {dag.py:3947} INFO - Setting next_dagrun for my_dag to None, run_after=None
[2026-03-05T14:42:33.796+0000] {processor.py:183} INFO - Processing /opt/airflow/dags/hello.py took 0.085 seconds
[2026-03-05T14:43:04.081+0000] {processor.py:161} INFO - Started process (PID=2494) to work on /opt/airflow/dags/hello.py
[2026-03-05T14:43:04.083+0000] {processor.py:830} INFO - Processing file /opt/airflow/dags/hello.py for tasks to queue
[2026-03-05T14:43:04.085+0000] {logging_mixin.py:188} INFO - [2026-03-05T14:43:04.085+0000] {dagbag.py:545} INFO - Filling up the DagBag from /opt/airflow/dags/hello.py
[2026-03-05T14:43:04.117+0000] {processor.py:840} INFO - DAG(s) 'my_dag' retrieved from /opt/airflow/dags/hello.py
[2026-03-05T14:43:04.133+0000] {logging_mixin.py:188} INFO - [2026-03-05T14:43:04.133+0000] {dag.py:3089} INFO - Sync 1 DAGs
[2026-03-05T14:43:04.147+0000] {logging_mixin.py:188} INFO - [2026-03-05T14:43:04.147+0000] {dag.py:3947} INFO - Setting next_dagrun for my_dag to None, run_after=None
[2026-03-05T14:43:04.170+0000] {processor.py:183} INFO - Processing /opt/airflow/dags/hello.py took 0.094 seconds
[2026-03-05T14:43:34.284+0000] {processor.py:161} INFO - Started process (PID=2553) to work on /opt/airflow/dags/hello.py
[2026-03-05T14:43:34.285+0000] {processor.py:830} INFO - Processing file /opt/airflow/dags/hello.py for tasks to queue
[2026-03-05T14:43:34.287+0000] {logging_mixin.py:188} INFO - [2026-03-05T14:43:34.286+0000] {dagbag.py:545} INFO - Filling up the DagBag from /opt/airflow/dags/hello.py
[2026-03-05T14:43:34.300+0000] {processor.py:840} INFO - DAG(s) 'my_dag' retrieved from /opt/airflow/dags/hello.py
[2026-03-05T14:43:34.315+0000] {logging_mixin.py:188} INFO - [2026-03-05T14:43:34.315+0000] {dag.py:3089} INFO - Sync 1 DAGs
[2026-03-05T14:43:34.326+0000] {logging_mixin.py:188} INFO - [2026-03-05T14:43:34.325+0000] {dag.py:3947} INFO - Setting next_dagrun for my_dag to None, run_after=None
[2026-03-05T14:43:34.348+0000] {processor.py:183} INFO - Processing /opt/airflow/dags/hello.py took 0.070 seconds
[2026-03-05T14:44:04.712+0000] {processor.py:161} INFO - Started process (PID=2611) to work on /opt/airflow/dags/hello.py
[2026-03-05T14:44:04.716+0000] {processor.py:830} INFO - Processing file /opt/airflow/dags/hello.py for tasks to queue
[2026-03-05T14:44:04.718+0000] {logging_mixin.py:188} INFO - [2026-03-05T14:44:04.718+0000] {dagbag.py:545} INFO - Filling up the DagBag from /opt/airflow/dags/hello.py
[2026-03-05T14:44:04.763+0000] {processor.py:840} INFO - DAG(s) 'my_dag' retrieved from /opt/airflow/dags/hello.py
[2026-03-05T14:44:04.786+0000] {logging_mixin.py:188} INFO - [2026-03-05T14:44:04.785+0000] {dag.py:3089} INFO - Sync 1 DAGs
[2026-03-05T14:44:04.801+0000] {logging_mixin.py:188} INFO - [2026-03-05T14:44:04.801+0000] {dag.py:3947} INFO - Setting next_dagrun for my_dag to None, run_after=None
[2026-03-05T14:44:04.827+0000] {processor.py:183} INFO - Processing /opt/airflow/dags/hello.py took 0.122 seconds
[2026-03-05T14:44:35.527+0000] {processor.py:161} INFO - Started process (PID=2670) to work on /opt/airflow/dags/hello.py
[2026-03-05T14:44:35.529+0000] {processor.py:830} INFO - Processing file /opt/airflow/dags/hello.py for tasks to queue
[2026-03-05T14:44:35.531+0000] {logging_mixin.py:188} INFO - [2026-03-05T14:44:35.531+0000] {dagbag.py:545} INFO - Filling up the DagBag from /opt/airflow/dags/hello.py
[2026-03-05T14:44:35.554+0000] {processor.py:840} INFO - DAG(s) 'my_dag' retrieved from /opt/airflow/dags/hello.py
[2026-03-05T14:44:35.570+0000] {logging_mixin.py:188} INFO - [2026-03-05T14:44:35.570+0000] {dag.py:3089} INFO - Sync 1 DAGs
[2026-03-05T14:44:35.583+0000] {logging_mixin.py:188} INFO - [2026-03-05T14:44:35.583+0000] {dag.py:3947} INFO - Setting next_dagrun for my_dag to None, run_after=None
[2026-03-05T14:44:35.605+0000] {processor.py:183} INFO - Processing /opt/airflow/dags/hello.py took 0.083 seconds
[2026-03-05T14:45:06.532+0000] {processor.py:161} INFO - Started process (PID=2729) to work on /opt/airflow/dags/hello.py
[2026-03-05T14:45:06.533+0000] {processor.py:830} INFO - Processing file /opt/airflow/dags/hello.py for tasks to queue
[2026-03-05T14:45:06.535+0000] {logging_mixin.py:188} INFO - [2026-03-05T14:45:06.535+0000] {dagbag.py:545} INFO - Filling up the DagBag from /opt/airflow/dags/hello.py
[2026-03-05T14:45:06.558+0000] {processor.py:840} INFO - DAG(s) 'my_dag' retrieved from /opt/airflow/dags/hello.py
[2026-03-05T14:45:06.575+0000] {logging_mixin.py:188} INFO - [2026-03-05T14:45:06.574+0000] {dag.py:3089} INFO - Sync 1 DAGs
[2026-03-05T14:45:06.587+0000] {logging_mixin.py:188} INFO - [2026-03-05T14:45:06.586+0000] {dag.py:3947} INFO - Setting next_dagrun for my_dag to None, run_after=None
[2026-03-05T14:45:06.605+0000] {processor.py:183} INFO - Processing /opt/airflow/dags/hello.py took 0.079 seconds
[2026-03-05T14:45:37.529+0000] {processor.py:161} INFO - Started process (PID=2788) to work on /opt/airflow/dags/hello.py
[2026-03-05T14:45:37.530+0000] {processor.py:830} INFO - Processing file /opt/airflow/dags/hello.py for tasks to queue
[2026-03-05T14:45:37.531+0000] {logging_mixin.py:188} INFO - [2026-03-05T14:45:37.531+0000] {dagbag.py:545} INFO - Filling up the DagBag from /opt/airflow/dags/hello.py
[2026-03-05T14:45:37.544+0000] {processor.py:840} INFO - DAG(s) 'my_dag' retrieved from /opt/airflow/dags/hello.py
[2026-03-05T14:45:37.559+0000] {logging_mixin.py:188} INFO - [2026-03-05T14:45:37.559+0000] {dag.py:3089} INFO - Sync 1 DAGs
[2026-03-05T14:45:37.570+0000] {logging_mixin.py:188} INFO - [2026-03-05T14:45:37.570+0000] {dag.py:3947} INFO - Setting next_dagrun for my_dag to None, run_after=None
[2026-03-05T14:45:37.594+0000] {processor.py:183} INFO - Processing /opt/airflow/dags/hello.py took 0.070 seconds
[2026-03-05T14:46:08.527+0000] {processor.py:161} INFO - Started process (PID=2847) to work on /opt/airflow/dags/hello.py
[2026-03-05T14:46:08.528+0000] {processor.py:830} INFO - Processing file /opt/airflow/dags/hello.py for tasks to queue
[2026-03-05T14:46:08.530+0000] {logging_mixin.py:188} INFO - [2026-03-05T14:46:08.530+0000] {dagbag.py:545} INFO - Filling up the DagBag from /opt/airflow/dags/hello.py
[2026-03-05T14:46:08.572+0000] {processor.py:840} INFO - DAG(s) 'my_dag' retrieved from /opt/airflow/dags/hello.py
[2026-03-05T14:46:08.592+0000] {logging_mixin.py:188} INFO - [2026-03-05T14:46:08.592+0000] {dag.py:3089} INFO - Sync 1 DAGs
[2026-03-05T14:46:08.605+0000] {logging_mixin.py:188} INFO - [2026-03-05T14:46:08.605+0000] {dag.py:3947} INFO - Setting next_dagrun for my_dag to None, run_after=None
[2026-03-05T14:46:08.635+0000] {processor.py:183} INFO - Processing /opt/airflow/dags/hello.py took 0.113 seconds
[2026-03-05T14:46:38.812+0000] {processor.py:161} INFO - Started process (PID=2906) to work on /opt/airflow/dags/hello.py
[2026-03-05T14:46:38.814+0000] {processor.py:830} INFO - Processing file /opt/airflow/dags/hello.py for tasks to queue
[2026-03-05T14:46:38.817+0000] {logging_mixin.py:188} INFO - [2026-03-05T14:46:38.816+0000] {dagbag.py:545} INFO - Filling up the DagBag from /opt/airflow/dags/hello.py
[2026-03-05T14:46:38.848+0000] {processor.py:840} INFO - DAG(s) 'my_dag' retrieved from /opt/airflow/dags/hello.py
[2026-03-05T14:46:38.862+0000] {logging_mixin.py:188} INFO - [2026-03-05T14:46:38.862+0000] {dag.py:3089} INFO - Sync 1 DAGs
[2026-03-05T14:46:38.872+0000] {logging_mixin.py:188} INFO - [2026-03-05T14:46:38.872+0000] {dag.py:3947} INFO - Setting next_dagrun for my_dag to None, run_after=None
[2026-03-05T14:46:38.894+0000] {processor.py:183} INFO - Processing /opt/airflow/dags/hello.py took 0.091 seconds
[2026-03-05T14:47:09.330+0000] {processor.py:161} INFO - Started process (PID=2965) to work on /opt/airflow/dags/hello.py
[2026-03-05T14:47:09.331+0000] {processor.py:830} INFO - Processing file /opt/airflow/dags/hello.py for tasks to queue
[2026-03-05T14:47:09.333+0000] {logging_mixin.py:188} INFO - [2026-03-05T14:47:09.333+0000] {dagbag.py:545} INFO - Filling up the DagBag from /opt/airflow/dags/hello.py
[2026-03-05T14:47:09.349+0000] {processor.py:840} INFO - DAG(s) 'my_dag' retrieved from /opt/airflow/dags/hello.py
[2026-03-05T14:47:09.367+0000] {logging_mixin.py:188} INFO - [2026-03-05T14:47:09.366+0000] {dag.py:3089} INFO - Sync 1 DAGs
[2026-03-05T14:47:09.377+0000] {logging_mixin.py:188} INFO - [2026-03-05T14:47:09.377+0000] {dag.py:3947} INFO - Setting next_dagrun for my_dag to None, run_after=None
[2026-03-05T14:47:09.405+0000] {processor.py:183} INFO - Processing /opt/airflow/dags/hello.py took 0.080 seconds
[2026-03-05T14:47:40.111+0000] {processor.py:161} INFO - Started process (PID=3024) to work on /opt/airflow/dags/hello.py
[2026-03-05T14:47:40.112+0000] {processor.py:830} INFO - Processing file /opt/airflow/dags/hello.py for tasks to queue
[2026-03-05T14:47:40.114+0000] {logging_mixin.py:188} INFO - [2026-03-05T14:47:40.114+0000] {dagbag.py:545} INFO - Filling up the DagBag from /opt/airflow/dags/hello.py
[2026-03-05T14:47:40.127+0000] {processor.py:840} INFO - DAG(s) 'my_dag' retrieved from /opt/airflow/dags/hello.py
[2026-03-05T14:47:40.143+0000] {logging_mixin.py:188} INFO - [2026-03-05T14:47:40.142+0000] {dag.py:3089} INFO - Sync 1 DAGs
[2026-03-05T14:47:40.153+0000] {logging_mixin.py:188} INFO - [2026-03-05T14:47:40.153+0000] {dag.py:3947} INFO - Setting next_dagrun for my_dag to None, run_after=None
[2026-03-05T14:47:40.177+0000] {processor.py:183} INFO - Processing /opt/airflow/dags/hello.py took 0.071 seconds
[2026-03-05T14:48:10.484+0000] {processor.py:161} INFO - Started process (PID=3083) to work on /opt/airflow/dags/hello.py
[2026-03-05T14:48:10.485+0000] {processor.py:830} INFO - Processing file /opt/airflow/dags/hello.py for tasks to queue
[2026-03-05T14:48:10.487+0000] {logging_mixin.py:188} INFO - [2026-03-05T14:48:10.486+0000] {dagbag.py:545} INFO - Filling up the DagBag from /opt/airflow/dags/hello.py
[2026-03-05T14:48:10.500+0000] {processor.py:840} INFO - DAG(s) 'my_dag' retrieved from /opt/airflow/dags/hello.py
[2026-03-05T14:48:10.515+0000] {logging_mixin.py:188} INFO - [2026-03-05T14:48:10.514+0000] {dag.py:3089} INFO - Sync 1 DAGs
[2026-03-05T14:48:10.525+0000] {logging_mixin.py:188} INFO - [2026-03-05T14:48:10.525+0000] {dag.py:3947} INFO - Setting next_dagrun for my_dag to None, run_after=None
[2026-03-05T14:48:10.549+0000] {processor.py:183} INFO - Processing /opt/airflow/dags/hello.py took 0.073 seconds
[2026-03-05T14:48:41.192+0000] {processor.py:161} INFO - Started process (PID=3142) to work on /opt/airflow/dags/hello.py
[2026-03-05T14:48:41.193+0000] {processor.py:830} INFO - Processing file /opt/airflow/dags/hello.py for tasks to queue
[2026-03-05T14:48:41.195+0000] {logging_mixin.py:188} INFO - [2026-03-05T14:48:41.194+0000] {dagbag.py:545} INFO - Filling up the DagBag from /opt/airflow/dags/hello.py
[2026-03-05T14:48:41.209+0000] {processor.py:840} INFO - DAG(s) 'my_dag' retrieved from /opt/airflow/dags/hello.py
[2026-03-05T14:48:41.224+0000] {logging_mixin.py:188} INFO - [2026-03-05T14:48:41.224+0000] {dag.py:3089} INFO - Sync 1 DAGs
[2026-03-05T14:48:41.236+0000] {logging_mixin.py:188} INFO - [2026-03-05T14:48:41.236+0000] {dag.py:3947} INFO - Setting next_dagrun for my_dag to None, run_after=None
[2026-03-05T14:48:41.259+0000] {processor.py:183} INFO - Processing /opt/airflow/dags/hello.py took 0.073 seconds
[2026-03-05T14:49:11.845+0000] {processor.py:161} INFO - Started process (PID=3201) to work on /opt/airflow/dags/hello.py
[2026-03-05T14:49:11.846+0000] {processor.py:830} INFO - Processing file /opt/airflow/dags/hello.py for tasks to queue
[2026-03-05T14:49:11.847+0000] {logging_mixin.py:188} INFO - [2026-03-05T14:49:11.847+0000] {dagbag.py:545} INFO - Filling up the DagBag from /opt/airflow/dags/hello.py
[2026-03-05T14:49:11.868+0000] {processor.py:840} INFO - DAG(s) 'my_dag' retrieved from /opt/airflow/dags/hello.py
[2026-03-05T14:49:11.884+0000] {logging_mixin.py:188} INFO - [2026-03-05T14:49:11.883+0000] {dag.py:3089} INFO - Sync 1 DAGs
[2026-03-05T14:49:11.895+0000] {logging_mixin.py:188} INFO - [2026-03-05T14:49:11.895+0000] {dag.py:3947} INFO - Setting next_dagrun for my_dag to None, run_after=None
[2026-03-05T14:49:11.919+0000] {processor.py:183} INFO - Processing /opt/airflow/dags/hello.py took 0.079 seconds
[2026-03-05T14:49:42.928+0000] {processor.py:161} INFO - Started process (PID=3260) to work on /opt/airflow/dags/hello.py
[2026-03-05T14:49:42.930+0000] {processor.py:830} INFO - Processing file /opt/airflow/dags/hello.py for tasks to queue
[2026-03-05T14:49:42.934+0000] {logging_mixin.py:188} INFO - [2026-03-05T14:49:42.934+0000] {dagbag.py:545} INFO - Filling up the DagBag from /opt/airflow/dags/hello.py
[2026-03-05T14:49:42.958+0000] {processor.py:840} INFO - DAG(s) 'my_dag' retrieved from /opt/airflow/dags/hello.py
[2026-03-05T14:49:42.986+0000] {logging_mixin.py:188} INFO - [2026-03-05T14:49:42.985+0000] {dag.py:3089} INFO - Sync 1 DAGs
[2026-03-05T14:49:43.002+0000] {logging_mixin.py:188} INFO - [2026-03-05T14:49:43.002+0000] {dag.py:3947} INFO - Setting next_dagrun for my_dag to None, run_after=None
[2026-03-05T14:49:43.033+0000] {processor.py:183} INFO - Processing /opt/airflow/dags/hello.py took 0.112 seconds
[2026-03-05T14:50:13.216+0000] {processor.py:161} INFO - Started process (PID=3319) to work on /opt/airflow/dags/hello.py
[2026-03-05T14:50:13.219+0000] {processor.py:830} INFO - Processing file /opt/airflow/dags/hello.py for tasks to queue
[2026-03-05T14:50:13.223+0000] {logging_mixin.py:188} INFO - [2026-03-05T14:50:13.222+0000] {dagbag.py:545} INFO - Filling up the DagBag from /opt/airflow/dags/hello.py
[2026-03-05T14:50:13.257+0000] {processor.py:840} INFO - DAG(s) 'my_dag' retrieved from /opt/airflow/dags/hello.py
[2026-03-05T14:50:13.279+0000] {logging_mixin.py:188} INFO - [2026-03-05T14:50:13.279+0000] {dag.py:3089} INFO - Sync 1 DAGs
[2026-03-05T14:50:13.290+0000] {logging_mixin.py:188} INFO - [2026-03-05T14:50:13.290+0000] {dag.py:3947} INFO - Setting next_dagrun for my_dag to None, run_after=None
[2026-03-05T14:50:13.316+0000] {processor.py:183} INFO - Processing /opt/airflow/dags/hello.py took 0.146 seconds
[2026-03-05T14:50:43.587+0000] {processor.py:161} INFO - Started process (PID=3378) to work on /opt/airflow/dags/hello.py
[2026-03-05T14:50:43.588+0000] {processor.py:830} INFO - Processing file /opt/airflow/dags/hello.py for tasks to queue
[2026-03-05T14:50:43.590+0000] {logging_mixin.py:188} INFO - [2026-03-05T14:50:43.589+0000] {dagbag.py:545} INFO - Filling up the DagBag from /opt/airflow/dags/hello.py
[2026-03-05T14:50:43.605+0000] {processor.py:840} INFO - DAG(s) 'my_dag' retrieved from /opt/airflow/dags/hello.py
[2026-03-05T14:50:43.620+0000] {logging_mixin.py:188} INFO - [2026-03-05T14:50:43.620+0000] {dag.py:3089} INFO - Sync 1 DAGs
[2026-03-05T14:50:43.632+0000] {logging_mixin.py:188} INFO - [2026-03-05T14:50:43.632+0000] {dag.py:3947} INFO - Setting next_dagrun for my_dag to None, run_after=None
[2026-03-05T14:50:43.655+0000] {processor.py:183} INFO - Processing /opt/airflow/dags/hello.py took 0.075 seconds
[2026-03-05T14:51:14.363+0000] {processor.py:161} INFO - Started process (PID=3437) to work on /opt/airflow/dags/hello.py
[2026-03-05T14:51:14.365+0000] {processor.py:830} INFO - Processing file /opt/airflow/dags/hello.py for tasks to queue
[2026-03-05T14:51:14.369+0000] {logging_mixin.py:188} INFO - [2026-03-05T14:51:14.369+0000] {dagbag.py:545} INFO - Filling up the DagBag from /opt/airflow/dags/hello.py
[2026-03-05T14:51:14.393+0000] {processor.py:840} INFO - DAG(s) 'my_dag' retrieved from /opt/airflow/dags/hello.py
[2026-03-05T14:51:14.407+0000] {logging_mixin.py:188} INFO - [2026-03-05T14:51:14.407+0000] {dag.py:3089} INFO - Sync 1 DAGs
[2026-03-05T14:51:14.418+0000] {logging_mixin.py:188} INFO - [2026-03-05T14:51:14.417+0000] {dag.py:3947} INFO - Setting next_dagrun for my_dag to None, run_after=None
[2026-03-05T14:51:14.438+0000] {processor.py:183} INFO - Processing /opt/airflow/dags/hello.py took 0.086 seconds
[2026-03-05T14:51:44.828+0000] {processor.py:161} INFO - Started process (PID=3496) to work on /opt/airflow/dags/hello.py
[2026-03-05T14:51:44.829+0000] {processor.py:830} INFO - Processing file /opt/airflow/dags/hello.py for tasks to queue
[2026-03-05T14:51:44.831+0000] {logging_mixin.py:188} INFO - [2026-03-05T14:51:44.830+0000] {dagbag.py:545} INFO - Filling up the DagBag from /opt/airflow/dags/hello.py
[2026-03-05T14:51:44.845+0000] {processor.py:840} INFO - DAG(s) 'my_dag' retrieved from /opt/airflow/dags/hello.py
[2026-03-05T14:51:44.862+0000] {logging_mixin.py:188} INFO - [2026-03-05T14:51:44.861+0000] {dag.py:3089} INFO - Sync 1 DAGs
[2026-03-05T14:51:44.873+0000] {logging_mixin.py:188} INFO - [2026-03-05T14:51:44.873+0000] {dag.py:3947} INFO - Setting next_dagrun for my_dag to None, run_after=None
[2026-03-05T14:51:44.898+0000] {processor.py:183} INFO - Processing /opt/airflow/dags/hello.py took 0.075 seconds
[2026-03-05T14:52:15.643+0000] {processor.py:161} INFO - Started process (PID=3555) to work on /opt/airflow/dags/hello.py
[2026-03-05T14:52:15.644+0000] {processor.py:830} INFO - Processing file /opt/airflow/dags/hello.py for tasks to queue
[2026-03-05T14:52:15.647+0000] {logging_mixin.py:188} INFO - [2026-03-05T14:52:15.646+0000] {dagbag.py:545} INFO - Filling up the DagBag from /opt/airflow/dags/hello.py
[2026-03-05T14:52:15.660+0000] {processor.py:840} INFO - DAG(s) 'my_dag' retrieved from /opt/airflow/dags/hello.py
[2026-03-05T14:52:15.678+0000] {logging_mixin.py:188} INFO - [2026-03-05T14:52:15.678+0000] {dag.py:3089} INFO - Sync 1 DAGs
[2026-03-05T14:52:15.690+0000] {logging_mixin.py:188} INFO - [2026-03-05T14:52:15.690+0000] {dag.py:3947} INFO - Setting next_dagrun for my_dag to None, run_after=None
[2026-03-05T14:52:15.717+0000] {processor.py:183} INFO - Processing /opt/airflow/dags/hello.py took 0.079 seconds
[2026-03-05T14:52:45.855+0000] {processor.py:161} INFO - Started process (PID=3614) to work on /opt/airflow/dags/hello.py
[2026-03-05T14:52:45.856+0000] {processor.py:830} INFO - Processing file /opt/airflow/dags/hello.py for tasks to queue
[2026-03-05T14:52:45.858+0000] {logging_mixin.py:188} INFO - [2026-03-05T14:52:45.857+0000] {dagbag.py:545} INFO - Filling up the DagBag from /opt/airflow/dags/hello.py
[2026-03-05T14:52:45.898+0000] {processor.py:840} INFO - DAG(s) 'my_dag' retrieved from /opt/airflow/dags/hello.py
[2026-03-05T14:52:45.920+0000] {logging_mixin.py:188} INFO - [2026-03-05T14:52:45.919+0000] {dag.py:3089} INFO - Sync 1 DAGs
[2026-03-05T14:52:45.933+0000] {logging_mixin.py:188} INFO - [2026-03-05T14:52:45.932+0000] {dag.py:3947} INFO - Setting next_dagrun for my_dag to None, run_after=None
[2026-03-05T14:52:45.955+0000] {processor.py:183} INFO - Processing /opt/airflow/dags/hello.py took 0.106 seconds
[2026-03-05T14:53:16.059+0000] {processor.py:161} INFO - Started process (PID=3673) to work on /opt/airflow/dags/hello.py
[2026-03-05T14:53:16.061+0000] {processor.py:830} INFO - Processing file /opt/airflow/dags/hello.py for tasks to queue
[2026-03-05T14:53:16.063+0000] {logging_mixin.py:188} INFO - [2026-03-05T14:53:16.062+0000] {dagbag.py:545} INFO - Filling up the DagBag from /opt/airflow/dags/hello.py
[2026-03-05T14:53:16.077+0000] {processor.py:840} INFO - DAG(s) 'my_dag' retrieved from /opt/airflow/dags/hello.py
[2026-03-05T14:53:16.096+0000] {logging_mixin.py:188} INFO - [2026-03-05T14:53:16.096+0000] {dag.py:3089} INFO - Sync 1 DAGs
[2026-03-05T14:53:16.108+0000] {logging_mixin.py:188} INFO - [2026-03-05T14:53:16.108+0000] {dag.py:3947} INFO - Setting next_dagrun for my_dag to None, run_after=None
[2026-03-05T14:53:16.132+0000] {processor.py:183} INFO - Processing /opt/airflow/dags/hello.py took 0.078 seconds
[2026-03-05T14:53:46.467+0000] {processor.py:161} INFO - Started process (PID=3732) to work on /opt/airflow/dags/hello.py
[2026-03-05T14:53:46.469+0000] {processor.py:830} INFO - Processing file /opt/airflow/dags/hello.py for tasks to queue
[2026-03-05T14:53:46.471+0000] {logging_mixin.py:188} INFO - [2026-03-05T14:53:46.471+0000] {dagbag.py:545} INFO - Filling up the DagBag from /opt/airflow/dags/hello.py
[2026-03-05T14:53:46.511+0000] {processor.py:840} INFO - DAG(s) 'my_dag' retrieved from /opt/airflow/dags/hello.py
[2026-03-05T14:53:46.533+0000] {logging_mixin.py:188} INFO - [2026-03-05T14:53:46.532+0000] {dag.py:3089} INFO - Sync 1 DAGs
[2026-03-05T14:53:46.546+0000] {logging_mixin.py:188} INFO - [2026-03-05T14:53:46.545+0000] {dag.py:3947} INFO - Setting next_dagrun for my_dag to None, run_after=None
[2026-03-05T14:53:46.600+0000] {processor.py:183} INFO - Processing /opt/airflow/dags/hello.py took 0.144 seconds
[2026-03-05T14:54:17.328+0000] {processor.py:161} INFO - Started process (PID=3791) to work on /opt/airflow/dags/hello.py
[2026-03-05T14:54:17.329+0000] {processor.py:830} INFO - Processing file /opt/airflow/dags/hello.py for tasks to queue
[2026-03-05T14:54:17.331+0000] {logging_mixin.py:188} INFO - [2026-03-05T14:54:17.331+0000] {dagbag.py:545} INFO - Filling up the DagBag from /opt/airflow/dags/hello.py
[2026-03-05T14:54:17.347+0000] {processor.py:840} INFO - DAG(s) 'my_dag' retrieved from /opt/airflow/dags/hello.py
[2026-03-05T14:54:17.363+0000] {logging_mixin.py:188} INFO - [2026-03-05T14:54:17.363+0000] {dag.py:3089} INFO - Sync 1 DAGs
[2026-03-05T14:54:17.374+0000] {logging_mixin.py:188} INFO - [2026-03-05T14:54:17.373+0000] {dag.py:3947} INFO - Setting next_dagrun for my_dag to None, run_after=None
[2026-03-05T14:54:17.398+0000] {processor.py:183} INFO - Processing /opt/airflow/dags/hello.py took 0.076 seconds
[2026-03-05T14:54:47.896+0000] {processor.py:161} INFO - Started process (PID=3850) to work on /opt/airflow/dags/hello.py
[2026-03-05T14:54:47.897+0000] {processor.py:830} INFO - Processing file /opt/airflow/dags/hello.py for tasks to queue
[2026-03-05T14:54:47.899+0000] {logging_mixin.py:188} INFO - [2026-03-05T14:54:47.898+0000] {dagbag.py:545} INFO - Filling up the DagBag from /opt/airflow/dags/hello.py
[2026-03-05T14:54:47.911+0000] {processor.py:840} INFO - DAG(s) 'my_dag' retrieved from /opt/airflow/dags/hello.py
[2026-03-05T14:54:47.927+0000] {logging_mixin.py:188} INFO - [2026-03-05T14:54:47.927+0000] {dag.py:3089} INFO - Sync 1 DAGs
[2026-03-05T14:54:47.938+0000] {logging_mixin.py:188} INFO - [2026-03-05T14:54:47.937+0000] {dag.py:3947} INFO - Setting next_dagrun for my_dag to None, run_after=None
[2026-03-05T14:54:47.962+0000] {processor.py:183} INFO - Processing /opt/airflow/dags/hello.py took 0.073 seconds
[2026-03-05T14:55:18.601+0000] {processor.py:161} INFO - Started process (PID=3909) to work on /opt/airflow/dags/hello.py
[2026-03-05T14:55:18.602+0000] {processor.py:830} INFO - Processing file /opt/airflow/dags/hello.py for tasks to queue
[2026-03-05T14:55:18.604+0000] {logging_mixin.py:188} INFO - [2026-03-05T14:55:18.604+0000] {dagbag.py:545} INFO - Filling up the DagBag from /opt/airflow/dags/hello.py
[2026-03-05T14:55:18.619+0000] {processor.py:840} INFO - DAG(s) 'my_dag' retrieved from /opt/airflow/dags/hello.py
[2026-03-05T14:55:18.637+0000] {logging_mixin.py:188} INFO - [2026-03-05T14:55:18.637+0000] {dag.py:3089} INFO - Sync 1 DAGs
[2026-03-05T14:55:18.648+0000] {logging_mixin.py:188} INFO - [2026-03-05T14:55:18.648+0000] {dag.py:3947} INFO - Setting next_dagrun for my_dag to None, run_after=None
[2026-03-05T14:55:18.672+0000] {processor.py:183} INFO - Processing /opt/airflow/dags/hello.py took 0.078 seconds
[2026-03-05T14:55:49.300+0000] {processor.py:161} INFO - Started process (PID=3968) to work on /opt/airflow/dags/hello.py
[2026-03-05T14:55:49.302+0000] {processor.py:830} INFO - Processing file /opt/airflow/dags/hello.py for tasks to queue
[2026-03-05T14:55:49.305+0000] {logging_mixin.py:188} INFO - [2026-03-05T14:55:49.305+0000] {dagbag.py:545} INFO - Filling up the DagBag from /opt/airflow/dags/hello.py
[2026-03-05T14:55:49.351+0000] {processor.py:840} INFO - DAG(s) 'my_dag' retrieved from /opt/airflow/dags/hello.py
[2026-03-05T14:55:49.365+0000] {logging_mixin.py:188} INFO - [2026-03-05T14:55:49.364+0000] {dag.py:3089} INFO - Sync 1 DAGs
[2026-03-05T14:55:49.375+0000] {logging_mixin.py:188} INFO - [2026-03-05T14:55:49.375+0000] {dag.py:3947} INFO - Setting next_dagrun for my_dag to None, run_after=None
[2026-03-05T14:55:49.397+0000] {processor.py:183} INFO - Processing /opt/airflow/dags/hello.py took 0.104 seconds
[2026-03-05T14:56:19.628+0000] {processor.py:161} INFO - Started process (PID=4027) to work on /opt/airflow/dags/hello.py
[2026-03-05T14:56:19.629+0000] {processor.py:830} INFO - Processing file /opt/airflow/dags/hello.py for tasks to queue
[2026-03-05T14:56:19.632+0000] {logging_mixin.py:188} INFO - [2026-03-05T14:56:19.632+0000] {dagbag.py:545} INFO - Filling up the DagBag from /opt/airflow/dags/hello.py
[2026-03-05T14:56:19.649+0000] {processor.py:840} INFO - DAG(s) 'my_dag' retrieved from /opt/airflow/dags/hello.py
[2026-03-05T14:56:19.665+0000] {logging_mixin.py:188} INFO - [2026-03-05T14:56:19.664+0000] {dag.py:3089} INFO - Sync 1 DAGs
[2026-03-05T14:56:19.675+0000] {logging_mixin.py:188} INFO - [2026-03-05T14:56:19.675+0000] {dag.py:3947} INFO - Setting next_dagrun for my_dag to None, run_after=None
[2026-03-05T14:56:19.697+0000] {processor.py:183} INFO - Processing /opt/airflow/dags/hello.py took 0.080 seconds
[2026-03-05T14:56:50.166+0000] {processor.py:161} INFO - Started process (PID=4086) to work on /opt/airflow/dags/hello.py
[2026-03-05T14:56:50.167+0000] {processor.py:830} INFO - Processing file /opt/airflow/dags/hello.py for tasks to queue
[2026-03-05T14:56:50.170+0000] {logging_mixin.py:188} INFO - [2026-03-05T14:56:50.169+0000] {dagbag.py:545} INFO - Filling up the DagBag from /opt/airflow/dags/hello.py
[2026-03-05T14:56:50.195+0000] {processor.py:840} INFO - DAG(s) 'my_dag' retrieved from /opt/airflow/dags/hello.py
[2026-03-05T14:56:50.211+0000] {logging_mixin.py:188} INFO - [2026-03-05T14:56:50.211+0000] {dag.py:3089} INFO - Sync 1 DAGs
[2026-03-05T14:56:50.224+0000] {logging_mixin.py:188} INFO - [2026-03-05T14:56:50.223+0000] {dag.py:3947} INFO - Setting next_dagrun for my_dag to None, run_after=None
[2026-03-05T14:56:50.247+0000] {processor.py:183} INFO - Processing /opt/airflow/dags/hello.py took 0.088 seconds
[2026-03-05T14:57:20.482+0000] {processor.py:161} INFO - Started process (PID=4145) to work on /opt/airflow/dags/hello.py
[2026-03-05T14:57:20.484+0000] {processor.py:830} INFO - Processing file /opt/airflow/dags/hello.py for tasks to queue
[2026-03-05T14:57:20.487+0000] {logging_mixin.py:188} INFO - [2026-03-05T14:57:20.487+0000] {dagbag.py:545} INFO - Filling up the DagBag from /opt/airflow/dags/hello.py
[2026-03-05T14:57:20.505+0000] {processor.py:840} INFO - DAG(s) 'my_dag' retrieved from /opt/airflow/dags/hello.py
[2026-03-05T14:57:20.521+0000] {logging_mixin.py:188} INFO - [2026-03-05T14:57:20.521+0000] {dag.py:3089} INFO - Sync 1 DAGs
[2026-03-05T14:57:20.532+0000] {logging_mixin.py:188} INFO - [2026-03-05T14:57:20.532+0000] {dag.py:3947} INFO - Setting next_dagrun for my_dag to None, run_after=None
[2026-03-05T14:57:20.557+0000] {processor.py:183} INFO - Processing /opt/airflow/dags/hello.py took 0.088 seconds
[2026-03-05T14:57:50.877+0000] {processor.py:161} INFO - Started process (PID=4204) to work on /opt/airflow/dags/hello.py
[2026-03-05T14:57:50.878+0000] {processor.py:830} INFO - Processing file /opt/airflow/dags/hello.py for tasks to queue
[2026-03-05T14:57:50.880+0000] {logging_mixin.py:188} INFO - [2026-03-05T14:57:50.880+0000] {dagbag.py:545} INFO - Filling up the DagBag from /opt/airflow/dags/hello.py
[2026-03-05T14:57:50.916+0000] {processor.py:840} INFO - DAG(s) 'my_dag' retrieved from /opt/airflow/dags/hello.py
[2026-03-05T14:57:50.936+0000] {logging_mixin.py:188} INFO - [2026-03-05T14:57:50.936+0000] {dag.py:3089} INFO - Sync 1 DAGs
[2026-03-05T14:57:50.947+0000] {logging_mixin.py:188} INFO - [2026-03-05T14:57:50.947+0000] {dag.py:3947} INFO - Setting next_dagrun for my_dag to None, run_after=None
[2026-03-05T14:57:50.973+0000] {processor.py:183} INFO - Processing /opt/airflow/dags/hello.py took 0.102 seconds
[2026-03-05T14:58:21.769+0000] {processor.py:161} INFO - Started process (PID=4263) to work on /opt/airflow/dags/hello.py
[2026-03-05T14:58:21.770+0000] {processor.py:830} INFO - Processing file /opt/airflow/dags/hello.py for tasks to queue
[2026-03-05T14:58:21.772+0000] {logging_mixin.py:188} INFO - [2026-03-05T14:58:21.772+0000] {dagbag.py:545} INFO - Filling up the DagBag from /opt/airflow/dags/hello.py
[2026-03-05T14:58:21.799+0000] {processor.py:840} INFO - DAG(s) 'my_dag' retrieved from /opt/airflow/dags/hello.py
[2026-03-05T14:58:21.821+0000] {logging_mixin.py:188} INFO - [2026-03-05T14:58:21.821+0000] {dag.py:3089} INFO - Sync 1 DAGs
[2026-03-05T14:58:21.840+0000] {logging_mixin.py:188} INFO - [2026-03-05T14:58:21.839+0000] {dag.py:3947} INFO - Setting next_dagrun for my_dag to None, run_after=None
[2026-03-05T14:58:21.882+0000] {processor.py:183} INFO - Processing /opt/airflow/dags/hello.py took 0.125 seconds
[2026-03-05T14:58:52.265+0000] {processor.py:161} INFO - Started process (PID=4322) to work on /opt/airflow/dags/hello.py
[2026-03-05T14:58:52.266+0000] {processor.py:830} INFO - Processing file /opt/airflow/dags/hello.py for tasks to queue
[2026-03-05T14:58:52.271+0000] {logging_mixin.py:188} INFO - [2026-03-05T14:58:52.270+0000] {dagbag.py:545} INFO - Filling up the DagBag from /opt/airflow/dags/hello.py
[2026-03-05T14:58:52.292+0000] {processor.py:840} INFO - DAG(s) 'my_dag' retrieved from /opt/airflow/dags/hello.py
[2026-03-05T14:58:52.310+0000] {logging_mixin.py:188} INFO - [2026-03-05T14:58:52.309+0000] {dag.py:3089} INFO - Sync 1 DAGs
[2026-03-05T14:58:52.320+0000] {logging_mixin.py:188} INFO - [2026-03-05T14:58:52.320+0000] {dag.py:3947} INFO - Setting next_dagrun for my_dag to None, run_after=None
[2026-03-05T14:58:52.345+0000] {processor.py:183} INFO - Processing /opt/airflow/dags/hello.py took 0.087 seconds
[2026-03-05T14:59:22.889+0000] {processor.py:161} INFO - Started process (PID=4380) to work on /opt/airflow/dags/hello.py
[2026-03-05T14:59:22.890+0000] {processor.py:830} INFO - Processing file /opt/airflow/dags/hello.py for tasks to queue
[2026-03-05T14:59:22.892+0000] {logging_mixin.py:188} INFO - [2026-03-05T14:59:22.891+0000] {dagbag.py:545} INFO - Filling up the DagBag from /opt/airflow/dags/hello.py
[2026-03-05T14:59:22.909+0000] {processor.py:840} INFO - DAG(s) 'my_dag' retrieved from /opt/airflow/dags/hello.py
[2026-03-05T14:59:22.923+0000] {logging_mixin.py:188} INFO - [2026-03-05T14:59:22.922+0000] {dag.py:3089} INFO - Sync 1 DAGs
[2026-03-05T14:59:22.933+0000] {logging_mixin.py:188} INFO - [2026-03-05T14:59:22.933+0000] {dag.py:3947} INFO - Setting next_dagrun for my_dag to None, run_after=None
[2026-03-05T14:59:22.955+0000] {processor.py:183} INFO - Processing /opt/airflow/dags/hello.py took 0.071 seconds
[2026-03-05T14:59:53.247+0000] {processor.py:161} INFO - Started process (PID=4439) to work on /opt/airflow/dags/hello.py
[2026-03-05T14:59:53.248+0000] {processor.py:830} INFO - Processing file /opt/airflow/dags/hello.py for tasks to queue
[2026-03-05T14:59:53.250+0000] {logging_mixin.py:188} INFO - [2026-03-05T14:59:53.249+0000] {dagbag.py:545} INFO - Filling up the DagBag from /opt/airflow/dags/hello.py
[2026-03-05T14:59:53.263+0000] {processor.py:840} INFO - DAG(s) 'my_dag' retrieved from /opt/airflow/dags/hello.py
[2026-03-05T14:59:53.279+0000] {logging_mixin.py:188} INFO - [2026-03-05T14:59:53.278+0000] {dag.py:3089} INFO - Sync 1 DAGs
[2026-03-05T14:59:53.290+0000] {logging_mixin.py:188} INFO - [2026-03-05T14:59:53.289+0000] {dag.py:3947} INFO - Setting next_dagrun for my_dag to None, run_after=None
[2026-03-05T14:59:53.313+0000] {processor.py:183} INFO - Processing /opt/airflow/dags/hello.py took 0.072 seconds
[2026-03-05T15:00:23.819+0000] {processor.py:161} INFO - Started process (PID=4498) to work on /opt/airflow/dags/hello.py
[2026-03-05T15:00:23.820+0000] {processor.py:830} INFO - Processing file /opt/airflow/dags/hello.py for tasks to queue
[2026-03-05T15:00:23.822+0000] {logging_mixin.py:188} INFO - [2026-03-05T15:00:23.822+0000] {dagbag.py:545} INFO - Filling up the DagBag from /opt/airflow/dags/hello.py
[2026-03-05T15:00:23.843+0000] {processor.py:840} INFO - DAG(s) 'my_dag' retrieved from /opt/airflow/dags/hello.py
[2026-03-05T15:00:23.858+0000] {logging_mixin.py:188} INFO - [2026-03-05T15:00:23.858+0000] {dag.py:3089} INFO - Sync 1 DAGs
[2026-03-05T15:00:23.869+0000] {logging_mixin.py:188} INFO - [2026-03-05T15:00:23.868+0000] {dag.py:3947} INFO - Setting next_dagrun for my_dag to None, run_after=None
[2026-03-05T15:00:23.893+0000] {processor.py:183} INFO - Processing /opt/airflow/dags/hello.py took 0.079 seconds
[2026-03-05T15:00:54.340+0000] {processor.py:161} INFO - Started process (PID=4557) to work on /opt/airflow/dags/hello.py
[2026-03-05T15:00:54.342+0000] {processor.py:830} INFO - Processing file /opt/airflow/dags/hello.py for tasks to queue
[2026-03-05T15:00:54.344+0000] {logging_mixin.py:188} INFO - [2026-03-05T15:00:54.344+0000] {dagbag.py:545} INFO - Filling up the DagBag from /opt/airflow/dags/hello.py
[2026-03-05T15:00:54.378+0000] {processor.py:840} INFO - DAG(s) 'my_dag' retrieved from /opt/airflow/dags/hello.py
[2026-03-05T15:00:54.407+0000] {logging_mixin.py:188} INFO - [2026-03-05T15:00:54.407+0000] {dag.py:3089} INFO - Sync 1 DAGs
[2026-03-05T15:00:54.423+0000] {logging_mixin.py:188} INFO - [2026-03-05T15:00:54.422+0000] {dag.py:3947} INFO - Setting next_dagrun for my_dag to None, run_after=None
[2026-03-05T15:00:54.444+0000] {processor.py:183} INFO - Processing /opt/airflow/dags/hello.py took 0.111 seconds
[2026-03-05T15:01:24.961+0000] {processor.py:161} INFO - Started process (PID=4616) to work on /opt/airflow/dags/hello.py
[2026-03-05T15:01:24.963+0000] {processor.py:830} INFO - Processing file /opt/airflow/dags/hello.py for tasks to queue
[2026-03-05T15:01:24.965+0000] {logging_mixin.py:188} INFO - [2026-03-05T15:01:24.965+0000] {dagbag.py:545} INFO - Filling up the DagBag from /opt/airflow/dags/hello.py
[2026-03-05T15:01:24.993+0000] {processor.py:840} INFO - DAG(s) 'my_dag' retrieved from /opt/airflow/dags/hello.py
[2026-03-05T15:01:25.008+0000] {logging_mixin.py:188} INFO - [2026-03-05T15:01:25.007+0000] {dag.py:3089} INFO - Sync 1 DAGs
[2026-03-05T15:01:25.018+0000] {logging_mixin.py:188} INFO - [2026-03-05T15:01:25.018+0000] {dag.py:3947} INFO - Setting next_dagrun for my_dag to None, run_after=None
[2026-03-05T15:01:25.039+0000] {processor.py:183} INFO - Processing /opt/airflow/dags/hello.py took 0.084 seconds
[2026-03-05T15:01:55.522+0000] {processor.py:161} INFO - Started process (PID=4675) to work on /opt/airflow/dags/hello.py
[2026-03-05T15:01:55.524+0000] {processor.py:830} INFO - Processing file /opt/airflow/dags/hello.py for tasks to queue
[2026-03-05T15:01:55.526+0000] {logging_mixin.py:188} INFO - [2026-03-05T15:01:55.526+0000] {dagbag.py:545} INFO - Filling up the DagBag from /opt/airflow/dags/hello.py
[2026-03-05T15:01:55.554+0000] {processor.py:840} INFO - DAG(s) 'my_dag' retrieved from /opt/airflow/dags/hello.py
[2026-03-05T15:01:55.572+0000] {logging_mixin.py:188} INFO - [2026-03-05T15:01:55.572+0000] {dag.py:3089} INFO - Sync 1 DAGs
[2026-03-05T15:01:55.585+0000] {logging_mixin.py:188} INFO - [2026-03-05T15:01:55.585+0000] {dag.py:3947} INFO - Setting next_dagrun for my_dag to None, run_after=None
[2026-03-05T15:01:55.608+0000] {processor.py:183} INFO - Processing /opt/airflow/dags/hello.py took 0.092 seconds
[2026-03-05T15:02:25.838+0000] {processor.py:161} INFO - Started process (PID=4734) to work on /opt/airflow/dags/hello.py
[2026-03-05T15:02:25.839+0000] {processor.py:830} INFO - Processing file /opt/airflow/dags/hello.py for tasks to queue
[2026-03-05T15:02:25.842+0000] {logging_mixin.py:188} INFO - [2026-03-05T15:02:25.841+0000] {dagbag.py:545} INFO - Filling up the DagBag from /opt/airflow/dags/hello.py
[2026-03-05T15:02:25.870+0000] {processor.py:840} INFO - DAG(s) 'my_dag' retrieved from /opt/airflow/dags/hello.py
[2026-03-05T15:02:25.888+0000] {logging_mixin.py:188} INFO - [2026-03-05T15:02:25.888+0000] {dag.py:3089} INFO - Sync 1 DAGs
[2026-03-05T15:02:25.899+0000] {logging_mixin.py:188} INFO - [2026-03-05T15:02:25.899+0000] {dag.py:3947} INFO - Setting next_dagrun for my_dag to None, run_after=None
[2026-03-05T15:02:25.925+0000] {processor.py:183} INFO - Processing /opt/airflow/dags/hello.py took 0.093 seconds
[2026-03-05T15:02:56.095+0000] {processor.py:161} INFO - Started process (PID=4793) to work on /opt/airflow/dags/hello.py
[2026-03-05T15:02:56.096+0000] {processor.py:830} INFO - Processing file /opt/airflow/dags/hello.py for tasks to queue
[2026-03-05T15:02:56.098+0000] {logging_mixin.py:188} INFO - [2026-03-05T15:02:56.098+0000] {dagbag.py:545} INFO - Filling up the DagBag from /opt/airflow/dags/hello.py
[2026-03-05T15:02:56.111+0000] {processor.py:840} INFO - DAG(s) 'my_dag' retrieved from /opt/airflow/dags/hello.py
[2026-03-05T15:02:56.126+0000] {logging_mixin.py:188} INFO - [2026-03-05T15:02:56.125+0000] {dag.py:3089} INFO - Sync 1 DAGs
[2026-03-05T15:02:56.136+0000] {logging_mixin.py:188} INFO - [2026-03-05T15:02:56.136+0000] {dag.py:3947} INFO - Setting next_dagrun for my_dag to None, run_after=None
[2026-03-05T15:02:56.159+0000] {processor.py:183} INFO - Processing /opt/airflow/dags/hello.py took 0.069 seconds
[2026-03-05T15:03:27.066+0000] {processor.py:161} INFO - Started process (PID=4851) to work on /opt/airflow/dags/hello.py
[2026-03-05T15:03:27.067+0000] {processor.py:830} INFO - Processing file /opt/airflow/dags/hello.py for tasks to queue
[2026-03-05T15:03:27.069+0000] {logging_mixin.py:188} INFO - [2026-03-05T15:03:27.069+0000] {dagbag.py:545} INFO - Filling up the DagBag from /opt/airflow/dags/hello.py
[2026-03-05T15:03:27.084+0000] {processor.py:840} INFO - DAG(s) 'my_dag' retrieved from /opt/airflow/dags/hello.py
[2026-03-05T15:03:27.100+0000] {logging_mixin.py:188} INFO - [2026-03-05T15:03:27.100+0000] {dag.py:3089} INFO - Sync 1 DAGs
[2026-03-05T15:03:27.112+0000] {logging_mixin.py:188} INFO - [2026-03-05T15:03:27.112+0000] {dag.py:3947} INFO - Setting next_dagrun for my_dag to None, run_after=None
[2026-03-05T15:03:27.134+0000] {processor.py:183} INFO - Processing /opt/airflow/dags/hello.py took 0.073 seconds
[2026-03-05T15:03:57.630+0000] {processor.py:161} INFO - Started process (PID=4910) to work on /opt/airflow/dags/hello.py
[2026-03-05T15:03:57.632+0000] {processor.py:830} INFO - Processing file /opt/airflow/dags/hello.py for tasks to queue
[2026-03-05T15:03:57.635+0000] {logging_mixin.py:188} INFO - [2026-03-05T15:03:57.634+0000] {dagbag.py:545} INFO - Filling up the DagBag from /opt/airflow/dags/hello.py
[2026-03-05T15:03:57.705+0000] {processor.py:840} INFO - DAG(s) 'my_dag' retrieved from /opt/airflow/dags/hello.py
[2026-03-05T15:03:57.725+0000] {logging_mixin.py:188} INFO - [2026-03-05T15:03:57.725+0000] {dag.py:3089} INFO - Sync 1 DAGs
[2026-03-05T15:03:57.740+0000] {logging_mixin.py:188} INFO - [2026-03-05T15:03:57.739+0000] {dag.py:3947} INFO - Setting next_dagrun for my_dag to None, run_after=None
[2026-03-05T15:03:57.768+0000] {processor.py:183} INFO - Processing /opt/airflow/dags/hello.py took 0.153 seconds
[2026-03-05T15:04:28.090+0000] {processor.py:161} INFO - Started process (PID=4969) to work on /opt/airflow/dags/hello.py
[2026-03-05T15:04:28.091+0000] {processor.py:830} INFO - Processing file /opt/airflow/dags/hello.py for tasks to queue
[2026-03-05T15:04:28.094+0000] {logging_mixin.py:188} INFO - [2026-03-05T15:04:28.094+0000] {dagbag.py:545} INFO - Filling up the DagBag from /opt/airflow/dags/hello.py
[2026-03-05T15:04:28.121+0000] {processor.py:840} INFO - DAG(s) 'my_dag' retrieved from /opt/airflow/dags/hello.py
[2026-03-05T15:04:28.140+0000] {logging_mixin.py:188} INFO - [2026-03-05T15:04:28.140+0000] {dag.py:3089} INFO - Sync 1 DAGs
[2026-03-05T15:04:28.154+0000] {logging_mixin.py:188} INFO - [2026-03-05T15:04:28.154+0000] {dag.py:3947} INFO - Setting next_dagrun for my_dag to None, run_after=None
[2026-03-05T15:04:28.178+0000] {processor.py:183} INFO - Processing /opt/airflow/dags/hello.py took 0.095 seconds
[2026-03-05T15:04:59.023+0000] {processor.py:161} INFO - Started process (PID=5028) to work on /opt/airflow/dags/hello.py
[2026-03-05T15:04:59.025+0000] {processor.py:830} INFO - Processing file /opt/airflow/dags/hello.py for tasks to queue
[2026-03-05T15:04:59.027+0000] {logging_mixin.py:188} INFO - [2026-03-05T15:04:59.027+0000] {dagbag.py:545} INFO - Filling up the DagBag from /opt/airflow/dags/hello.py
[2026-03-05T15:04:59.059+0000] {processor.py:840} INFO - DAG(s) 'my_dag' retrieved from /opt/airflow/dags/hello.py
[2026-03-05T15:04:59.076+0000] {logging_mixin.py:188} INFO - [2026-03-05T15:04:59.076+0000] {dag.py:3089} INFO - Sync 1 DAGs
[2026-03-05T15:04:59.087+0000] {logging_mixin.py:188} INFO - [2026-03-05T15:04:59.087+0000] {dag.py:3947} INFO - Setting next_dagrun for my_dag to None, run_after=None
[2026-03-05T15:04:59.139+0000] {processor.py:183} INFO - Processing /opt/airflow/dags/hello.py took 0.122 seconds
[2026-03-05T15:05:29.659+0000] {processor.py:161} INFO - Started process (PID=5087) to work on /opt/airflow/dags/hello.py
[2026-03-05T15:05:29.660+0000] {processor.py:830} INFO - Processing file /opt/airflow/dags/hello.py for tasks to queue
[2026-03-05T15:05:29.662+0000] {logging_mixin.py:188} INFO - [2026-03-05T15:05:29.662+0000] {dagbag.py:545} INFO - Filling up the DagBag from /opt/airflow/dags/hello.py
[2026-03-05T15:05:29.733+0000] {processor.py:840} INFO - DAG(s) 'my_dag' retrieved from /opt/airflow/dags/hello.py
[2026-03-05T15:05:29.756+0000] {logging_mixin.py:188} INFO - [2026-03-05T15:05:29.756+0000] {dag.py:3089} INFO - Sync 1 DAGs
[2026-03-05T15:05:29.772+0000] {logging_mixin.py:188} INFO - [2026-03-05T15:05:29.771+0000] {dag.py:3947} INFO - Setting next_dagrun for my_dag to None, run_after=None
[2026-03-05T15:05:29.798+0000] {processor.py:183} INFO - Processing /opt/airflow/dags/hello.py took 0.148 seconds
[2026-03-05T15:05:59.922+0000] {processor.py:161} INFO - Started process (PID=5146) to work on /opt/airflow/dags/hello.py
[2026-03-05T15:05:59.924+0000] {processor.py:830} INFO - Processing file /opt/airflow/dags/hello.py for tasks to queue
[2026-03-05T15:05:59.926+0000] {logging_mixin.py:188} INFO - [2026-03-05T15:05:59.926+0000] {dagbag.py:545} INFO - Filling up the DagBag from /opt/airflow/dags/hello.py
[2026-03-05T15:05:59.970+0000] {processor.py:840} INFO - DAG(s) 'my_dag' retrieved from /opt/airflow/dags/hello.py
[2026-03-05T15:05:59.987+0000] {logging_mixin.py:188} INFO - [2026-03-05T15:05:59.987+0000] {dag.py:3089} INFO - Sync 1 DAGs
[2026-03-05T15:05:59.998+0000] {logging_mixin.py:188} INFO - [2026-03-05T15:05:59.998+0000] {dag.py:3947} INFO - Setting next_dagrun for my_dag to None, run_after=None
[2026-03-05T15:06:00.025+0000] {processor.py:183} INFO - Processing /opt/airflow/dags/hello.py took 0.113 seconds
[2026-03-05T15:06:30.514+0000] {processor.py:161} INFO - Started process (PID=5205) to work on /opt/airflow/dags/hello.py
[2026-03-05T15:06:30.516+0000] {processor.py:830} INFO - Processing file /opt/airflow/dags/hello.py for tasks to queue
[2026-03-05T15:06:30.523+0000] {logging_mixin.py:188} INFO - [2026-03-05T15:06:30.522+0000] {dagbag.py:545} INFO - Filling up the DagBag from /opt/airflow/dags/hello.py
[2026-03-05T15:06:30.551+0000] {processor.py:840} INFO - DAG(s) 'my_dag' retrieved from /opt/airflow/dags/hello.py
[2026-03-05T15:06:30.572+0000] {logging_mixin.py:188} INFO - [2026-03-05T15:06:30.572+0000] {dag.py:3089} INFO - Sync 1 DAGs
[2026-03-05T15:06:30.586+0000] {logging_mixin.py:188} INFO - [2026-03-05T15:06:30.586+0000] {dag.py:3947} INFO - Setting next_dagrun for my_dag to None, run_after=None
[2026-03-05T15:06:30.613+0000] {processor.py:183} INFO - Processing /opt/airflow/dags/hello.py took 0.105 seconds
[2026-03-05T15:07:01.299+0000] {processor.py:161} INFO - Started process (PID=5265) to work on /opt/airflow/dags/hello.py
[2026-03-05T15:07:01.301+0000] {processor.py:830} INFO - Processing file /opt/airflow/dags/hello.py for tasks to queue
[2026-03-05T15:07:01.303+0000] {logging_mixin.py:188} INFO - [2026-03-05T15:07:01.303+0000] {dagbag.py:545} INFO - Filling up the DagBag from /opt/airflow/dags/hello.py
[2026-03-05T15:07:01.326+0000] {processor.py:840} INFO - DAG(s) 'my_dag' retrieved from /opt/airflow/dags/hello.py
[2026-03-05T15:07:01.341+0000] {logging_mixin.py:188} INFO - [2026-03-05T15:07:01.341+0000] {dag.py:3089} INFO - Sync 1 DAGs
[2026-03-05T15:07:01.352+0000] {logging_mixin.py:188} INFO - [2026-03-05T15:07:01.352+0000] {dag.py:3947} INFO - Setting next_dagrun for my_dag to None, run_after=None
[2026-03-05T15:07:01.376+0000] {processor.py:183} INFO - Processing /opt/airflow/dags/hello.py took 0.084 seconds
[2026-03-05T15:07:32.333+0000] {processor.py:161} INFO - Started process (PID=5326) to work on /opt/airflow/dags/hello.py
[2026-03-05T15:07:32.335+0000] {processor.py:830} INFO - Processing file /opt/airflow/dags/hello.py for tasks to queue
[2026-03-05T15:07:32.337+0000] {logging_mixin.py:188} INFO - [2026-03-05T15:07:32.336+0000] {dagbag.py:545} INFO - Filling up the DagBag from /opt/airflow/dags/hello.py
[2026-03-05T15:07:32.377+0000] {processor.py:840} INFO - DAG(s) 'my_dag' retrieved from /opt/airflow/dags/hello.py
[2026-03-05T15:07:32.394+0000] {logging_mixin.py:188} INFO - [2026-03-05T15:07:32.394+0000] {dag.py:3089} INFO - Sync 1 DAGs
[2026-03-05T15:07:32.405+0000] {logging_mixin.py:188} INFO - [2026-03-05T15:07:32.404+0000] {dag.py:3947} INFO - Setting next_dagrun for my_dag to None, run_after=None
[2026-03-05T15:07:32.439+0000] {processor.py:183} INFO - Processing /opt/airflow/dags/hello.py took 0.115 seconds
[2026-03-05T15:08:49.481+0000] {processor.py:161} INFO - Started process (PID=54) to work on /opt/airflow/dags/hello.py
[2026-03-05T15:08:49.483+0000] {processor.py:830} INFO - Processing file /opt/airflow/dags/hello.py for tasks to queue
[2026-03-05T15:08:49.486+0000] {logging_mixin.py:188} INFO - [2026-03-05T15:08:49.485+0000] {dagbag.py:545} INFO - Filling up the DagBag from /opt/airflow/dags/hello.py
[2026-03-05T15:08:49.510+0000] {processor.py:840} INFO - DAG(s) 'my_dag' retrieved from /opt/airflow/dags/hello.py
[2026-03-05T15:08:49.781+0000] {logging_mixin.py:188} INFO - [2026-03-05T15:08:49.780+0000] {dag.py:3089} INFO - Sync 1 DAGs
[2026-03-05T15:08:49.796+0000] {logging_mixin.py:188} INFO - [2026-03-05T15:08:49.795+0000] {dag.py:3947} INFO - Setting next_dagrun for my_dag to None, run_after=None
[2026-03-05T15:08:49.820+0000] {processor.py:183} INFO - Processing /opt/airflow/dags/hello.py took 0.344 seconds
[2026-03-05T15:09:20.367+0000] {processor.py:161} INFO - Started process (PID=114) to work on /opt/airflow/dags/hello.py
[2026-03-05T15:09:20.369+0000] {processor.py:830} INFO - Processing file /opt/airflow/dags/hello.py for tasks to queue
[2026-03-05T15:09:20.371+0000] {logging_mixin.py:188} INFO - [2026-03-05T15:09:20.370+0000] {dagbag.py:545} INFO - Filling up the DagBag from /opt/airflow/dags/hello.py
[2026-03-05T15:09:20.386+0000] {processor.py:840} INFO - DAG(s) 'my_dag' retrieved from /opt/airflow/dags/hello.py
[2026-03-05T15:09:20.405+0000] {logging_mixin.py:188} INFO - [2026-03-05T15:09:20.404+0000] {dag.py:3089} INFO - Sync 1 DAGs
[2026-03-05T15:09:20.417+0000] {logging_mixin.py:188} INFO - [2026-03-05T15:09:20.416+0000] {dag.py:3947} INFO - Setting next_dagrun for my_dag to None, run_after=None
[2026-03-05T15:09:20.439+0000] {processor.py:183} INFO - Processing /opt/airflow/dags/hello.py took 0.078 seconds
[2026-03-05T15:09:50.596+0000] {processor.py:161} INFO - Started process (PID=174) to work on /opt/airflow/dags/hello.py
[2026-03-05T15:09:50.597+0000] {processor.py:830} INFO - Processing file /opt/airflow/dags/hello.py for tasks to queue
[2026-03-05T15:09:50.599+0000] {logging_mixin.py:188} INFO - [2026-03-05T15:09:50.599+0000] {dagbag.py:545} INFO - Filling up the DagBag from /opt/airflow/dags/hello.py
[2026-03-05T15:09:50.609+0000] {processor.py:840} INFO - DAG(s) 'my_dag' retrieved from /opt/airflow/dags/hello.py
[2026-03-05T15:09:50.624+0000] {logging_mixin.py:188} INFO - [2026-03-05T15:09:50.624+0000] {dag.py:3089} INFO - Sync 1 DAGs
[2026-03-05T15:09:50.634+0000] {logging_mixin.py:188} INFO - [2026-03-05T15:09:50.634+0000] {dag.py:3947} INFO - Setting next_dagrun for my_dag to None, run_after=None
[2026-03-05T15:09:50.655+0000] {processor.py:183} INFO - Processing /opt/airflow/dags/hello.py took 0.064 seconds
[2026-03-05T15:10:21.159+0000] {processor.py:161} INFO - Started process (PID=234) to work on /opt/airflow/dags/hello.py
[2026-03-05T15:10:21.160+0000] {processor.py:830} INFO - Processing file /opt/airflow/dags/hello.py for tasks to queue
[2026-03-05T15:10:21.164+0000] {logging_mixin.py:188} INFO - [2026-03-05T15:10:21.164+0000] {dagbag.py:545} INFO - Filling up the DagBag from /opt/airflow/dags/hello.py
[2026-03-05T15:10:21.187+0000] {processor.py:840} INFO - DAG(s) 'my_dag' retrieved from /opt/airflow/dags/hello.py
[2026-03-05T15:10:21.203+0000] {logging_mixin.py:188} INFO - [2026-03-05T15:10:21.203+0000] {dag.py:3089} INFO - Sync 1 DAGs
[2026-03-05T15:10:21.213+0000] {logging_mixin.py:188} INFO - [2026-03-05T15:10:21.213+0000] {dag.py:3947} INFO - Setting next_dagrun for my_dag to None, run_after=None
[2026-03-05T15:10:21.236+0000] {processor.py:183} INFO - Processing /opt/airflow/dags/hello.py took 0.083 seconds
[2026-03-05T15:10:52.070+0000] {processor.py:161} INFO - Started process (PID=294) to work on /opt/airflow/dags/hello.py
[2026-03-05T15:10:52.071+0000] {processor.py:830} INFO - Processing file /opt/airflow/dags/hello.py for tasks to queue
[2026-03-05T15:10:52.074+0000] {logging_mixin.py:188} INFO - [2026-03-05T15:10:52.073+0000] {dagbag.py:545} INFO - Filling up the DagBag from /opt/airflow/dags/hello.py
[2026-03-05T15:10:52.089+0000] {processor.py:840} INFO - DAG(s) 'my_dag' retrieved from /opt/airflow/dags/hello.py
[2026-03-05T15:10:52.109+0000] {logging_mixin.py:188} INFO - [2026-03-05T15:10:52.108+0000] {dag.py:3089} INFO - Sync 1 DAGs
[2026-03-05T15:10:52.122+0000] {logging_mixin.py:188} INFO - [2026-03-05T15:10:52.121+0000] {dag.py:3947} INFO - Setting next_dagrun for my_dag to None, run_after=None
[2026-03-05T15:10:52.146+0000] {processor.py:183} INFO - Processing /opt/airflow/dags/hello.py took 0.082 seconds
[2026-03-05T15:11:22.299+0000] {processor.py:161} INFO - Started process (PID=354) to work on /opt/airflow/dags/hello.py
[2026-03-05T15:11:22.301+0000] {processor.py:830} INFO - Processing file /opt/airflow/dags/hello.py for tasks to queue
[2026-03-05T15:11:22.303+0000] {logging_mixin.py:188} INFO - [2026-03-05T15:11:22.303+0000] {dagbag.py:545} INFO - Filling up the DagBag from /opt/airflow/dags/hello.py
[2026-03-05T15:11:22.334+0000] {processor.py:840} INFO - DAG(s) 'my_dag' retrieved from /opt/airflow/dags/hello.py
[2026-03-05T15:11:22.352+0000] {logging_mixin.py:188} INFO - [2026-03-05T15:11:22.352+0000] {dag.py:3089} INFO - Sync 1 DAGs
[2026-03-05T15:11:22.367+0000] {logging_mixin.py:188} INFO - [2026-03-05T15:11:22.367+0000] {dag.py:3947} INFO - Setting next_dagrun for my_dag to None, run_after=None
[2026-03-05T15:11:22.394+0000] {processor.py:183} INFO - Processing /opt/airflow/dags/hello.py took 0.100 seconds
[2026-03-05T15:11:52.511+0000] {processor.py:161} INFO - Started process (PID=413) to work on /opt/airflow/dags/hello.py
[2026-03-05T15:11:52.512+0000] {processor.py:830} INFO - Processing file /opt/airflow/dags/hello.py for tasks to queue
[2026-03-05T15:11:52.515+0000] {logging_mixin.py:188} INFO - [2026-03-05T15:11:52.515+0000] {dagbag.py:545} INFO - Filling up the DagBag from /opt/airflow/dags/hello.py
[2026-03-05T15:11:52.547+0000] {processor.py:840} INFO - DAG(s) 'my_dag' retrieved from /opt/airflow/dags/hello.py
[2026-03-05T15:11:52.570+0000] {logging_mixin.py:188} INFO - [2026-03-05T15:11:52.570+0000] {dag.py:3089} INFO - Sync 1 DAGs
[2026-03-05T15:11:52.583+0000] {logging_mixin.py:188} INFO - [2026-03-05T15:11:52.583+0000] {dag.py:3947} INFO - Setting next_dagrun for my_dag to None, run_after=None
[2026-03-05T15:11:52.604+0000] {processor.py:183} INFO - Processing /opt/airflow/dags/hello.py took 0.100 seconds
[2026-03-05T15:12:22.830+0000] {processor.py:161} INFO - Started process (PID=473) to work on /opt/airflow/dags/hello.py
[2026-03-05T15:12:22.832+0000] {processor.py:830} INFO - Processing file /opt/airflow/dags/hello.py for tasks to queue
[2026-03-05T15:12:22.834+0000] {logging_mixin.py:188} INFO - [2026-03-05T15:12:22.834+0000] {dagbag.py:545} INFO - Filling up the DagBag from /opt/airflow/dags/hello.py
[2026-03-05T15:12:22.861+0000] {processor.py:840} INFO - DAG(s) 'my_dag' retrieved from /opt/airflow/dags/hello.py
[2026-03-05T15:12:22.878+0000] {logging_mixin.py:188} INFO - [2026-03-05T15:12:22.878+0000] {dag.py:3089} INFO - Sync 1 DAGs
[2026-03-05T15:12:22.889+0000] {logging_mixin.py:188} INFO - [2026-03-05T15:12:22.889+0000] {dag.py:3947} INFO - Setting next_dagrun for my_dag to None, run_after=None
[2026-03-05T15:12:22.918+0000] {processor.py:183} INFO - Processing /opt/airflow/dags/hello.py took 0.094 seconds
[2026-03-05T15:12:53.520+0000] {processor.py:161} INFO - Started process (PID=534) to work on /opt/airflow/dags/hello.py
[2026-03-05T15:12:53.522+0000] {processor.py:830} INFO - Processing file /opt/airflow/dags/hello.py for tasks to queue
[2026-03-05T15:12:53.524+0000] {logging_mixin.py:188} INFO - [2026-03-05T15:12:53.523+0000] {dagbag.py:545} INFO - Filling up the DagBag from /opt/airflow/dags/hello.py
[2026-03-05T15:12:53.553+0000] {processor.py:840} INFO - DAG(s) 'my_dag' retrieved from /opt/airflow/dags/hello.py
[2026-03-05T15:12:53.570+0000] {logging_mixin.py:188} INFO - [2026-03-05T15:12:53.570+0000] {dag.py:3089} INFO - Sync 1 DAGs
[2026-03-05T15:12:53.581+0000] {logging_mixin.py:188} INFO - [2026-03-05T15:12:53.581+0000] {dag.py:3947} INFO - Setting next_dagrun for my_dag to None, run_after=None
[2026-03-05T15:12:53.602+0000] {processor.py:183} INFO - Processing /opt/airflow/dags/hello.py took 0.086 seconds
[2026-03-05T15:13:24.154+0000] {processor.py:161} INFO - Started process (PID=594) to work on /opt/airflow/dags/hello.py
[2026-03-05T15:13:24.155+0000] {processor.py:830} INFO - Processing file /opt/airflow/dags/hello.py for tasks to queue
[2026-03-05T15:13:24.157+0000] {logging_mixin.py:188} INFO - [2026-03-05T15:13:24.156+0000] {dagbag.py:545} INFO - Filling up the DagBag from /opt/airflow/dags/hello.py
[2026-03-05T15:13:24.179+0000] {processor.py:840} INFO - DAG(s) 'my_dag' retrieved from /opt/airflow/dags/hello.py
[2026-03-05T15:13:24.196+0000] {logging_mixin.py:188} INFO - [2026-03-05T15:13:24.196+0000] {dag.py:3089} INFO - Sync 1 DAGs
[2026-03-05T15:13:24.210+0000] {logging_mixin.py:188} INFO - [2026-03-05T15:13:24.210+0000] {dag.py:3947} INFO - Setting next_dagrun for my_dag to None, run_after=None
[2026-03-05T15:13:24.232+0000] {processor.py:183} INFO - Processing /opt/airflow/dags/hello.py took 0.084 seconds
[2026-03-05T15:13:54.722+0000] {processor.py:161} INFO - Started process (PID=660) to work on /opt/airflow/dags/hello.py
[2026-03-05T15:13:54.723+0000] {processor.py:830} INFO - Processing file /opt/airflow/dags/hello.py for tasks to queue
[2026-03-05T15:13:54.725+0000] {logging_mixin.py:188} INFO - [2026-03-05T15:13:54.725+0000] {dagbag.py:545} INFO - Filling up the DagBag from /opt/airflow/dags/hello.py
[2026-03-05T15:13:54.745+0000] {processor.py:840} INFO - DAG(s) 'my_dag' retrieved from /opt/airflow/dags/hello.py
[2026-03-05T15:13:54.761+0000] {logging_mixin.py:188} INFO - [2026-03-05T15:13:54.761+0000] {dag.py:3089} INFO - Sync 1 DAGs
[2026-03-05T15:13:54.773+0000] {logging_mixin.py:188} INFO - [2026-03-05T15:13:54.773+0000] {dag.py:3947} INFO - Setting next_dagrun for my_dag to None, run_after=None
[2026-03-05T15:13:54.800+0000] {processor.py:183} INFO - Processing /opt/airflow/dags/hello.py took 0.084 seconds
[2026-03-05T15:14:25.113+0000] {processor.py:161} INFO - Started process (PID=720) to work on /opt/airflow/dags/hello.py
[2026-03-05T15:14:25.115+0000] {processor.py:830} INFO - Processing file /opt/airflow/dags/hello.py for tasks to queue
[2026-03-05T15:14:25.118+0000] {logging_mixin.py:188} INFO - [2026-03-05T15:14:25.118+0000] {dagbag.py:545} INFO - Filling up the DagBag from /opt/airflow/dags/hello.py
[2026-03-05T15:14:25.154+0000] {processor.py:840} INFO - DAG(s) 'my_dag' retrieved from /opt/airflow/dags/hello.py
[2026-03-05T15:14:25.180+0000] {logging_mixin.py:188} INFO - [2026-03-05T15:14:25.180+0000] {dag.py:3089} INFO - Sync 1 DAGs
[2026-03-05T15:14:25.217+0000] {logging_mixin.py:188} INFO - [2026-03-05T15:14:25.217+0000] {dag.py:3947} INFO - Setting next_dagrun for my_dag to None, run_after=None
[2026-03-05T15:14:25.254+0000] {processor.py:183} INFO - Processing /opt/airflow/dags/hello.py took 0.152 seconds
[2026-03-05T15:14:55.820+0000] {processor.py:161} INFO - Started process (PID=780) to work on /opt/airflow/dags/hello.py
[2026-03-05T15:14:55.821+0000] {processor.py:830} INFO - Processing file /opt/airflow/dags/hello.py for tasks to queue
[2026-03-05T15:14:55.823+0000] {logging_mixin.py:188} INFO - [2026-03-05T15:14:55.823+0000] {dagbag.py:545} INFO - Filling up the DagBag from /opt/airflow/dags/hello.py
[2026-03-05T15:14:55.861+0000] {processor.py:840} INFO - DAG(s) 'my_dag' retrieved from /opt/airflow/dags/hello.py
[2026-03-05T15:14:55.877+0000] {logging_mixin.py:188} INFO - [2026-03-05T15:14:55.877+0000] {dag.py:3089} INFO - Sync 1 DAGs
[2026-03-05T15:14:55.888+0000] {logging_mixin.py:188} INFO - [2026-03-05T15:14:55.888+0000] {dag.py:3947} INFO - Setting next_dagrun for my_dag to None, run_after=None
[2026-03-05T15:14:55.909+0000] {processor.py:183} INFO - Processing /opt/airflow/dags/hello.py took 0.095 seconds
[2026-03-05T15:15:26.741+0000] {processor.py:161} INFO - Started process (PID=840) to work on /opt/airflow/dags/hello.py
[2026-03-05T15:15:26.743+0000] {processor.py:830} INFO - Processing file /opt/airflow/dags/hello.py for tasks to queue
[2026-03-05T15:15:26.745+0000] {logging_mixin.py:188} INFO - [2026-03-05T15:15:26.745+0000] {dagbag.py:545} INFO - Filling up the DagBag from /opt/airflow/dags/hello.py
[2026-03-05T15:15:26.782+0000] {processor.py:840} INFO - DAG(s) 'my_dag' retrieved from /opt/airflow/dags/hello.py
[2026-03-05T15:15:26.799+0000] {logging_mixin.py:188} INFO - [2026-03-05T15:15:26.799+0000] {dag.py:3089} INFO - Sync 1 DAGs
[2026-03-05T15:15:26.809+0000] {logging_mixin.py:188} INFO - [2026-03-05T15:15:26.809+0000] {dag.py:3947} INFO - Setting next_dagrun for my_dag to None, run_after=None
[2026-03-05T15:15:26.832+0000] {processor.py:183} INFO - Processing /opt/airflow/dags/hello.py took 0.098 seconds
[2026-03-05T15:15:57.282+0000] {processor.py:161} INFO - Started process (PID=900) to work on /opt/airflow/dags/hello.py
[2026-03-05T15:15:57.283+0000] {processor.py:830} INFO - Processing file /opt/airflow/dags/hello.py for tasks to queue
[2026-03-05T15:15:57.285+0000] {logging_mixin.py:188} INFO - [2026-03-05T15:15:57.285+0000] {dagbag.py:545} INFO - Filling up the DagBag from /opt/airflow/dags/hello.py
[2026-03-05T15:15:57.307+0000] {processor.py:840} INFO - DAG(s) 'my_dag' retrieved from /opt/airflow/dags/hello.py
[2026-03-05T15:15:57.324+0000] {logging_mixin.py:188} INFO - [2026-03-05T15:15:57.323+0000] {dag.py:3089} INFO - Sync 1 DAGs
[2026-03-05T15:15:57.336+0000] {logging_mixin.py:188} INFO - [2026-03-05T15:15:57.336+0000] {dag.py:3947} INFO - Setting next_dagrun for my_dag to None, run_after=None
[2026-03-05T15:15:57.357+0000] {processor.py:183} INFO - Processing /opt/airflow/dags/hello.py took 0.081 seconds
[2026-03-05T15:16:27.443+0000] {processor.py:161} INFO - Started process (PID=960) to work on /opt/airflow/dags/hello.py
[2026-03-05T15:16:27.444+0000] {processor.py:830} INFO - Processing file /opt/airflow/dags/hello.py for tasks to queue
[2026-03-05T15:16:27.446+0000] {logging_mixin.py:188} INFO - [2026-03-05T15:16:27.446+0000] {dagbag.py:545} INFO - Filling up the DagBag from /opt/airflow/dags/hello.py
[2026-03-05T15:16:27.475+0000] {processor.py:840} INFO - DAG(s) 'my_dag' retrieved from /opt/airflow/dags/hello.py
[2026-03-05T15:16:27.491+0000] {logging_mixin.py:188} INFO - [2026-03-05T15:16:27.491+0000] {dag.py:3089} INFO - Sync 1 DAGs
[2026-03-05T15:16:27.502+0000] {logging_mixin.py:188} INFO - [2026-03-05T15:16:27.501+0000] {dag.py:3947} INFO - Setting next_dagrun for my_dag to None, run_after=None
[2026-03-05T15:16:27.520+0000] {processor.py:183} INFO - Processing /opt/airflow/dags/hello.py took 0.083 seconds
[2026-03-05T15:16:57.826+0000] {processor.py:161} INFO - Started process (PID=1020) to work on /opt/airflow/dags/hello.py
[2026-03-05T15:16:57.827+0000] {processor.py:830} INFO - Processing file /opt/airflow/dags/hello.py for tasks to queue
[2026-03-05T15:16:57.829+0000] {logging_mixin.py:188} INFO - [2026-03-05T15:16:57.829+0000] {dagbag.py:545} INFO - Filling up the DagBag from /opt/airflow/dags/hello.py
[2026-03-05T15:16:57.854+0000] {processor.py:840} INFO - DAG(s) 'my_dag' retrieved from /opt/airflow/dags/hello.py
[2026-03-05T15:16:57.883+0000] {logging_mixin.py:188} INFO - [2026-03-05T15:16:57.882+0000] {dag.py:3089} INFO - Sync 1 DAGs
[2026-03-05T15:16:57.896+0000] {logging_mixin.py:188} INFO - [2026-03-05T15:16:57.896+0000] {dag.py:3947} INFO - Setting next_dagrun for my_dag to None, run_after=None
[2026-03-05T15:16:57.932+0000] {processor.py:183} INFO - Processing /opt/airflow/dags/hello.py took 0.113 seconds
[2026-03-05T15:17:28.402+0000] {processor.py:161} INFO - Started process (PID=1080) to work on /opt/airflow/dags/hello.py
[2026-03-05T15:17:28.405+0000] {processor.py:830} INFO - Processing file /opt/airflow/dags/hello.py for tasks to queue
[2026-03-05T15:17:28.407+0000] {logging_mixin.py:188} INFO - [2026-03-05T15:17:28.406+0000] {dagbag.py:545} INFO - Filling up the DagBag from /opt/airflow/dags/hello.py
[2026-03-05T15:17:28.446+0000] {processor.py:840} INFO - DAG(s) 'my_dag' retrieved from /opt/airflow/dags/hello.py
[2026-03-05T15:17:28.463+0000] {logging_mixin.py:188} INFO - [2026-03-05T15:17:28.463+0000] {dag.py:3089} INFO - Sync 1 DAGs
[2026-03-05T15:17:28.476+0000] {logging_mixin.py:188} INFO - [2026-03-05T15:17:28.475+0000] {dag.py:3947} INFO - Setting next_dagrun for my_dag to None, run_after=None
[2026-03-05T15:17:28.507+0000] {processor.py:183} INFO - Processing /opt/airflow/dags/hello.py took 0.114 seconds
[2026-03-05T15:17:58.880+0000] {processor.py:161} INFO - Started process (PID=1140) to work on /opt/airflow/dags/hello.py
[2026-03-05T15:17:58.882+0000] {processor.py:830} INFO - Processing file /opt/airflow/dags/hello.py for tasks to queue
[2026-03-05T15:17:58.887+0000] {logging_mixin.py:188} INFO - [2026-03-05T15:17:58.885+0000] {dagbag.py:545} INFO - Filling up the DagBag from /opt/airflow/dags/hello.py
[2026-03-05T15:17:58.922+0000] {processor.py:840} INFO - DAG(s) 'my_dag' retrieved from /opt/airflow/dags/hello.py
[2026-03-05T15:17:58.954+0000] {logging_mixin.py:188} INFO - [2026-03-05T15:17:58.954+0000] {dag.py:3089} INFO - Sync 1 DAGs
[2026-03-05T15:17:58.971+0000] {logging_mixin.py:188} INFO - [2026-03-05T15:17:58.970+0000] {dag.py:3947} INFO - Setting next_dagrun for my_dag to None, run_after=None
[2026-03-05T15:17:58.993+0000] {processor.py:183} INFO - Processing /opt/airflow/dags/hello.py took 0.125 seconds
[2026-03-05T15:18:29.344+0000] {processor.py:161} INFO - Started process (PID=1200) to work on /opt/airflow/dags/hello.py
[2026-03-05T15:18:29.346+0000] {processor.py:830} INFO - Processing file /opt/airflow/dags/hello.py for tasks to queue
[2026-03-05T15:18:29.350+0000] {logging_mixin.py:188} INFO - [2026-03-05T15:18:29.349+0000] {dagbag.py:545} INFO - Filling up the DagBag from /opt/airflow/dags/hello.py
[2026-03-05T15:18:29.376+0000] {processor.py:840} INFO - DAG(s) 'my_dag' retrieved from /opt/airflow/dags/hello.py
[2026-03-05T15:18:29.393+0000] {logging_mixin.py:188} INFO - [2026-03-05T15:18:29.393+0000] {dag.py:3089} INFO - Sync 1 DAGs
[2026-03-05T15:18:29.405+0000] {logging_mixin.py:188} INFO - [2026-03-05T15:18:29.404+0000] {dag.py:3947} INFO - Setting next_dagrun for my_dag to None, run_after=None
[2026-03-05T15:18:29.427+0000] {processor.py:183} INFO - Processing /opt/airflow/dags/hello.py took 0.090 seconds
[2026-03-05T15:18:59.968+0000] {processor.py:161} INFO - Started process (PID=1261) to work on /opt/airflow/dags/hello.py
[2026-03-05T15:18:59.969+0000] {processor.py:830} INFO - Processing file /opt/airflow/dags/hello.py for tasks to queue
[2026-03-05T15:18:59.972+0000] {logging_mixin.py:188} INFO - [2026-03-05T15:18:59.971+0000] {dagbag.py:545} INFO - Filling up the DagBag from /opt/airflow/dags/hello.py
[2026-03-05T15:18:59.989+0000] {processor.py:840} INFO - DAG(s) 'my_dag' retrieved from /opt/airflow/dags/hello.py
[2026-03-05T15:19:00.005+0000] {logging_mixin.py:188} INFO - [2026-03-05T15:19:00.005+0000] {dag.py:3089} INFO - Sync 1 DAGs
[2026-03-05T15:19:00.017+0000] {logging_mixin.py:188} INFO - [2026-03-05T15:19:00.017+0000] {dag.py:3947} INFO - Setting next_dagrun for my_dag to None, run_after=None
[2026-03-05T15:19:00.050+0000] {processor.py:183} INFO - Processing /opt/airflow/dags/hello.py took 0.089 seconds
[2026-03-05T15:20:25.420+0000] {processor.py:161} INFO - Started process (PID=48) to work on /opt/airflow/dags/hello.py
[2026-03-05T15:20:25.421+0000] {processor.py:830} INFO - Processing file /opt/airflow/dags/hello.py for tasks to queue
[2026-03-05T15:20:25.424+0000] {logging_mixin.py:188} INFO - [2026-03-05T15:20:25.423+0000] {dagbag.py:545} INFO - Filling up the DagBag from /opt/airflow/dags/hello.py
[2026-03-05T15:20:25.450+0000] {processor.py:840} INFO - DAG(s) 'my_dag' retrieved from /opt/airflow/dags/hello.py
[2026-03-05T15:20:25.541+0000] {logging_mixin.py:188} INFO - [2026-03-05T15:20:25.540+0000] {dag.py:3089} INFO - Sync 1 DAGs
[2026-03-05T15:20:25.552+0000] {logging_mixin.py:188} INFO - [2026-03-05T15:20:25.552+0000] {dag.py:3947} INFO - Setting next_dagrun for my_dag to None, run_after=None
[2026-03-05T15:20:25.577+0000] {processor.py:183} INFO - Processing /opt/airflow/dags/hello.py took 0.163 seconds
[2026-03-05T15:20:56.412+0000] {processor.py:161} INFO - Started process (PID=109) to work on /opt/airflow/dags/hello.py
[2026-03-05T15:20:56.418+0000] {processor.py:830} INFO - Processing file /opt/airflow/dags/hello.py for tasks to queue
[2026-03-05T15:20:56.427+0000] {logging_mixin.py:188} INFO - [2026-03-05T15:20:56.426+0000] {dagbag.py:545} INFO - Filling up the DagBag from /opt/airflow/dags/hello.py
[2026-03-05T15:20:56.455+0000] {processor.py:840} INFO - DAG(s) 'my_dag' retrieved from /opt/airflow/dags/hello.py
[2026-03-05T15:20:56.477+0000] {logging_mixin.py:188} INFO - [2026-03-05T15:20:56.476+0000] {dag.py:3089} INFO - Sync 1 DAGs
[2026-03-05T15:20:56.490+0000] {logging_mixin.py:188} INFO - [2026-03-05T15:20:56.489+0000] {dag.py:3947} INFO - Setting next_dagrun for my_dag to None, run_after=None
[2026-03-05T15:20:56.509+0000] {processor.py:183} INFO - Processing /opt/airflow/dags/hello.py took 0.125 seconds
[2026-03-05T15:21:26.620+0000] {processor.py:161} INFO - Started process (PID=170) to work on /opt/airflow/dags/hello.py
[2026-03-05T15:21:26.621+0000] {processor.py:830} INFO - Processing file /opt/airflow/dags/hello.py for tasks to queue
[2026-03-05T15:21:26.623+0000] {logging_mixin.py:188} INFO - [2026-03-05T15:21:26.623+0000] {dagbag.py:545} INFO - Filling up the DagBag from /opt/airflow/dags/hello.py
[2026-03-05T15:21:26.642+0000] {processor.py:840} INFO - DAG(s) 'my_dag' retrieved from /opt/airflow/dags/hello.py
[2026-03-05T15:21:26.657+0000] {logging_mixin.py:188} INFO - [2026-03-05T15:21:26.656+0000] {dag.py:3089} INFO - Sync 1 DAGs
[2026-03-05T15:21:26.667+0000] {logging_mixin.py:188} INFO - [2026-03-05T15:21:26.667+0000] {dag.py:3947} INFO - Setting next_dagrun for my_dag to None, run_after=None
[2026-03-05T15:21:26.687+0000] {processor.py:183} INFO - Processing /opt/airflow/dags/hello.py took 0.073 seconds
[2026-03-05T15:21:56.831+0000] {processor.py:161} INFO - Started process (PID=231) to work on /opt/airflow/dags/hello.py
[2026-03-05T15:21:56.833+0000] {processor.py:830} INFO - Processing file /opt/airflow/dags/hello.py for tasks to queue
[2026-03-05T15:21:56.836+0000] {logging_mixin.py:188} INFO - [2026-03-05T15:21:56.835+0000] {dagbag.py:545} INFO - Filling up the DagBag from /opt/airflow/dags/hello.py
[2026-03-05T15:21:56.869+0000] {processor.py:840} INFO - DAG(s) 'my_dag' retrieved from /opt/airflow/dags/hello.py
[2026-03-05T15:21:56.883+0000] {logging_mixin.py:188} INFO - [2026-03-05T15:21:56.883+0000] {dag.py:3089} INFO - Sync 1 DAGs
[2026-03-05T15:21:56.893+0000] {logging_mixin.py:188} INFO - [2026-03-05T15:21:56.893+0000] {dag.py:3947} INFO - Setting next_dagrun for my_dag to None, run_after=None
[2026-03-05T15:21:56.915+0000] {processor.py:183} INFO - Processing /opt/airflow/dags/hello.py took 0.089 seconds
[2026-03-05T15:22:27.111+0000] {processor.py:161} INFO - Started process (PID=292) to work on /opt/airflow/dags/hello.py
[2026-03-05T15:22:27.112+0000] {processor.py:830} INFO - Processing file /opt/airflow/dags/hello.py for tasks to queue
[2026-03-05T15:22:27.114+0000] {logging_mixin.py:188} INFO - [2026-03-05T15:22:27.114+0000] {dagbag.py:545} INFO - Filling up the DagBag from /opt/airflow/dags/hello.py
[2026-03-05T15:22:27.133+0000] {processor.py:840} INFO - DAG(s) 'my_dag' retrieved from /opt/airflow/dags/hello.py
[2026-03-05T15:22:27.149+0000] {logging_mixin.py:188} INFO - [2026-03-05T15:22:27.149+0000] {dag.py:3089} INFO - Sync 1 DAGs
[2026-03-05T15:22:27.160+0000] {logging_mixin.py:188} INFO - [2026-03-05T15:22:27.160+0000] {dag.py:3947} INFO - Setting next_dagrun for my_dag to None, run_after=None
[2026-03-05T15:22:27.195+0000] {processor.py:183} INFO - Processing /opt/airflow/dags/hello.py took 0.089 seconds
[2026-03-05T15:22:57.400+0000] {processor.py:161} INFO - Started process (PID=353) to work on /opt/airflow/dags/hello.py
[2026-03-05T15:22:57.401+0000] {processor.py:830} INFO - Processing file /opt/airflow/dags/hello.py for tasks to queue
[2026-03-05T15:22:57.405+0000] {logging_mixin.py:188} INFO - [2026-03-05T15:22:57.405+0000] {dagbag.py:545} INFO - Filling up the DagBag from /opt/airflow/dags/hello.py
[2026-03-05T15:22:57.444+0000] {processor.py:840} INFO - DAG(s) 'my_dag' retrieved from /opt/airflow/dags/hello.py
[2026-03-05T15:22:57.466+0000] {logging_mixin.py:188} INFO - [2026-03-05T15:22:57.465+0000] {dag.py:3089} INFO - Sync 1 DAGs
[2026-03-05T15:22:57.479+0000] {logging_mixin.py:188} INFO - [2026-03-05T15:22:57.479+0000] {dag.py:3947} INFO - Setting next_dagrun for my_dag to None, run_after=None
[2026-03-05T15:22:57.504+0000] {processor.py:183} INFO - Processing /opt/airflow/dags/hello.py took 0.111 seconds
[2026-03-05T15:23:28.114+0000] {processor.py:161} INFO - Started process (PID=414) to work on /opt/airflow/dags/hello.py
[2026-03-05T15:23:28.116+0000] {processor.py:830} INFO - Processing file /opt/airflow/dags/hello.py for tasks to queue
[2026-03-05T15:23:28.119+0000] {logging_mixin.py:188} INFO - [2026-03-05T15:23:28.119+0000] {dagbag.py:545} INFO - Filling up the DagBag from /opt/airflow/dags/hello.py
[2026-03-05T15:23:28.140+0000] {processor.py:840} INFO - DAG(s) 'my_dag' retrieved from /opt/airflow/dags/hello.py
[2026-03-05T15:23:28.163+0000] {logging_mixin.py:188} INFO - [2026-03-05T15:23:28.163+0000] {dag.py:3089} INFO - Sync 1 DAGs
[2026-03-05T15:23:28.177+0000] {logging_mixin.py:188} INFO - [2026-03-05T15:23:28.177+0000] {dag.py:3947} INFO - Setting next_dagrun for my_dag to None, run_after=None
[2026-03-05T15:23:28.207+0000] {processor.py:183} INFO - Processing /opt/airflow/dags/hello.py took 0.098 seconds
[2026-03-05T15:23:58.458+0000] {processor.py:161} INFO - Started process (PID=481) to work on /opt/airflow/dags/hello.py
[2026-03-05T15:23:58.460+0000] {processor.py:830} INFO - Processing file /opt/airflow/dags/hello.py for tasks to queue
[2026-03-05T15:23:58.463+0000] {logging_mixin.py:188} INFO - [2026-03-05T15:23:58.462+0000] {dagbag.py:545} INFO - Filling up the DagBag from /opt/airflow/dags/hello.py
[2026-03-05T15:23:58.494+0000] {processor.py:840} INFO - DAG(s) 'my_dag' retrieved from /opt/airflow/dags/hello.py
[2026-03-05T15:23:58.518+0000] {logging_mixin.py:188} INFO - [2026-03-05T15:23:58.518+0000] {dag.py:3089} INFO - Sync 1 DAGs
[2026-03-05T15:23:58.532+0000] {logging_mixin.py:188} INFO - [2026-03-05T15:23:58.531+0000] {dag.py:3947} INFO - Setting next_dagrun for my_dag to None, run_after=None
[2026-03-05T15:23:58.556+0000] {processor.py:183} INFO - Processing /opt/airflow/dags/hello.py took 0.103 seconds
[2026-03-05T15:24:29.152+0000] {processor.py:161} INFO - Started process (PID=542) to work on /opt/airflow/dags/hello.py
[2026-03-05T15:24:29.153+0000] {processor.py:830} INFO - Processing file /opt/airflow/dags/hello.py for tasks to queue
[2026-03-05T15:24:29.157+0000] {logging_mixin.py:188} INFO - [2026-03-05T15:24:29.156+0000] {dagbag.py:545} INFO - Filling up the DagBag from /opt/airflow/dags/hello.py
[2026-03-05T15:24:29.185+0000] {processor.py:840} INFO - DAG(s) 'my_dag' retrieved from /opt/airflow/dags/hello.py
[2026-03-05T15:24:29.205+0000] {logging_mixin.py:188} INFO - [2026-03-05T15:24:29.204+0000] {dag.py:3089} INFO - Sync 1 DAGs
[2026-03-05T15:24:29.220+0000] {logging_mixin.py:188} INFO - [2026-03-05T15:24:29.220+0000] {dag.py:3947} INFO - Setting next_dagrun for my_dag to None, run_after=None
[2026-03-05T15:24:29.257+0000] {processor.py:183} INFO - Processing /opt/airflow/dags/hello.py took 0.111 seconds
[2026-03-05T15:24:59.552+0000] {processor.py:161} INFO - Started process (PID=603) to work on /opt/airflow/dags/hello.py
[2026-03-05T15:24:59.553+0000] {processor.py:830} INFO - Processing file /opt/airflow/dags/hello.py for tasks to queue
[2026-03-05T15:24:59.556+0000] {logging_mixin.py:188} INFO - [2026-03-05T15:24:59.556+0000] {dagbag.py:545} INFO - Filling up the DagBag from /opt/airflow/dags/hello.py
[2026-03-05T15:24:59.581+0000] {processor.py:840} INFO - DAG(s) 'my_dag' retrieved from /opt/airflow/dags/hello.py
[2026-03-05T15:24:59.600+0000] {logging_mixin.py:188} INFO - [2026-03-05T15:24:59.600+0000] {dag.py:3089} INFO - Sync 1 DAGs
[2026-03-05T15:24:59.620+0000] {logging_mixin.py:188} INFO - [2026-03-05T15:24:59.620+0000] {dag.py:3947} INFO - Setting next_dagrun for my_dag to None, run_after=None
[2026-03-05T15:24:59.663+0000] {processor.py:183} INFO - Processing /opt/airflow/dags/hello.py took 0.117 seconds
[2026-03-05T15:25:30.037+0000] {processor.py:161} INFO - Started process (PID=664) to work on /opt/airflow/dags/hello.py
[2026-03-05T15:25:30.038+0000] {processor.py:830} INFO - Processing file /opt/airflow/dags/hello.py for tasks to queue
[2026-03-05T15:25:30.041+0000] {logging_mixin.py:188} INFO - [2026-03-05T15:25:30.040+0000] {dagbag.py:545} INFO - Filling up the DagBag from /opt/airflow/dags/hello.py
[2026-03-05T15:25:30.077+0000] {processor.py:840} INFO - DAG(s) 'my_dag' retrieved from /opt/airflow/dags/hello.py
[2026-03-05T15:25:30.096+0000] {logging_mixin.py:188} INFO - [2026-03-05T15:25:30.095+0000] {dag.py:3089} INFO - Sync 1 DAGs
[2026-03-05T15:25:30.108+0000] {logging_mixin.py:188} INFO - [2026-03-05T15:25:30.107+0000] {dag.py:3947} INFO - Setting next_dagrun for my_dag to None, run_after=None
[2026-03-05T15:25:30.136+0000] {processor.py:183} INFO - Processing /opt/airflow/dags/hello.py took 0.106 seconds
[2026-03-05T15:26:00.717+0000] {processor.py:161} INFO - Started process (PID=725) to work on /opt/airflow/dags/hello.py
[2026-03-05T15:26:00.719+0000] {processor.py:830} INFO - Processing file /opt/airflow/dags/hello.py for tasks to queue
[2026-03-05T15:26:00.721+0000] {logging_mixin.py:188} INFO - [2026-03-05T15:26:00.721+0000] {dagbag.py:545} INFO - Filling up the DagBag from /opt/airflow/dags/hello.py
[2026-03-05T15:26:00.760+0000] {processor.py:840} INFO - DAG(s) 'my_dag' retrieved from /opt/airflow/dags/hello.py
[2026-03-05T15:26:00.782+0000] {logging_mixin.py:188} INFO - [2026-03-05T15:26:00.781+0000] {dag.py:3089} INFO - Sync 1 DAGs
[2026-03-05T15:26:00.795+0000] {logging_mixin.py:188} INFO - [2026-03-05T15:26:00.795+0000] {dag.py:3947} INFO - Setting next_dagrun for my_dag to None, run_after=None
[2026-03-05T15:26:00.824+0000] {processor.py:183} INFO - Processing /opt/airflow/dags/hello.py took 0.113 seconds
[2026-03-05T15:26:31.350+0000] {processor.py:161} INFO - Started process (PID=786) to work on /opt/airflow/dags/hello.py
[2026-03-05T15:26:31.351+0000] {processor.py:830} INFO - Processing file /opt/airflow/dags/hello.py for tasks to queue
[2026-03-05T15:26:31.354+0000] {logging_mixin.py:188} INFO - [2026-03-05T15:26:31.353+0000] {dagbag.py:545} INFO - Filling up the DagBag from /opt/airflow/dags/hello.py
[2026-03-05T15:26:31.381+0000] {processor.py:840} INFO - DAG(s) 'my_dag' retrieved from /opt/airflow/dags/hello.py
[2026-03-05T15:26:31.398+0000] {logging_mixin.py:188} INFO - [2026-03-05T15:26:31.397+0000] {dag.py:3089} INFO - Sync 1 DAGs
[2026-03-05T15:26:31.410+0000] {logging_mixin.py:188} INFO - [2026-03-05T15:26:31.410+0000] {dag.py:3947} INFO - Setting next_dagrun for my_dag to None, run_after=None
[2026-03-05T15:26:31.434+0000] {processor.py:183} INFO - Processing /opt/airflow/dags/hello.py took 0.089 seconds
[2026-03-05T15:27:01.555+0000] {processor.py:161} INFO - Started process (PID=847) to work on /opt/airflow/dags/hello.py
[2026-03-05T15:27:01.556+0000] {processor.py:830} INFO - Processing file /opt/airflow/dags/hello.py for tasks to queue
[2026-03-05T15:27:01.558+0000] {logging_mixin.py:188} INFO - [2026-03-05T15:27:01.558+0000] {dagbag.py:545} INFO - Filling up the DagBag from /opt/airflow/dags/hello.py
[2026-03-05T15:27:01.587+0000] {processor.py:840} INFO - DAG(s) 'my_dag' retrieved from /opt/airflow/dags/hello.py
[2026-03-05T15:27:01.610+0000] {logging_mixin.py:188} INFO - [2026-03-05T15:27:01.609+0000] {dag.py:3089} INFO - Sync 1 DAGs
[2026-03-05T15:27:01.621+0000] {logging_mixin.py:188} INFO - [2026-03-05T15:27:01.621+0000] {dag.py:3947} INFO - Setting next_dagrun for my_dag to None, run_after=None
[2026-03-05T15:27:01.651+0000] {processor.py:183} INFO - Processing /opt/airflow/dags/hello.py took 0.102 seconds
[2026-03-05T15:27:31.896+0000] {processor.py:161} INFO - Started process (PID=908) to work on /opt/airflow/dags/hello.py
[2026-03-05T15:27:31.897+0000] {processor.py:830} INFO - Processing file /opt/airflow/dags/hello.py for tasks to queue
[2026-03-05T15:27:31.899+0000] {logging_mixin.py:188} INFO - [2026-03-05T15:27:31.898+0000] {dagbag.py:545} INFO - Filling up the DagBag from /opt/airflow/dags/hello.py
[2026-03-05T15:27:31.916+0000] {processor.py:840} INFO - DAG(s) 'my_dag' retrieved from /opt/airflow/dags/hello.py
[2026-03-05T15:27:31.932+0000] {logging_mixin.py:188} INFO - [2026-03-05T15:27:31.931+0000] {dag.py:3089} INFO - Sync 1 DAGs
[2026-03-05T15:27:31.941+0000] {logging_mixin.py:188} INFO - [2026-03-05T15:27:31.941+0000] {dag.py:3947} INFO - Setting next_dagrun for my_dag to None, run_after=None
[2026-03-05T15:27:31.960+0000] {processor.py:183} INFO - Processing /opt/airflow/dags/hello.py took 0.069 seconds
[2026-03-05T15:28:02.355+0000] {processor.py:161} INFO - Started process (PID=970) to work on /opt/airflow/dags/hello.py
[2026-03-05T15:28:02.357+0000] {processor.py:830} INFO - Processing file /opt/airflow/dags/hello.py for tasks to queue
[2026-03-05T15:28:02.359+0000] {logging_mixin.py:188} INFO - [2026-03-05T15:28:02.359+0000] {dagbag.py:545} INFO - Filling up the DagBag from /opt/airflow/dags/hello.py
[2026-03-05T15:28:02.385+0000] {processor.py:840} INFO - DAG(s) 'my_dag' retrieved from /opt/airflow/dags/hello.py
[2026-03-05T15:28:02.403+0000] {logging_mixin.py:188} INFO - [2026-03-05T15:28:02.403+0000] {dag.py:3089} INFO - Sync 1 DAGs
[2026-03-05T15:28:02.414+0000] {logging_mixin.py:188} INFO - [2026-03-05T15:28:02.414+0000] {dag.py:3947} INFO - Setting next_dagrun for my_dag to None, run_after=None
[2026-03-05T15:28:02.434+0000] {processor.py:183} INFO - Processing /opt/airflow/dags/hello.py took 0.084 seconds
[2026-03-05T15:28:32.705+0000] {processor.py:161} INFO - Started process (PID=1031) to work on /opt/airflow/dags/hello.py
[2026-03-05T15:28:32.708+0000] {processor.py:830} INFO - Processing file /opt/airflow/dags/hello.py for tasks to queue
[2026-03-05T15:28:32.710+0000] {logging_mixin.py:188} INFO - [2026-03-05T15:28:32.710+0000] {dagbag.py:545} INFO - Filling up the DagBag from /opt/airflow/dags/hello.py
[2026-03-05T15:28:32.746+0000] {processor.py:840} INFO - DAG(s) 'my_dag' retrieved from /opt/airflow/dags/hello.py
[2026-03-05T15:28:32.760+0000] {logging_mixin.py:188} INFO - [2026-03-05T15:28:32.760+0000] {dag.py:3089} INFO - Sync 1 DAGs
[2026-03-05T15:28:32.770+0000] {logging_mixin.py:188} INFO - [2026-03-05T15:28:32.770+0000] {dag.py:3947} INFO - Setting next_dagrun for my_dag to None, run_after=None
[2026-03-05T15:28:32.795+0000] {processor.py:183} INFO - Processing /opt/airflow/dags/hello.py took 0.108 seconds
[2026-03-05T15:29:03.423+0000] {processor.py:161} INFO - Started process (PID=1092) to work on /opt/airflow/dags/hello.py
[2026-03-05T15:29:03.424+0000] {processor.py:830} INFO - Processing file /opt/airflow/dags/hello.py for tasks to queue
[2026-03-05T15:29:03.426+0000] {logging_mixin.py:188} INFO - [2026-03-05T15:29:03.426+0000] {dagbag.py:545} INFO - Filling up the DagBag from /opt/airflow/dags/hello.py
[2026-03-05T15:29:03.448+0000] {processor.py:840} INFO - DAG(s) 'my_dag' retrieved from /opt/airflow/dags/hello.py
[2026-03-05T15:29:03.468+0000] {logging_mixin.py:188} INFO - [2026-03-05T15:29:03.468+0000] {dag.py:3089} INFO - Sync 1 DAGs
[2026-03-05T15:29:03.479+0000] {logging_mixin.py:188} INFO - [2026-03-05T15:29:03.479+0000] {dag.py:3947} INFO - Setting next_dagrun for my_dag to None, run_after=None
[2026-03-05T15:29:03.499+0000] {processor.py:183} INFO - Processing /opt/airflow/dags/hello.py took 0.084 seconds
[2026-03-05T15:29:34.058+0000] {processor.py:161} INFO - Started process (PID=1153) to work on /opt/airflow/dags/hello.py
[2026-03-05T15:29:34.060+0000] {processor.py:830} INFO - Processing file /opt/airflow/dags/hello.py for tasks to queue
[2026-03-05T15:29:34.062+0000] {logging_mixin.py:188} INFO - [2026-03-05T15:29:34.062+0000] {dagbag.py:545} INFO - Filling up the DagBag from /opt/airflow/dags/hello.py
[2026-03-05T15:29:34.085+0000] {processor.py:840} INFO - DAG(s) 'my_dag' retrieved from /opt/airflow/dags/hello.py
[2026-03-05T15:29:34.104+0000] {logging_mixin.py:188} INFO - [2026-03-05T15:29:34.104+0000] {dag.py:3089} INFO - Sync 1 DAGs
[2026-03-05T15:29:34.117+0000] {logging_mixin.py:188} INFO - [2026-03-05T15:29:34.117+0000] {dag.py:3947} INFO - Setting next_dagrun for my_dag to None, run_after=None
[2026-03-05T15:29:34.146+0000] {processor.py:183} INFO - Processing /opt/airflow/dags/hello.py took 0.095 seconds
[2026-03-05T15:30:04.431+0000] {processor.py:161} INFO - Started process (PID=1213) to work on /opt/airflow/dags/hello.py
[2026-03-05T15:30:04.432+0000] {processor.py:830} INFO - Processing file /opt/airflow/dags/hello.py for tasks to queue
[2026-03-05T15:30:04.434+0000] {logging_mixin.py:188} INFO - [2026-03-05T15:30:04.434+0000] {dagbag.py:545} INFO - Filling up the DagBag from /opt/airflow/dags/hello.py
[2026-03-05T15:30:04.465+0000] {processor.py:840} INFO - DAG(s) 'my_dag' retrieved from /opt/airflow/dags/hello.py
[2026-03-05T15:30:04.484+0000] {logging_mixin.py:188} INFO - [2026-03-05T15:30:04.484+0000] {dag.py:3089} INFO - Sync 1 DAGs
[2026-03-05T15:30:04.501+0000] {logging_mixin.py:188} INFO - [2026-03-05T15:30:04.500+0000] {dag.py:3947} INFO - Setting next_dagrun for my_dag to None, run_after=None
[2026-03-05T15:30:04.524+0000] {processor.py:183} INFO - Processing /opt/airflow/dags/hello.py took 0.099 seconds
[2026-03-05T15:30:34.724+0000] {processor.py:161} INFO - Started process (PID=1274) to work on /opt/airflow/dags/hello.py
[2026-03-05T15:30:34.726+0000] {processor.py:830} INFO - Processing file /opt/airflow/dags/hello.py for tasks to queue
[2026-03-05T15:30:34.728+0000] {logging_mixin.py:188} INFO - [2026-03-05T15:30:34.728+0000] {dagbag.py:545} INFO - Filling up the DagBag from /opt/airflow/dags/hello.py
[2026-03-05T15:30:34.753+0000] {processor.py:840} INFO - DAG(s) 'my_dag' retrieved from /opt/airflow/dags/hello.py
[2026-03-05T15:30:34.768+0000] {logging_mixin.py:188} INFO - [2026-03-05T15:30:34.768+0000] {dag.py:3089} INFO - Sync 1 DAGs
[2026-03-05T15:30:34.780+0000] {logging_mixin.py:188} INFO - [2026-03-05T15:30:34.779+0000] {dag.py:3947} INFO - Setting next_dagrun for my_dag to None, run_after=None
[2026-03-05T15:30:34.800+0000] {processor.py:183} INFO - Processing /opt/airflow/dags/hello.py took 0.080 seconds
[2026-03-05T15:31:05.072+0000] {processor.py:161} INFO - Started process (PID=1335) to work on /opt/airflow/dags/hello.py
[2026-03-05T15:31:05.074+0000] {processor.py:830} INFO - Processing file /opt/airflow/dags/hello.py for tasks to queue
[2026-03-05T15:31:05.078+0000] {logging_mixin.py:188} INFO - [2026-03-05T15:31:05.078+0000] {dagbag.py:545} INFO - Filling up the DagBag from /opt/airflow/dags/hello.py
[2026-03-05T15:31:05.114+0000] {processor.py:840} INFO - DAG(s) 'my_dag' retrieved from /opt/airflow/dags/hello.py
[2026-03-05T15:31:05.140+0000] {logging_mixin.py:188} INFO - [2026-03-05T15:31:05.139+0000] {dag.py:3089} INFO - Sync 1 DAGs
[2026-03-05T15:31:05.163+0000] {logging_mixin.py:188} INFO - [2026-03-05T15:31:05.163+0000] {dag.py:3947} INFO - Setting next_dagrun for my_dag to None, run_after=None
[2026-03-05T15:31:05.192+0000] {processor.py:183} INFO - Processing /opt/airflow/dags/hello.py took 0.128 seconds
