[2026-03-05T15:18:50.474+0000] {processor.py:161} INFO - Started process (PID=1254) to work on /opt/airflow/dags/my_consumer.py
[2026-03-05T15:18:50.487+0000] {processor.py:830} INFO - Processing file /opt/airflow/dags/my_consumer.py for tasks to queue
[2026-03-05T15:18:50.492+0000] {logging_mixin.py:188} INFO - [2026-03-05T15:18:50.492+0000] {dagbag.py:545} INFO - Filling up the DagBag from /opt/airflow/dags/my_consumer.py
[2026-03-05T15:18:50.517+0000] {processor.py:840} INFO - DAG(s) 'My_Consumer' retrieved from /opt/airflow/dags/my_consumer.py
[2026-03-05T15:18:50.616+0000] {logging_mixin.py:188} INFO - [2026-03-05T15:18:50.616+0000] {override.py:1858} INFO - Created Permission View: can delete on DAG:My_Consumer
[2026-03-05T15:18:50.626+0000] {logging_mixin.py:188} INFO - [2026-03-05T15:18:50.626+0000] {override.py:1858} INFO - Created Permission View: can read on DAG:My_Consumer
[2026-03-05T15:18:50.634+0000] {logging_mixin.py:188} INFO - [2026-03-05T15:18:50.634+0000] {override.py:1858} INFO - Created Permission View: can edit on DAG:My_Consumer
[2026-03-05T15:18:50.635+0000] {logging_mixin.py:188} INFO - [2026-03-05T15:18:50.635+0000] {dag.py:3089} INFO - Sync 1 DAGs
[2026-03-05T15:18:50.646+0000] {logging_mixin.py:188} INFO - [2026-03-05T15:18:50.646+0000] {dag.py:3111} INFO - Creating ORM DAG for My_Consumer
[2026-03-05T15:18:50.655+0000] {logging_mixin.py:188} INFO - [2026-03-05T15:18:50.655+0000] {dag.py:3947} INFO - Setting next_dagrun for My_Consumer to None, run_after=None
[2026-03-05T15:18:50.679+0000] {processor.py:183} INFO - Processing /opt/airflow/dags/my_consumer.py took 0.211 seconds
[2026-03-05T15:20:25.103+0000] {processor.py:161} INFO - Started process (PID=47) to work on /opt/airflow/dags/my_consumer.py
[2026-03-05T15:20:25.111+0000] {processor.py:830} INFO - Processing file /opt/airflow/dags/my_consumer.py for tasks to queue
[2026-03-05T15:20:25.118+0000] {logging_mixin.py:188} INFO - [2026-03-05T15:20:25.117+0000] {dagbag.py:545} INFO - Filling up the DagBag from /opt/airflow/dags/my_consumer.py
[2026-03-05T15:20:25.150+0000] {processor.py:840} INFO - DAG(s) 'My_Consumer' retrieved from /opt/airflow/dags/my_consumer.py
[2026-03-05T15:20:25.301+0000] {logging_mixin.py:188} INFO - [2026-03-05T15:20:25.300+0000] {dag.py:3089} INFO - Sync 1 DAGs
[2026-03-05T15:20:25.324+0000] {logging_mixin.py:188} INFO - [2026-03-05T15:20:25.324+0000] {dag.py:3947} INFO - Setting next_dagrun for My_Consumer to None, run_after=None
[2026-03-05T15:20:25.363+0000] {processor.py:183} INFO - Processing /opt/airflow/dags/my_consumer.py took 0.268 seconds
[2026-03-05T15:20:56.134+0000] {processor.py:161} INFO - Started process (PID=108) to work on /opt/airflow/dags/my_consumer.py
[2026-03-05T15:20:56.135+0000] {processor.py:830} INFO - Processing file /opt/airflow/dags/my_consumer.py for tasks to queue
[2026-03-05T15:20:56.137+0000] {logging_mixin.py:188} INFO - [2026-03-05T15:20:56.137+0000] {dagbag.py:545} INFO - Filling up the DagBag from /opt/airflow/dags/my_consumer.py
[2026-03-05T15:20:56.149+0000] {processor.py:840} INFO - DAG(s) 'My_Consumer' retrieved from /opt/airflow/dags/my_consumer.py
[2026-03-05T15:20:56.166+0000] {logging_mixin.py:188} INFO - [2026-03-05T15:20:56.165+0000] {dag.py:3089} INFO - Sync 1 DAGs
[2026-03-05T15:20:56.185+0000] {logging_mixin.py:188} INFO - [2026-03-05T15:20:56.184+0000] {dag.py:3947} INFO - Setting next_dagrun for My_Consumer to None, run_after=None
[2026-03-05T15:20:56.210+0000] {processor.py:183} INFO - Processing /opt/airflow/dags/my_consumer.py took 0.081 seconds
[2026-03-05T15:21:26.441+0000] {processor.py:161} INFO - Started process (PID=169) to work on /opt/airflow/dags/my_consumer.py
[2026-03-05T15:21:26.442+0000] {processor.py:830} INFO - Processing file /opt/airflow/dags/my_consumer.py for tasks to queue
[2026-03-05T15:21:26.445+0000] {logging_mixin.py:188} INFO - [2026-03-05T15:21:26.444+0000] {dagbag.py:545} INFO - Filling up the DagBag from /opt/airflow/dags/my_consumer.py
[2026-03-05T15:21:26.466+0000] {processor.py:840} INFO - DAG(s) 'My_Consumer' retrieved from /opt/airflow/dags/my_consumer.py
[2026-03-05T15:21:26.485+0000] {logging_mixin.py:188} INFO - [2026-03-05T15:21:26.484+0000] {dag.py:3089} INFO - Sync 1 DAGs
[2026-03-05T15:21:26.504+0000] {logging_mixin.py:188} INFO - [2026-03-05T15:21:26.503+0000] {dag.py:3947} INFO - Setting next_dagrun for My_Consumer to None, run_after=None
[2026-03-05T15:21:26.525+0000] {processor.py:183} INFO - Processing /opt/airflow/dags/my_consumer.py took 0.090 seconds
[2026-03-05T15:21:56.648+0000] {processor.py:161} INFO - Started process (PID=230) to work on /opt/airflow/dags/my_consumer.py
[2026-03-05T15:21:56.650+0000] {processor.py:830} INFO - Processing file /opt/airflow/dags/my_consumer.py for tasks to queue
[2026-03-05T15:21:56.652+0000] {logging_mixin.py:188} INFO - [2026-03-05T15:21:56.652+0000] {dagbag.py:545} INFO - Filling up the DagBag from /opt/airflow/dags/my_consumer.py
[2026-03-05T15:21:56.675+0000] {processor.py:840} INFO - DAG(s) 'My_Consumer' retrieved from /opt/airflow/dags/my_consumer.py
[2026-03-05T15:21:56.692+0000] {logging_mixin.py:188} INFO - [2026-03-05T15:21:56.692+0000] {dag.py:3089} INFO - Sync 1 DAGs
[2026-03-05T15:21:56.711+0000] {logging_mixin.py:188} INFO - [2026-03-05T15:21:56.711+0000] {dag.py:3947} INFO - Setting next_dagrun for My_Consumer to None, run_after=None
[2026-03-05T15:21:56.735+0000] {processor.py:183} INFO - Processing /opt/airflow/dags/my_consumer.py took 0.092 seconds
[2026-03-05T15:22:26.931+0000] {processor.py:161} INFO - Started process (PID=291) to work on /opt/airflow/dags/my_consumer.py
[2026-03-05T15:22:26.932+0000] {processor.py:830} INFO - Processing file /opt/airflow/dags/my_consumer.py for tasks to queue
[2026-03-05T15:22:26.934+0000] {logging_mixin.py:188} INFO - [2026-03-05T15:22:26.934+0000] {dagbag.py:545} INFO - Filling up the DagBag from /opt/airflow/dags/my_consumer.py
[2026-03-05T15:22:26.961+0000] {processor.py:840} INFO - DAG(s) 'My_Consumer' retrieved from /opt/airflow/dags/my_consumer.py
[2026-03-05T15:22:26.981+0000] {logging_mixin.py:188} INFO - [2026-03-05T15:22:26.980+0000] {dag.py:3089} INFO - Sync 1 DAGs
[2026-03-05T15:22:27.001+0000] {logging_mixin.py:188} INFO - [2026-03-05T15:22:27.001+0000] {dag.py:3947} INFO - Setting next_dagrun for My_Consumer to None, run_after=None
[2026-03-05T15:22:27.029+0000] {processor.py:183} INFO - Processing /opt/airflow/dags/my_consumer.py took 0.104 seconds
[2026-03-05T15:22:57.210+0000] {processor.py:161} INFO - Started process (PID=352) to work on /opt/airflow/dags/my_consumer.py
[2026-03-05T15:22:57.212+0000] {processor.py:830} INFO - Processing file /opt/airflow/dags/my_consumer.py for tasks to queue
[2026-03-05T15:22:57.221+0000] {logging_mixin.py:188} INFO - [2026-03-05T15:22:57.220+0000] {dagbag.py:545} INFO - Filling up the DagBag from /opt/airflow/dags/my_consumer.py
[2026-03-05T15:22:57.252+0000] {processor.py:840} INFO - DAG(s) 'My_Consumer' retrieved from /opt/airflow/dags/my_consumer.py
[2026-03-05T15:22:57.273+0000] {logging_mixin.py:188} INFO - [2026-03-05T15:22:57.273+0000] {dag.py:3089} INFO - Sync 1 DAGs
[2026-03-05T15:22:57.300+0000] {logging_mixin.py:188} INFO - [2026-03-05T15:22:57.299+0000] {dag.py:3947} INFO - Setting next_dagrun for My_Consumer to None, run_after=None
[2026-03-05T15:22:57.333+0000] {processor.py:183} INFO - Processing /opt/airflow/dags/my_consumer.py took 0.133 seconds
[2026-03-05T15:23:27.940+0000] {processor.py:161} INFO - Started process (PID=413) to work on /opt/airflow/dags/my_consumer.py
[2026-03-05T15:23:27.943+0000] {processor.py:830} INFO - Processing file /opt/airflow/dags/my_consumer.py for tasks to queue
[2026-03-05T15:23:27.946+0000] {logging_mixin.py:188} INFO - [2026-03-05T15:23:27.946+0000] {dagbag.py:545} INFO - Filling up the DagBag from /opt/airflow/dags/my_consumer.py
[2026-03-05T15:23:27.973+0000] {processor.py:840} INFO - DAG(s) 'My_Consumer' retrieved from /opt/airflow/dags/my_consumer.py
[2026-03-05T15:23:27.995+0000] {logging_mixin.py:188} INFO - [2026-03-05T15:23:27.995+0000] {dag.py:3089} INFO - Sync 1 DAGs
[2026-03-05T15:23:28.016+0000] {logging_mixin.py:188} INFO - [2026-03-05T15:23:28.016+0000] {dag.py:3947} INFO - Setting next_dagrun for My_Consumer to None, run_after=None
[2026-03-05T15:23:28.055+0000] {processor.py:183} INFO - Processing /opt/airflow/dags/my_consumer.py took 0.125 seconds
[2026-03-05T15:23:58.171+0000] {processor.py:161} INFO - Started process (PID=480) to work on /opt/airflow/dags/my_consumer.py
[2026-03-05T15:23:58.173+0000] {processor.py:830} INFO - Processing file /opt/airflow/dags/my_consumer.py for tasks to queue
[2026-03-05T15:23:58.180+0000] {logging_mixin.py:188} INFO - [2026-03-05T15:23:58.179+0000] {dagbag.py:545} INFO - Filling up the DagBag from /opt/airflow/dags/my_consumer.py
[2026-03-05T15:23:58.223+0000] {processor.py:840} INFO - DAG(s) 'My_Consumer' retrieved from /opt/airflow/dags/my_consumer.py
[2026-03-05T15:23:58.274+0000] {logging_mixin.py:188} INFO - [2026-03-05T15:23:58.271+0000] {dag.py:3089} INFO - Sync 1 DAGs
[2026-03-05T15:23:58.325+0000] {logging_mixin.py:188} INFO - [2026-03-05T15:23:58.325+0000] {dag.py:3947} INFO - Setting next_dagrun for My_Consumer to None, run_after=None
[2026-03-05T15:23:58.375+0000] {processor.py:183} INFO - Processing /opt/airflow/dags/my_consumer.py took 0.213 seconds
[2026-03-05T15:24:28.958+0000] {processor.py:161} INFO - Started process (PID=541) to work on /opt/airflow/dags/my_consumer.py
[2026-03-05T15:24:28.963+0000] {processor.py:830} INFO - Processing file /opt/airflow/dags/my_consumer.py for tasks to queue
[2026-03-05T15:24:28.966+0000] {logging_mixin.py:188} INFO - [2026-03-05T15:24:28.965+0000] {dagbag.py:545} INFO - Filling up the DagBag from /opt/airflow/dags/my_consumer.py
[2026-03-05T15:24:28.993+0000] {processor.py:840} INFO - DAG(s) 'My_Consumer' retrieved from /opt/airflow/dags/my_consumer.py
[2026-03-05T15:24:29.014+0000] {logging_mixin.py:188} INFO - [2026-03-05T15:24:29.014+0000] {dag.py:3089} INFO - Sync 1 DAGs
[2026-03-05T15:24:29.035+0000] {logging_mixin.py:188} INFO - [2026-03-05T15:24:29.035+0000] {dag.py:3947} INFO - Setting next_dagrun for My_Consumer to None, run_after=None
[2026-03-05T15:24:29.072+0000] {processor.py:183} INFO - Processing /opt/airflow/dags/my_consumer.py took 0.119 seconds
[2026-03-05T15:24:59.377+0000] {processor.py:161} INFO - Started process (PID=602) to work on /opt/airflow/dags/my_consumer.py
[2026-03-05T15:24:59.378+0000] {processor.py:830} INFO - Processing file /opt/airflow/dags/my_consumer.py for tasks to queue
[2026-03-05T15:24:59.379+0000] {logging_mixin.py:188} INFO - [2026-03-05T15:24:59.379+0000] {dagbag.py:545} INFO - Filling up the DagBag from /opt/airflow/dags/my_consumer.py
[2026-03-05T15:24:59.413+0000] {processor.py:840} INFO - DAG(s) 'My_Consumer' retrieved from /opt/airflow/dags/my_consumer.py
[2026-03-05T15:24:59.439+0000] {logging_mixin.py:188} INFO - [2026-03-05T15:24:59.438+0000] {dag.py:3089} INFO - Sync 1 DAGs
[2026-03-05T15:24:59.461+0000] {logging_mixin.py:188} INFO - [2026-03-05T15:24:59.461+0000] {dag.py:3947} INFO - Setting next_dagrun for My_Consumer to None, run_after=None
[2026-03-05T15:24:59.490+0000] {processor.py:183} INFO - Processing /opt/airflow/dags/my_consumer.py took 0.119 seconds
[2026-03-05T15:25:29.859+0000] {processor.py:161} INFO - Started process (PID=663) to work on /opt/airflow/dags/my_consumer.py
[2026-03-05T15:25:29.861+0000] {processor.py:830} INFO - Processing file /opt/airflow/dags/my_consumer.py for tasks to queue
[2026-03-05T15:25:29.867+0000] {logging_mixin.py:188} INFO - [2026-03-05T15:25:29.867+0000] {dagbag.py:545} INFO - Filling up the DagBag from /opt/airflow/dags/my_consumer.py
[2026-03-05T15:25:29.898+0000] {processor.py:840} INFO - DAG(s) 'My_Consumer' retrieved from /opt/airflow/dags/my_consumer.py
[2026-03-05T15:25:29.923+0000] {logging_mixin.py:188} INFO - [2026-03-05T15:25:29.923+0000] {dag.py:3089} INFO - Sync 1 DAGs
[2026-03-05T15:25:29.947+0000] {logging_mixin.py:188} INFO - [2026-03-05T15:25:29.947+0000] {dag.py:3947} INFO - Setting next_dagrun for My_Consumer to None, run_after=None
[2026-03-05T15:25:29.970+0000] {processor.py:183} INFO - Processing /opt/airflow/dags/my_consumer.py took 0.121 seconds
[2026-03-05T15:26:00.556+0000] {processor.py:161} INFO - Started process (PID=724) to work on /opt/airflow/dags/my_consumer.py
[2026-03-05T15:26:00.558+0000] {processor.py:830} INFO - Processing file /opt/airflow/dags/my_consumer.py for tasks to queue
[2026-03-05T15:26:00.560+0000] {logging_mixin.py:188} INFO - [2026-03-05T15:26:00.559+0000] {dagbag.py:545} INFO - Filling up the DagBag from /opt/airflow/dags/my_consumer.py
[2026-03-05T15:26:00.580+0000] {processor.py:840} INFO - DAG(s) 'My_Consumer' retrieved from /opt/airflow/dags/my_consumer.py
[2026-03-05T15:26:00.601+0000] {logging_mixin.py:188} INFO - [2026-03-05T15:26:00.601+0000] {dag.py:3089} INFO - Sync 1 DAGs
[2026-03-05T15:26:00.620+0000] {logging_mixin.py:188} INFO - [2026-03-05T15:26:00.619+0000] {dag.py:3947} INFO - Setting next_dagrun for My_Consumer to None, run_after=None
[2026-03-05T15:26:00.647+0000] {processor.py:183} INFO - Processing /opt/airflow/dags/my_consumer.py took 0.097 seconds
[2026-03-05T15:26:31.207+0000] {processor.py:161} INFO - Started process (PID=785) to work on /opt/airflow/dags/my_consumer.py
[2026-03-05T15:26:31.208+0000] {processor.py:830} INFO - Processing file /opt/airflow/dags/my_consumer.py for tasks to queue
[2026-03-05T15:26:31.210+0000] {logging_mixin.py:188} INFO - [2026-03-05T15:26:31.210+0000] {dagbag.py:545} INFO - Filling up the DagBag from /opt/airflow/dags/my_consumer.py
[2026-03-05T15:26:31.222+0000] {processor.py:840} INFO - DAG(s) 'My_Consumer' retrieved from /opt/airflow/dags/my_consumer.py
[2026-03-05T15:26:31.240+0000] {logging_mixin.py:188} INFO - [2026-03-05T15:26:31.240+0000] {dag.py:3089} INFO - Sync 1 DAGs
[2026-03-05T15:26:31.259+0000] {logging_mixin.py:188} INFO - [2026-03-05T15:26:31.258+0000] {dag.py:3947} INFO - Setting next_dagrun for My_Consumer to None, run_after=None
[2026-03-05T15:26:31.287+0000] {processor.py:183} INFO - Processing /opt/airflow/dags/my_consumer.py took 0.085 seconds
[2026-03-05T15:26:38.280+0000] {processor.py:161} INFO - Started process (PID=837) to work on /opt/airflow/dags/my_consumer.py
[2026-03-05T15:26:38.281+0000] {processor.py:830} INFO - Processing file /opt/airflow/dags/my_consumer.py for tasks to queue
[2026-03-05T15:26:38.284+0000] {logging_mixin.py:188} INFO - [2026-03-05T15:26:38.283+0000] {dagbag.py:545} INFO - Filling up the DagBag from /opt/airflow/dags/my_consumer.py
[2026-03-05T15:26:38.323+0000] {processor.py:840} INFO - DAG(s) 'My_Consumer' retrieved from /opt/airflow/dags/my_consumer.py
[2026-03-05T15:26:38.413+0000] {logging_mixin.py:188} INFO - [2026-03-05T15:26:38.413+0000] {dag.py:3089} INFO - Sync 1 DAGs
[2026-03-05T15:26:38.433+0000] {logging_mixin.py:188} INFO - [2026-03-05T15:26:38.433+0000] {dag.py:3947} INFO - Setting next_dagrun for My_Consumer to None, run_after=None
[2026-03-05T15:26:38.473+0000] {processor.py:183} INFO - Processing /opt/airflow/dags/my_consumer.py took 0.203 seconds
[2026-03-05T15:27:09.283+0000] {processor.py:161} INFO - Started process (PID=898) to work on /opt/airflow/dags/my_consumer.py
[2026-03-05T15:27:09.285+0000] {processor.py:830} INFO - Processing file /opt/airflow/dags/my_consumer.py for tasks to queue
[2026-03-05T15:27:09.289+0000] {logging_mixin.py:188} INFO - [2026-03-05T15:27:09.288+0000] {dagbag.py:545} INFO - Filling up the DagBag from /opt/airflow/dags/my_consumer.py
[2026-03-05T15:27:09.330+0000] {processor.py:840} INFO - DAG(s) 'My_Consumer' retrieved from /opt/airflow/dags/my_consumer.py
[2026-03-05T15:27:09.370+0000] {logging_mixin.py:188} INFO - [2026-03-05T15:27:09.369+0000] {dag.py:3089} INFO - Sync 1 DAGs
[2026-03-05T15:27:09.394+0000] {logging_mixin.py:188} INFO - [2026-03-05T15:27:09.394+0000] {dag.py:3947} INFO - Setting next_dagrun for My_Consumer to None, run_after=None
[2026-03-05T15:27:09.427+0000] {processor.py:183} INFO - Processing /opt/airflow/dags/my_consumer.py took 0.152 seconds
[2026-03-05T15:27:39.571+0000] {processor.py:161} INFO - Started process (PID=960) to work on /opt/airflow/dags/my_consumer.py
[2026-03-05T15:27:39.572+0000] {processor.py:830} INFO - Processing file /opt/airflow/dags/my_consumer.py for tasks to queue
[2026-03-05T15:27:39.575+0000] {logging_mixin.py:188} INFO - [2026-03-05T15:27:39.574+0000] {dagbag.py:545} INFO - Filling up the DagBag from /opt/airflow/dags/my_consumer.py
[2026-03-05T15:27:39.606+0000] {processor.py:840} INFO - DAG(s) 'My_Consumer' retrieved from /opt/airflow/dags/my_consumer.py
[2026-03-05T15:27:39.625+0000] {logging_mixin.py:188} INFO - [2026-03-05T15:27:39.625+0000] {dag.py:3089} INFO - Sync 1 DAGs
[2026-03-05T15:27:39.643+0000] {logging_mixin.py:188} INFO - [2026-03-05T15:27:39.643+0000] {dag.py:3947} INFO - Setting next_dagrun for My_Consumer to None, run_after=None
[2026-03-05T15:27:39.672+0000] {processor.py:183} INFO - Processing /opt/airflow/dags/my_consumer.py took 0.107 seconds
[2026-03-05T15:28:09.878+0000] {processor.py:161} INFO - Started process (PID=1012) to work on /opt/airflow/dags/my_consumer.py
[2026-03-05T15:28:09.880+0000] {processor.py:830} INFO - Processing file /opt/airflow/dags/my_consumer.py for tasks to queue
[2026-03-05T15:28:09.884+0000] {logging_mixin.py:188} INFO - [2026-03-05T15:28:09.883+0000] {dagbag.py:545} INFO - Filling up the DagBag from /opt/airflow/dags/my_consumer.py
[2026-03-05T15:28:09.929+0000] {processor.py:840} INFO - DAG(s) 'My_Consumer' retrieved from /opt/airflow/dags/my_consumer.py
[2026-03-05T15:28:09.953+0000] {logging_mixin.py:188} INFO - [2026-03-05T15:28:09.952+0000] {dag.py:3089} INFO - Sync 1 DAGs
[2026-03-05T15:28:09.974+0000] {logging_mixin.py:188} INFO - [2026-03-05T15:28:09.974+0000] {dag.py:3947} INFO - Setting next_dagrun for My_Consumer to None, run_after=None
[2026-03-05T15:28:10.003+0000] {processor.py:183} INFO - Processing /opt/airflow/dags/my_consumer.py took 0.133 seconds
[2026-03-05T15:28:40.205+0000] {processor.py:161} INFO - Started process (PID=1073) to work on /opt/airflow/dags/my_consumer.py
[2026-03-05T15:28:40.207+0000] {processor.py:830} INFO - Processing file /opt/airflow/dags/my_consumer.py for tasks to queue
[2026-03-05T15:28:40.210+0000] {logging_mixin.py:188} INFO - [2026-03-05T15:28:40.210+0000] {dagbag.py:545} INFO - Filling up the DagBag from /opt/airflow/dags/my_consumer.py
[2026-03-05T15:28:40.261+0000] {processor.py:840} INFO - DAG(s) 'My_Consumer' retrieved from /opt/airflow/dags/my_consumer.py
[2026-03-05T15:28:40.286+0000] {logging_mixin.py:188} INFO - [2026-03-05T15:28:40.286+0000] {dag.py:3089} INFO - Sync 1 DAGs
[2026-03-05T15:28:40.309+0000] {logging_mixin.py:188} INFO - [2026-03-05T15:28:40.309+0000] {dag.py:3947} INFO - Setting next_dagrun for My_Consumer to None, run_after=None
[2026-03-05T15:28:40.344+0000] {processor.py:183} INFO - Processing /opt/airflow/dags/my_consumer.py took 0.147 seconds
[2026-03-05T15:29:10.419+0000] {processor.py:161} INFO - Started process (PID=1134) to work on /opt/airflow/dags/my_consumer.py
[2026-03-05T15:29:10.421+0000] {processor.py:830} INFO - Processing file /opt/airflow/dags/my_consumer.py for tasks to queue
[2026-03-05T15:29:10.424+0000] {logging_mixin.py:188} INFO - [2026-03-05T15:29:10.423+0000] {dagbag.py:545} INFO - Filling up the DagBag from /opt/airflow/dags/my_consumer.py
[2026-03-05T15:29:10.451+0000] {processor.py:840} INFO - DAG(s) 'My_Consumer' retrieved from /opt/airflow/dags/my_consumer.py
[2026-03-05T15:29:10.477+0000] {logging_mixin.py:188} INFO - [2026-03-05T15:29:10.476+0000] {dag.py:3089} INFO - Sync 1 DAGs
[2026-03-05T15:29:10.503+0000] {logging_mixin.py:188} INFO - [2026-03-05T15:29:10.502+0000] {dag.py:3947} INFO - Setting next_dagrun for My_Consumer to None, run_after=None
[2026-03-05T15:29:10.537+0000] {processor.py:183} INFO - Processing /opt/airflow/dags/my_consumer.py took 0.124 seconds
[2026-03-05T15:29:41.049+0000] {processor.py:161} INFO - Started process (PID=1195) to work on /opt/airflow/dags/my_consumer.py
[2026-03-05T15:29:41.050+0000] {processor.py:830} INFO - Processing file /opt/airflow/dags/my_consumer.py for tasks to queue
[2026-03-05T15:29:41.052+0000] {logging_mixin.py:188} INFO - [2026-03-05T15:29:41.052+0000] {dagbag.py:545} INFO - Filling up the DagBag from /opt/airflow/dags/my_consumer.py
[2026-03-05T15:29:41.079+0000] {processor.py:840} INFO - DAG(s) 'My_Consumer' retrieved from /opt/airflow/dags/my_consumer.py
[2026-03-05T15:29:41.100+0000] {logging_mixin.py:188} INFO - [2026-03-05T15:29:41.100+0000] {dag.py:3089} INFO - Sync 1 DAGs
[2026-03-05T15:29:41.126+0000] {logging_mixin.py:188} INFO - [2026-03-05T15:29:41.126+0000] {dag.py:3947} INFO - Setting next_dagrun for My_Consumer to None, run_after=None
[2026-03-05T15:29:41.156+0000] {processor.py:183} INFO - Processing /opt/airflow/dags/my_consumer.py took 0.111 seconds
[2026-03-05T15:30:11.440+0000] {processor.py:161} INFO - Started process (PID=1255) to work on /opt/airflow/dags/my_consumer.py
[2026-03-05T15:30:11.442+0000] {processor.py:830} INFO - Processing file /opt/airflow/dags/my_consumer.py for tasks to queue
[2026-03-05T15:30:11.446+0000] {logging_mixin.py:188} INFO - [2026-03-05T15:30:11.445+0000] {dagbag.py:545} INFO - Filling up the DagBag from /opt/airflow/dags/my_consumer.py
[2026-03-05T15:30:11.473+0000] {processor.py:840} INFO - DAG(s) 'My_Consumer' retrieved from /opt/airflow/dags/my_consumer.py
[2026-03-05T15:30:11.498+0000] {logging_mixin.py:188} INFO - [2026-03-05T15:30:11.498+0000] {dag.py:3089} INFO - Sync 1 DAGs
[2026-03-05T15:30:11.520+0000] {logging_mixin.py:188} INFO - [2026-03-05T15:30:11.520+0000] {dag.py:3947} INFO - Setting next_dagrun for My_Consumer to None, run_after=None
[2026-03-05T15:30:11.548+0000] {processor.py:183} INFO - Processing /opt/airflow/dags/my_consumer.py took 0.118 seconds
[2026-03-05T15:30:41.798+0000] {processor.py:161} INFO - Started process (PID=1316) to work on /opt/airflow/dags/my_consumer.py
[2026-03-05T15:30:41.800+0000] {processor.py:830} INFO - Processing file /opt/airflow/dags/my_consumer.py for tasks to queue
[2026-03-05T15:30:41.803+0000] {logging_mixin.py:188} INFO - [2026-03-05T15:30:41.803+0000] {dagbag.py:545} INFO - Filling up the DagBag from /opt/airflow/dags/my_consumer.py
[2026-03-05T15:30:41.826+0000] {processor.py:840} INFO - DAG(s) 'My_Consumer' retrieved from /opt/airflow/dags/my_consumer.py
[2026-03-05T15:30:41.856+0000] {logging_mixin.py:188} INFO - [2026-03-05T15:30:41.856+0000] {dag.py:3089} INFO - Sync 1 DAGs
[2026-03-05T15:30:41.886+0000] {logging_mixin.py:188} INFO - [2026-03-05T15:30:41.886+0000] {dag.py:3947} INFO - Setting next_dagrun for My_Consumer to None, run_after=None
[2026-03-05T15:30:41.920+0000] {processor.py:183} INFO - Processing /opt/airflow/dags/my_consumer.py took 0.128 seconds
