[2026-03-05T15:07:00.205+0000] {processor.py:161} INFO - Started process (PID=5264) to work on /opt/airflow/dags/my_producer.py
[2026-03-05T15:07:00.206+0000] {processor.py:830} INFO - Processing file /opt/airflow/dags/my_producer.py for tasks to queue
[2026-03-05T15:07:00.210+0000] {logging_mixin.py:188} INFO - [2026-03-05T15:07:00.210+0000] {dagbag.py:545} INFO - Filling up the DagBag from /opt/airflow/dags/my_producer.py
[2026-03-05T15:07:00.305+0000] {processor.py:840} INFO - DAG(s) 'My_Producer' retrieved from /opt/airflow/dags/my_producer.py
[2026-03-05T15:07:00.389+0000] {logging_mixin.py:188} INFO - [2026-03-05T15:07:00.389+0000] {override.py:1858} INFO - Created Permission View: can edit on DAG:My_Producer
[2026-03-05T15:07:00.399+0000] {logging_mixin.py:188} INFO - [2026-03-05T15:07:00.398+0000] {override.py:1858} INFO - Created Permission View: can delete on DAG:My_Producer
[2026-03-05T15:07:00.405+0000] {logging_mixin.py:188} INFO - [2026-03-05T15:07:00.404+0000] {override.py:1858} INFO - Created Permission View: can read on DAG:My_Producer
[2026-03-05T15:07:00.406+0000] {logging_mixin.py:188} INFO - [2026-03-05T15:07:00.405+0000] {dag.py:3089} INFO - Sync 1 DAGs
[2026-03-05T15:07:00.415+0000] {logging_mixin.py:188} INFO - [2026-03-05T15:07:00.415+0000] {dag.py:3111} INFO - Creating ORM DAG for My_Producer
[2026-03-05T15:07:00.424+0000] {logging_mixin.py:188} INFO - [2026-03-05T15:07:00.424+0000] {dag.py:3947} INFO - Setting next_dagrun for My_Producer to 2026-03-04 00:00:00+00:00, run_after=2026-03-05 00:00:00+00:00
[2026-03-05T15:07:00.447+0000] {processor.py:183} INFO - Processing /opt/airflow/dags/my_producer.py took 0.250 seconds
[2026-03-05T15:07:31.175+0000] {processor.py:161} INFO - Started process (PID=5325) to work on /opt/airflow/dags/my_producer.py
[2026-03-05T15:07:31.177+0000] {processor.py:830} INFO - Processing file /opt/airflow/dags/my_producer.py for tasks to queue
[2026-03-05T15:07:31.179+0000] {logging_mixin.py:188} INFO - [2026-03-05T15:07:31.179+0000] {dagbag.py:545} INFO - Filling up the DagBag from /opt/airflow/dags/my_producer.py
[2026-03-05T15:07:31.220+0000] {processor.py:840} INFO - DAG(s) 'My_Producer' retrieved from /opt/airflow/dags/my_producer.py
[2026-03-05T15:07:31.236+0000] {logging_mixin.py:188} INFO - [2026-03-05T15:07:31.236+0000] {dag.py:3089} INFO - Sync 1 DAGs
[2026-03-05T15:07:31.256+0000] {logging_mixin.py:188} INFO - [2026-03-05T15:07:31.256+0000] {dag.py:3947} INFO - Setting next_dagrun for My_Producer to 2026-03-04 00:00:00+00:00, run_after=2026-03-05 00:00:00+00:00
[2026-03-05T15:07:31.283+0000] {processor.py:183} INFO - Processing /opt/airflow/dags/my_producer.py took 0.113 seconds
[2026-03-05T15:08:02.076+0000] {processor.py:161} INFO - Started process (PID=5385) to work on /opt/airflow/dags/my_producer.py
[2026-03-05T15:08:02.077+0000] {processor.py:830} INFO - Processing file /opt/airflow/dags/my_producer.py for tasks to queue
[2026-03-05T15:08:02.081+0000] {logging_mixin.py:188} INFO - [2026-03-05T15:08:02.080+0000] {dagbag.py:545} INFO - Filling up the DagBag from /opt/airflow/dags/my_producer.py
[2026-03-05T15:08:02.114+0000] {processor.py:840} INFO - DAG(s) 'My_Producer' retrieved from /opt/airflow/dags/my_producer.py
[2026-03-05T15:08:02.149+0000] {logging_mixin.py:188} INFO - [2026-03-05T15:08:02.149+0000] {dag.py:3089} INFO - Sync 1 DAGs
[2026-03-05T15:08:02.184+0000] {logging_mixin.py:188} INFO - [2026-03-05T15:08:02.184+0000] {dag.py:3947} INFO - Setting next_dagrun for My_Producer to 2026-03-04 00:00:00+00:00, run_after=2026-03-05 00:00:00+00:00
[2026-03-05T15:08:02.217+0000] {processor.py:183} INFO - Processing /opt/airflow/dags/my_producer.py took 0.147 seconds
[2026-03-05T15:08:49.475+0000] {processor.py:161} INFO - Started process (PID=53) to work on /opt/airflow/dags/my_producer.py
[2026-03-05T15:08:49.477+0000] {processor.py:830} INFO - Processing file /opt/airflow/dags/my_producer.py for tasks to queue
[2026-03-05T15:08:49.480+0000] {logging_mixin.py:188} INFO - [2026-03-05T15:08:49.479+0000] {dagbag.py:545} INFO - Filling up the DagBag from /opt/airflow/dags/my_producer.py
[2026-03-05T15:08:49.510+0000] {processor.py:840} INFO - DAG(s) 'My_Producer' retrieved from /opt/airflow/dags/my_producer.py
[2026-03-05T15:08:49.782+0000] {logging_mixin.py:188} INFO - [2026-03-05T15:08:49.781+0000] {dag.py:3089} INFO - Sync 1 DAGs
[2026-03-05T15:08:49.805+0000] {logging_mixin.py:188} INFO - [2026-03-05T15:08:49.805+0000] {dag.py:3947} INFO - Setting next_dagrun for My_Producer to 2026-03-04 00:00:00+00:00, run_after=2026-03-05 00:00:00+00:00
[2026-03-05T15:08:49.837+0000] {processor.py:183} INFO - Processing /opt/airflow/dags/my_producer.py took 0.368 seconds
[2026-03-05T15:09:20.358+0000] {processor.py:161} INFO - Started process (PID=113) to work on /opt/airflow/dags/my_producer.py
[2026-03-05T15:09:20.359+0000] {processor.py:830} INFO - Processing file /opt/airflow/dags/my_producer.py for tasks to queue
[2026-03-05T15:09:20.362+0000] {logging_mixin.py:188} INFO - [2026-03-05T15:09:20.362+0000] {dagbag.py:545} INFO - Filling up the DagBag from /opt/airflow/dags/my_producer.py
[2026-03-05T15:09:20.378+0000] {processor.py:840} INFO - DAG(s) 'My_Producer' retrieved from /opt/airflow/dags/my_producer.py
[2026-03-05T15:09:20.397+0000] {logging_mixin.py:188} INFO - [2026-03-05T15:09:20.396+0000] {dag.py:3089} INFO - Sync 1 DAGs
[2026-03-05T15:09:20.417+0000] {logging_mixin.py:188} INFO - [2026-03-05T15:09:20.417+0000] {dag.py:3947} INFO - Setting next_dagrun for My_Producer to 2026-03-04 00:00:00+00:00, run_after=2026-03-05 00:00:00+00:00
[2026-03-05T15:09:20.440+0000] {processor.py:183} INFO - Processing /opt/airflow/dags/my_producer.py took 0.087 seconds
[2026-03-05T15:09:50.588+0000] {processor.py:161} INFO - Started process (PID=173) to work on /opt/airflow/dags/my_producer.py
[2026-03-05T15:09:50.589+0000] {processor.py:830} INFO - Processing file /opt/airflow/dags/my_producer.py for tasks to queue
[2026-03-05T15:09:50.592+0000] {logging_mixin.py:188} INFO - [2026-03-05T15:09:50.591+0000] {dagbag.py:545} INFO - Filling up the DagBag from /opt/airflow/dags/my_producer.py
[2026-03-05T15:09:50.605+0000] {processor.py:840} INFO - DAG(s) 'My_Producer' retrieved from /opt/airflow/dags/my_producer.py
[2026-03-05T15:09:50.621+0000] {logging_mixin.py:188} INFO - [2026-03-05T15:09:50.620+0000] {dag.py:3089} INFO - Sync 1 DAGs
[2026-03-05T15:09:50.639+0000] {logging_mixin.py:188} INFO - [2026-03-05T15:09:50.639+0000] {dag.py:3947} INFO - Setting next_dagrun for My_Producer to 2026-03-04 00:00:00+00:00, run_after=2026-03-05 00:00:00+00:00
[2026-03-05T15:09:50.663+0000] {processor.py:183} INFO - Processing /opt/airflow/dags/my_producer.py took 0.080 seconds
[2026-03-05T15:10:21.150+0000] {processor.py:161} INFO - Started process (PID=233) to work on /opt/airflow/dags/my_producer.py
[2026-03-05T15:10:21.151+0000] {processor.py:830} INFO - Processing file /opt/airflow/dags/my_producer.py for tasks to queue
[2026-03-05T15:10:21.155+0000] {logging_mixin.py:188} INFO - [2026-03-05T15:10:21.154+0000] {dagbag.py:545} INFO - Filling up the DagBag from /opt/airflow/dags/my_producer.py
[2026-03-05T15:10:21.180+0000] {processor.py:840} INFO - DAG(s) 'My_Producer' retrieved from /opt/airflow/dags/my_producer.py
[2026-03-05T15:10:21.197+0000] {logging_mixin.py:188} INFO - [2026-03-05T15:10:21.197+0000] {dag.py:3089} INFO - Sync 1 DAGs
[2026-03-05T15:10:21.216+0000] {logging_mixin.py:188} INFO - [2026-03-05T15:10:21.216+0000] {dag.py:3947} INFO - Setting next_dagrun for My_Producer to 2026-03-04 00:00:00+00:00, run_after=2026-03-05 00:00:00+00:00
[2026-03-05T15:10:21.241+0000] {processor.py:183} INFO - Processing /opt/airflow/dags/my_producer.py took 0.097 seconds
[2026-03-05T15:10:52.068+0000] {processor.py:161} INFO - Started process (PID=293) to work on /opt/airflow/dags/my_producer.py
[2026-03-05T15:10:52.071+0000] {processor.py:830} INFO - Processing file /opt/airflow/dags/my_producer.py for tasks to queue
[2026-03-05T15:10:52.074+0000] {logging_mixin.py:188} INFO - [2026-03-05T15:10:52.073+0000] {dagbag.py:545} INFO - Filling up the DagBag from /opt/airflow/dags/my_producer.py
[2026-03-05T15:10:52.092+0000] {processor.py:840} INFO - DAG(s) 'My_Producer' retrieved from /opt/airflow/dags/my_producer.py
[2026-03-05T15:10:52.110+0000] {logging_mixin.py:188} INFO - [2026-03-05T15:10:52.110+0000] {dag.py:3089} INFO - Sync 1 DAGs
[2026-03-05T15:10:52.133+0000] {logging_mixin.py:188} INFO - [2026-03-05T15:10:52.132+0000] {dag.py:3947} INFO - Setting next_dagrun for My_Producer to 2026-03-04 00:00:00+00:00, run_after=2026-03-05 00:00:00+00:00
[2026-03-05T15:10:52.157+0000] {processor.py:183} INFO - Processing /opt/airflow/dags/my_producer.py took 0.095 seconds
[2026-03-05T15:11:22.287+0000] {processor.py:161} INFO - Started process (PID=353) to work on /opt/airflow/dags/my_producer.py
[2026-03-05T15:11:22.288+0000] {processor.py:830} INFO - Processing file /opt/airflow/dags/my_producer.py for tasks to queue
[2026-03-05T15:11:22.291+0000] {logging_mixin.py:188} INFO - [2026-03-05T15:11:22.291+0000] {dagbag.py:545} INFO - Filling up the DagBag from /opt/airflow/dags/my_producer.py
[2026-03-05T15:11:22.327+0000] {processor.py:840} INFO - DAG(s) 'My_Producer' retrieved from /opt/airflow/dags/my_producer.py
[2026-03-05T15:11:22.347+0000] {logging_mixin.py:188} INFO - [2026-03-05T15:11:22.346+0000] {dag.py:3089} INFO - Sync 1 DAGs
[2026-03-05T15:11:22.372+0000] {logging_mixin.py:188} INFO - [2026-03-05T15:11:22.371+0000] {dag.py:3947} INFO - Setting next_dagrun for My_Producer to 2026-03-04 00:00:00+00:00, run_after=2026-03-05 00:00:00+00:00
[2026-03-05T15:11:22.407+0000] {processor.py:183} INFO - Processing /opt/airflow/dags/my_producer.py took 0.131 seconds
[2026-03-05T15:11:52.686+0000] {processor.py:161} INFO - Started process (PID=414) to work on /opt/airflow/dags/my_producer.py
[2026-03-05T15:11:52.687+0000] {processor.py:830} INFO - Processing file /opt/airflow/dags/my_producer.py for tasks to queue
[2026-03-05T15:11:52.690+0000] {logging_mixin.py:188} INFO - [2026-03-05T15:11:52.690+0000] {dagbag.py:545} INFO - Filling up the DagBag from /opt/airflow/dags/my_producer.py
[2026-03-05T15:11:52.719+0000] {processor.py:840} INFO - DAG(s) 'My_Producer' retrieved from /opt/airflow/dags/my_producer.py
[2026-03-05T15:11:52.736+0000] {logging_mixin.py:188} INFO - [2026-03-05T15:11:52.736+0000] {dag.py:3089} INFO - Sync 1 DAGs
[2026-03-05T15:11:52.758+0000] {logging_mixin.py:188} INFO - [2026-03-05T15:11:52.757+0000] {dag.py:3947} INFO - Setting next_dagrun for My_Producer to 2026-03-05 00:00:00+00:00, run_after=2026-03-06 00:00:00+00:00
[2026-03-05T15:11:52.782+0000] {processor.py:183} INFO - Processing /opt/airflow/dags/my_producer.py took 0.103 seconds
[2026-03-05T15:12:22.966+0000] {processor.py:161} INFO - Started process (PID=474) to work on /opt/airflow/dags/my_producer.py
[2026-03-05T15:12:22.967+0000] {processor.py:830} INFO - Processing file /opt/airflow/dags/my_producer.py for tasks to queue
[2026-03-05T15:12:22.969+0000] {logging_mixin.py:188} INFO - [2026-03-05T15:12:22.968+0000] {dagbag.py:545} INFO - Filling up the DagBag from /opt/airflow/dags/my_producer.py
[2026-03-05T15:12:22.986+0000] {processor.py:840} INFO - DAG(s) 'My_Producer' retrieved from /opt/airflow/dags/my_producer.py
[2026-03-05T15:12:23.002+0000] {logging_mixin.py:188} INFO - [2026-03-05T15:12:23.002+0000] {dag.py:3089} INFO - Sync 1 DAGs
[2026-03-05T15:12:23.021+0000] {logging_mixin.py:188} INFO - [2026-03-05T15:12:23.021+0000] {dag.py:3947} INFO - Setting next_dagrun for My_Producer to 2026-03-05 00:00:00+00:00, run_after=2026-03-06 00:00:00+00:00
[2026-03-05T15:12:23.046+0000] {processor.py:183} INFO - Processing /opt/airflow/dags/my_producer.py took 0.085 seconds
[2026-03-05T15:12:53.512+0000] {processor.py:161} INFO - Started process (PID=533) to work on /opt/airflow/dags/my_producer.py
[2026-03-05T15:12:53.513+0000] {processor.py:830} INFO - Processing file /opt/airflow/dags/my_producer.py for tasks to queue
[2026-03-05T15:12:53.515+0000] {logging_mixin.py:188} INFO - [2026-03-05T15:12:53.515+0000] {dagbag.py:545} INFO - Filling up the DagBag from /opt/airflow/dags/my_producer.py
[2026-03-05T15:12:53.552+0000] {processor.py:840} INFO - DAG(s) 'My_Producer' retrieved from /opt/airflow/dags/my_producer.py
[2026-03-05T15:12:53.570+0000] {logging_mixin.py:188} INFO - [2026-03-05T15:12:53.570+0000] {dag.py:3089} INFO - Sync 1 DAGs
[2026-03-05T15:12:53.590+0000] {logging_mixin.py:188} INFO - [2026-03-05T15:12:53.590+0000] {dag.py:3947} INFO - Setting next_dagrun for My_Producer to 2026-03-05 00:00:00+00:00, run_after=2026-03-06 00:00:00+00:00
[2026-03-05T15:12:53.615+0000] {processor.py:183} INFO - Processing /opt/airflow/dags/my_producer.py took 0.109 seconds
[2026-03-05T15:13:24.146+0000] {processor.py:161} INFO - Started process (PID=593) to work on /opt/airflow/dags/my_producer.py
[2026-03-05T15:13:24.148+0000] {processor.py:830} INFO - Processing file /opt/airflow/dags/my_producer.py for tasks to queue
[2026-03-05T15:13:24.150+0000] {logging_mixin.py:188} INFO - [2026-03-05T15:13:24.150+0000] {dagbag.py:545} INFO - Filling up the DagBag from /opt/airflow/dags/my_producer.py
[2026-03-05T15:13:24.172+0000] {processor.py:840} INFO - DAG(s) 'My_Producer' retrieved from /opt/airflow/dags/my_producer.py
[2026-03-05T15:13:24.193+0000] {logging_mixin.py:188} INFO - [2026-03-05T15:13:24.193+0000] {dag.py:3089} INFO - Sync 1 DAGs
[2026-03-05T15:13:24.216+0000] {logging_mixin.py:188} INFO - [2026-03-05T15:13:24.216+0000] {dag.py:3947} INFO - Setting next_dagrun for My_Producer to 2026-03-05 00:00:00+00:00, run_after=2026-03-06 00:00:00+00:00
[2026-03-05T15:13:24.241+0000] {processor.py:183} INFO - Processing /opt/airflow/dags/my_producer.py took 0.101 seconds
[2026-03-05T15:13:54.717+0000] {processor.py:161} INFO - Started process (PID=659) to work on /opt/airflow/dags/my_producer.py
[2026-03-05T15:13:54.718+0000] {processor.py:830} INFO - Processing file /opt/airflow/dags/my_producer.py for tasks to queue
[2026-03-05T15:13:54.720+0000] {logging_mixin.py:188} INFO - [2026-03-05T15:13:54.720+0000] {dagbag.py:545} INFO - Filling up the DagBag from /opt/airflow/dags/my_producer.py
[2026-03-05T15:13:54.744+0000] {processor.py:840} INFO - DAG(s) 'My_Producer' retrieved from /opt/airflow/dags/my_producer.py
[2026-03-05T15:13:54.762+0000] {logging_mixin.py:188} INFO - [2026-03-05T15:13:54.761+0000] {dag.py:3089} INFO - Sync 1 DAGs
[2026-03-05T15:13:54.783+0000] {logging_mixin.py:188} INFO - [2026-03-05T15:13:54.783+0000] {dag.py:3947} INFO - Setting next_dagrun for My_Producer to 2026-03-05 00:00:00+00:00, run_after=2026-03-06 00:00:00+00:00
[2026-03-05T15:13:54.810+0000] {processor.py:183} INFO - Processing /opt/airflow/dags/my_producer.py took 0.097 seconds
[2026-03-05T15:14:25.091+0000] {processor.py:161} INFO - Started process (PID=719) to work on /opt/airflow/dags/my_producer.py
[2026-03-05T15:14:25.095+0000] {processor.py:830} INFO - Processing file /opt/airflow/dags/my_producer.py for tasks to queue
[2026-03-05T15:14:25.099+0000] {logging_mixin.py:188} INFO - [2026-03-05T15:14:25.098+0000] {dagbag.py:545} INFO - Filling up the DagBag from /opt/airflow/dags/my_producer.py
[2026-03-05T15:14:25.140+0000] {processor.py:840} INFO - DAG(s) 'My_Producer' retrieved from /opt/airflow/dags/my_producer.py
[2026-03-05T15:14:25.164+0000] {logging_mixin.py:188} INFO - [2026-03-05T15:14:25.164+0000] {dag.py:3089} INFO - Sync 1 DAGs
[2026-03-05T15:14:25.215+0000] {logging_mixin.py:188} INFO - [2026-03-05T15:14:25.213+0000] {dag.py:3947} INFO - Setting next_dagrun for My_Producer to 2026-03-05 00:00:00+00:00, run_after=2026-03-06 00:00:00+00:00
[2026-03-05T15:14:25.256+0000] {processor.py:183} INFO - Processing /opt/airflow/dags/my_producer.py took 0.171 seconds
[2026-03-05T15:14:30.673+0000] {processor.py:161} INFO - Started process (PID=750) to work on /opt/airflow/dags/my_producer.py
[2026-03-05T15:14:30.674+0000] {processor.py:830} INFO - Processing file /opt/airflow/dags/my_producer.py for tasks to queue
[2026-03-05T15:14:30.677+0000] {logging_mixin.py:188} INFO - [2026-03-05T15:14:30.676+0000] {dagbag.py:545} INFO - Filling up the DagBag from /opt/airflow/dags/my_producer.py
[2026-03-05T15:14:30.735+0000] {processor.py:840} INFO - DAG(s) 'My_Producer' retrieved from /opt/airflow/dags/my_producer.py
[2026-03-05T15:14:30.763+0000] {logging_mixin.py:188} INFO - [2026-03-05T15:14:30.762+0000] {dag.py:3089} INFO - Sync 1 DAGs
[2026-03-05T15:14:30.789+0000] {logging_mixin.py:188} INFO - [2026-03-05T15:14:30.788+0000] {dag.py:3947} INFO - Setting next_dagrun for My_Producer to 2026-03-05 00:00:00+00:00, run_after=2026-03-06 00:00:00+00:00
[2026-03-05T15:14:30.832+0000] {processor.py:183} INFO - Processing /opt/airflow/dags/my_producer.py took 0.165 seconds
[2026-03-05T15:15:01.158+0000] {processor.py:161} INFO - Started process (PID=810) to work on /opt/airflow/dags/my_producer.py
[2026-03-05T15:15:01.160+0000] {processor.py:830} INFO - Processing file /opt/airflow/dags/my_producer.py for tasks to queue
[2026-03-05T15:15:01.163+0000] {logging_mixin.py:188} INFO - [2026-03-05T15:15:01.162+0000] {dagbag.py:545} INFO - Filling up the DagBag from /opt/airflow/dags/my_producer.py
[2026-03-05T15:15:01.189+0000] {processor.py:840} INFO - DAG(s) 'My_Producer' retrieved from /opt/airflow/dags/my_producer.py
[2026-03-05T15:15:01.216+0000] {logging_mixin.py:188} INFO - [2026-03-05T15:15:01.215+0000] {dag.py:3089} INFO - Sync 1 DAGs
[2026-03-05T15:15:01.240+0000] {logging_mixin.py:188} INFO - [2026-03-05T15:15:01.240+0000] {dag.py:3947} INFO - Setting next_dagrun for My_Producer to 2026-03-05 00:00:00+00:00, run_after=2026-03-06 00:00:00+00:00
[2026-03-05T15:15:01.273+0000] {processor.py:183} INFO - Processing /opt/airflow/dags/my_producer.py took 0.120 seconds
[2026-03-05T15:15:31.462+0000] {processor.py:161} INFO - Started process (PID=862) to work on /opt/airflow/dags/my_producer.py
[2026-03-05T15:15:31.463+0000] {processor.py:830} INFO - Processing file /opt/airflow/dags/my_producer.py for tasks to queue
[2026-03-05T15:15:31.465+0000] {logging_mixin.py:188} INFO - [2026-03-05T15:15:31.464+0000] {dagbag.py:545} INFO - Filling up the DagBag from /opt/airflow/dags/my_producer.py
[2026-03-05T15:15:31.493+0000] {processor.py:840} INFO - DAG(s) 'My_Producer' retrieved from /opt/airflow/dags/my_producer.py
[2026-03-05T15:15:31.512+0000] {logging_mixin.py:188} INFO - [2026-03-05T15:15:31.512+0000] {dag.py:3089} INFO - Sync 1 DAGs
[2026-03-05T15:15:31.536+0000] {logging_mixin.py:188} INFO - [2026-03-05T15:15:31.536+0000] {dag.py:3947} INFO - Setting next_dagrun for My_Producer to 2026-03-05 00:00:00+00:00, run_after=2026-03-06 00:00:00+00:00
[2026-03-05T15:15:31.564+0000] {processor.py:183} INFO - Processing /opt/airflow/dags/my_producer.py took 0.109 seconds
[2026-03-05T15:16:01.991+0000] {processor.py:161} INFO - Started process (PID=922) to work on /opt/airflow/dags/my_producer.py
[2026-03-05T15:16:01.993+0000] {processor.py:830} INFO - Processing file /opt/airflow/dags/my_producer.py for tasks to queue
[2026-03-05T15:16:01.996+0000] {logging_mixin.py:188} INFO - [2026-03-05T15:16:01.995+0000] {dagbag.py:545} INFO - Filling up the DagBag from /opt/airflow/dags/my_producer.py
[2026-03-05T15:16:02.021+0000] {processor.py:840} INFO - DAG(s) 'My_Producer' retrieved from /opt/airflow/dags/my_producer.py
[2026-03-05T15:16:02.040+0000] {logging_mixin.py:188} INFO - [2026-03-05T15:16:02.040+0000] {dag.py:3089} INFO - Sync 1 DAGs
[2026-03-05T15:16:02.064+0000] {logging_mixin.py:188} INFO - [2026-03-05T15:16:02.064+0000] {dag.py:3947} INFO - Setting next_dagrun for My_Producer to 2026-03-05 00:00:00+00:00, run_after=2026-03-06 00:00:00+00:00
[2026-03-05T15:16:02.086+0000] {processor.py:183} INFO - Processing /opt/airflow/dags/my_producer.py took 0.108 seconds
[2026-03-05T15:16:32.464+0000] {processor.py:161} INFO - Started process (PID=982) to work on /opt/airflow/dags/my_producer.py
[2026-03-05T15:16:32.465+0000] {processor.py:830} INFO - Processing file /opt/airflow/dags/my_producer.py for tasks to queue
[2026-03-05T15:16:32.467+0000] {logging_mixin.py:188} INFO - [2026-03-05T15:16:32.467+0000] {dagbag.py:545} INFO - Filling up the DagBag from /opt/airflow/dags/my_producer.py
[2026-03-05T15:16:32.487+0000] {processor.py:840} INFO - DAG(s) 'My_Producer' retrieved from /opt/airflow/dags/my_producer.py
[2026-03-05T15:16:32.505+0000] {logging_mixin.py:188} INFO - [2026-03-05T15:16:32.505+0000] {dag.py:3089} INFO - Sync 1 DAGs
[2026-03-05T15:16:32.524+0000] {logging_mixin.py:188} INFO - [2026-03-05T15:16:32.524+0000] {dag.py:3947} INFO - Setting next_dagrun for My_Producer to 2026-03-05 00:00:00+00:00, run_after=2026-03-06 00:00:00+00:00
[2026-03-05T15:16:32.551+0000] {processor.py:183} INFO - Processing /opt/airflow/dags/my_producer.py took 0.092 seconds
[2026-03-05T15:17:02.870+0000] {processor.py:161} INFO - Started process (PID=1042) to work on /opt/airflow/dags/my_producer.py
[2026-03-05T15:17:02.872+0000] {processor.py:830} INFO - Processing file /opt/airflow/dags/my_producer.py for tasks to queue
[2026-03-05T15:17:02.875+0000] {logging_mixin.py:188} INFO - [2026-03-05T15:17:02.874+0000] {dagbag.py:545} INFO - Filling up the DagBag from /opt/airflow/dags/my_producer.py
[2026-03-05T15:17:02.899+0000] {processor.py:840} INFO - DAG(s) 'My_Producer' retrieved from /opt/airflow/dags/my_producer.py
[2026-03-05T15:17:02.917+0000] {logging_mixin.py:188} INFO - [2026-03-05T15:17:02.917+0000] {dag.py:3089} INFO - Sync 1 DAGs
[2026-03-05T15:17:02.939+0000] {logging_mixin.py:188} INFO - [2026-03-05T15:17:02.939+0000] {dag.py:3947} INFO - Setting next_dagrun for My_Producer to 2026-03-05 00:00:00+00:00, run_after=2026-03-06 00:00:00+00:00
[2026-03-05T15:17:02.964+0000] {processor.py:183} INFO - Processing /opt/airflow/dags/my_producer.py took 0.099 seconds
[2026-03-05T15:17:33.215+0000] {processor.py:161} INFO - Started process (PID=1102) to work on /opt/airflow/dags/my_producer.py
[2026-03-05T15:17:33.216+0000] {processor.py:830} INFO - Processing file /opt/airflow/dags/my_producer.py for tasks to queue
[2026-03-05T15:17:33.218+0000] {logging_mixin.py:188} INFO - [2026-03-05T15:17:33.218+0000] {dagbag.py:545} INFO - Filling up the DagBag from /opt/airflow/dags/my_producer.py
[2026-03-05T15:17:33.243+0000] {processor.py:840} INFO - DAG(s) 'My_Producer' retrieved from /opt/airflow/dags/my_producer.py
[2026-03-05T15:17:33.260+0000] {logging_mixin.py:188} INFO - [2026-03-05T15:17:33.260+0000] {dag.py:3089} INFO - Sync 1 DAGs
[2026-03-05T15:17:33.282+0000] {logging_mixin.py:188} INFO - [2026-03-05T15:17:33.282+0000] {dag.py:3947} INFO - Setting next_dagrun for My_Producer to 2026-03-05 00:00:00+00:00, run_after=2026-03-06 00:00:00+00:00
[2026-03-05T15:17:33.309+0000] {processor.py:183} INFO - Processing /opt/airflow/dags/my_producer.py took 0.099 seconds
[2026-03-05T15:18:03.531+0000] {processor.py:161} INFO - Started process (PID=1162) to work on /opt/airflow/dags/my_producer.py
[2026-03-05T15:18:03.532+0000] {processor.py:830} INFO - Processing file /opt/airflow/dags/my_producer.py for tasks to queue
[2026-03-05T15:18:03.536+0000] {logging_mixin.py:188} INFO - [2026-03-05T15:18:03.536+0000] {dagbag.py:545} INFO - Filling up the DagBag from /opt/airflow/dags/my_producer.py
[2026-03-05T15:18:03.561+0000] {processor.py:840} INFO - DAG(s) 'My_Producer' retrieved from /opt/airflow/dags/my_producer.py
[2026-03-05T15:18:03.586+0000] {logging_mixin.py:188} INFO - [2026-03-05T15:18:03.585+0000] {dag.py:3089} INFO - Sync 1 DAGs
[2026-03-05T15:18:03.614+0000] {logging_mixin.py:188} INFO - [2026-03-05T15:18:03.613+0000] {dag.py:3947} INFO - Setting next_dagrun for My_Producer to 2026-03-05 00:00:00+00:00, run_after=2026-03-06 00:00:00+00:00
[2026-03-05T15:18:03.649+0000] {processor.py:183} INFO - Processing /opt/airflow/dags/my_producer.py took 0.124 seconds
[2026-03-05T15:18:34.193+0000] {processor.py:161} INFO - Started process (PID=1222) to work on /opt/airflow/dags/my_producer.py
[2026-03-05T15:18:34.195+0000] {processor.py:830} INFO - Processing file /opt/airflow/dags/my_producer.py for tasks to queue
[2026-03-05T15:18:34.199+0000] {logging_mixin.py:188} INFO - [2026-03-05T15:18:34.199+0000] {dagbag.py:545} INFO - Filling up the DagBag from /opt/airflow/dags/my_producer.py
[2026-03-05T15:18:34.231+0000] {processor.py:840} INFO - DAG(s) 'My_Producer' retrieved from /opt/airflow/dags/my_producer.py
[2026-03-05T15:18:34.249+0000] {logging_mixin.py:188} INFO - [2026-03-05T15:18:34.249+0000] {dag.py:3089} INFO - Sync 1 DAGs
[2026-03-05T15:18:34.275+0000] {logging_mixin.py:188} INFO - [2026-03-05T15:18:34.274+0000] {dag.py:3947} INFO - Setting next_dagrun for My_Producer to 2026-03-05 00:00:00+00:00, run_after=2026-03-06 00:00:00+00:00
[2026-03-05T15:18:34.304+0000] {processor.py:183} INFO - Processing /opt/airflow/dags/my_producer.py took 0.116 seconds
[2026-03-05T15:19:04.713+0000] {processor.py:161} INFO - Started process (PID=1283) to work on /opt/airflow/dags/my_producer.py
[2026-03-05T15:19:04.714+0000] {processor.py:830} INFO - Processing file /opt/airflow/dags/my_producer.py for tasks to queue
[2026-03-05T15:19:04.716+0000] {logging_mixin.py:188} INFO - [2026-03-05T15:19:04.716+0000] {dagbag.py:545} INFO - Filling up the DagBag from /opt/airflow/dags/my_producer.py
[2026-03-05T15:19:04.732+0000] {processor.py:840} INFO - DAG(s) 'My_Producer' retrieved from /opt/airflow/dags/my_producer.py
[2026-03-05T15:19:04.748+0000] {logging_mixin.py:188} INFO - [2026-03-05T15:19:04.748+0000] {dag.py:3089} INFO - Sync 1 DAGs
[2026-03-05T15:19:04.768+0000] {logging_mixin.py:188} INFO - [2026-03-05T15:19:04.768+0000] {dag.py:3947} INFO - Setting next_dagrun for My_Producer to 2026-03-05 00:00:00+00:00, run_after=2026-03-06 00:00:00+00:00
[2026-03-05T15:19:04.796+0000] {processor.py:183} INFO - Processing /opt/airflow/dags/my_producer.py took 0.088 seconds
[2026-03-05T15:20:25.096+0000] {processor.py:161} INFO - Started process (PID=46) to work on /opt/airflow/dags/my_producer.py
[2026-03-05T15:20:25.098+0000] {processor.py:830} INFO - Processing file /opt/airflow/dags/my_producer.py for tasks to queue
[2026-03-05T15:20:25.103+0000] {logging_mixin.py:188} INFO - [2026-03-05T15:20:25.103+0000] {dagbag.py:545} INFO - Filling up the DagBag from /opt/airflow/dags/my_producer.py
[2026-03-05T15:20:25.150+0000] {processor.py:840} INFO - DAG(s) 'My_Producer' retrieved from /opt/airflow/dags/my_producer.py
[2026-03-05T15:20:25.302+0000] {logging_mixin.py:188} INFO - [2026-03-05T15:20:25.301+0000] {dag.py:3089} INFO - Sync 1 DAGs
[2026-03-05T15:20:25.325+0000] {logging_mixin.py:188} INFO - [2026-03-05T15:20:25.325+0000] {dag.py:3947} INFO - Setting next_dagrun for My_Producer to 2026-03-05 00:00:00+00:00, run_after=2026-03-06 00:00:00+00:00
[2026-03-05T15:20:25.369+0000] {processor.py:183} INFO - Processing /opt/airflow/dags/my_producer.py took 0.283 seconds
[2026-03-05T15:20:56.128+0000] {processor.py:161} INFO - Started process (PID=107) to work on /opt/airflow/dags/my_producer.py
[2026-03-05T15:20:56.129+0000] {processor.py:830} INFO - Processing file /opt/airflow/dags/my_producer.py for tasks to queue
[2026-03-05T15:20:56.131+0000] {logging_mixin.py:188} INFO - [2026-03-05T15:20:56.130+0000] {dagbag.py:545} INFO - Filling up the DagBag from /opt/airflow/dags/my_producer.py
[2026-03-05T15:20:56.146+0000] {processor.py:840} INFO - DAG(s) 'My_Producer' retrieved from /opt/airflow/dags/my_producer.py
[2026-03-05T15:20:56.163+0000] {logging_mixin.py:188} INFO - [2026-03-05T15:20:56.163+0000] {dag.py:3089} INFO - Sync 1 DAGs
[2026-03-05T15:20:56.184+0000] {logging_mixin.py:188} INFO - [2026-03-05T15:20:56.184+0000] {dag.py:3947} INFO - Setting next_dagrun for My_Producer to 2026-03-05 00:00:00+00:00, run_after=2026-03-06 00:00:00+00:00
[2026-03-05T15:20:56.207+0000] {processor.py:183} INFO - Processing /opt/airflow/dags/my_producer.py took 0.084 seconds
[2026-03-05T15:21:26.435+0000] {processor.py:161} INFO - Started process (PID=168) to work on /opt/airflow/dags/my_producer.py
[2026-03-05T15:21:26.436+0000] {processor.py:830} INFO - Processing file /opt/airflow/dags/my_producer.py for tasks to queue
[2026-03-05T15:21:26.438+0000] {logging_mixin.py:188} INFO - [2026-03-05T15:21:26.438+0000] {dagbag.py:545} INFO - Filling up the DagBag from /opt/airflow/dags/my_producer.py
[2026-03-05T15:21:26.460+0000] {processor.py:840} INFO - DAG(s) 'My_Producer' retrieved from /opt/airflow/dags/my_producer.py
[2026-03-05T15:21:26.479+0000] {logging_mixin.py:188} INFO - [2026-03-05T15:21:26.479+0000] {dag.py:3089} INFO - Sync 1 DAGs
[2026-03-05T15:21:26.499+0000] {logging_mixin.py:188} INFO - [2026-03-05T15:21:26.499+0000] {dag.py:3947} INFO - Setting next_dagrun for My_Producer to 2026-03-05 00:00:00+00:00, run_after=2026-03-06 00:00:00+00:00
[2026-03-05T15:21:26.524+0000] {processor.py:183} INFO - Processing /opt/airflow/dags/my_producer.py took 0.096 seconds
[2026-03-05T15:21:56.642+0000] {processor.py:161} INFO - Started process (PID=229) to work on /opt/airflow/dags/my_producer.py
[2026-03-05T15:21:56.643+0000] {processor.py:830} INFO - Processing file /opt/airflow/dags/my_producer.py for tasks to queue
[2026-03-05T15:21:56.645+0000] {logging_mixin.py:188} INFO - [2026-03-05T15:21:56.645+0000] {dagbag.py:545} INFO - Filling up the DagBag from /opt/airflow/dags/my_producer.py
[2026-03-05T15:21:56.668+0000] {processor.py:840} INFO - DAG(s) 'My_Producer' retrieved from /opt/airflow/dags/my_producer.py
[2026-03-05T15:21:56.686+0000] {logging_mixin.py:188} INFO - [2026-03-05T15:21:56.686+0000] {dag.py:3089} INFO - Sync 1 DAGs
[2026-03-05T15:21:56.707+0000] {logging_mixin.py:188} INFO - [2026-03-05T15:21:56.706+0000] {dag.py:3947} INFO - Setting next_dagrun for My_Producer to 2026-03-05 00:00:00+00:00, run_after=2026-03-06 00:00:00+00:00
[2026-03-05T15:21:56.731+0000] {processor.py:183} INFO - Processing /opt/airflow/dags/my_producer.py took 0.095 seconds
[2026-03-05T15:22:26.922+0000] {processor.py:161} INFO - Started process (PID=290) to work on /opt/airflow/dags/my_producer.py
[2026-03-05T15:22:26.924+0000] {processor.py:830} INFO - Processing file /opt/airflow/dags/my_producer.py for tasks to queue
[2026-03-05T15:22:26.926+0000] {logging_mixin.py:188} INFO - [2026-03-05T15:22:26.926+0000] {dagbag.py:545} INFO - Filling up the DagBag from /opt/airflow/dags/my_producer.py
[2026-03-05T15:22:26.955+0000] {processor.py:840} INFO - DAG(s) 'My_Producer' retrieved from /opt/airflow/dags/my_producer.py
[2026-03-05T15:22:26.974+0000] {logging_mixin.py:188} INFO - [2026-03-05T15:22:26.974+0000] {dag.py:3089} INFO - Sync 1 DAGs
[2026-03-05T15:22:26.999+0000] {logging_mixin.py:188} INFO - [2026-03-05T15:22:26.999+0000] {dag.py:3947} INFO - Setting next_dagrun for My_Producer to 2026-03-05 00:00:00+00:00, run_after=2026-03-06 00:00:00+00:00
[2026-03-05T15:22:27.026+0000] {processor.py:183} INFO - Processing /opt/airflow/dags/my_producer.py took 0.109 seconds
[2026-03-05T15:22:57.200+0000] {processor.py:161} INFO - Started process (PID=351) to work on /opt/airflow/dags/my_producer.py
[2026-03-05T15:22:57.203+0000] {processor.py:830} INFO - Processing file /opt/airflow/dags/my_producer.py for tasks to queue
[2026-03-05T15:22:57.207+0000] {logging_mixin.py:188} INFO - [2026-03-05T15:22:57.206+0000] {dagbag.py:545} INFO - Filling up the DagBag from /opt/airflow/dags/my_producer.py
[2026-03-05T15:22:57.246+0000] {processor.py:840} INFO - DAG(s) 'My_Producer' retrieved from /opt/airflow/dags/my_producer.py
[2026-03-05T15:22:57.268+0000] {logging_mixin.py:188} INFO - [2026-03-05T15:22:57.267+0000] {dag.py:3089} INFO - Sync 1 DAGs
[2026-03-05T15:22:57.296+0000] {logging_mixin.py:188} INFO - [2026-03-05T15:22:57.295+0000] {dag.py:3947} INFO - Setting next_dagrun for My_Producer to 2026-03-05 00:00:00+00:00, run_after=2026-03-06 00:00:00+00:00
[2026-03-05T15:22:57.329+0000] {processor.py:183} INFO - Processing /opt/airflow/dags/my_producer.py took 0.136 seconds
[2026-03-05T15:23:27.933+0000] {processor.py:161} INFO - Started process (PID=412) to work on /opt/airflow/dags/my_producer.py
[2026-03-05T15:23:27.935+0000] {processor.py:830} INFO - Processing file /opt/airflow/dags/my_producer.py for tasks to queue
[2026-03-05T15:23:27.940+0000] {logging_mixin.py:188} INFO - [2026-03-05T15:23:27.940+0000] {dagbag.py:545} INFO - Filling up the DagBag from /opt/airflow/dags/my_producer.py
[2026-03-05T15:23:27.974+0000] {processor.py:840} INFO - DAG(s) 'My_Producer' retrieved from /opt/airflow/dags/my_producer.py
[2026-03-05T15:23:27.995+0000] {logging_mixin.py:188} INFO - [2026-03-05T15:23:27.994+0000] {dag.py:3089} INFO - Sync 1 DAGs
[2026-03-05T15:23:28.017+0000] {logging_mixin.py:188} INFO - [2026-03-05T15:23:28.017+0000] {dag.py:3947} INFO - Setting next_dagrun for My_Producer to 2026-03-05 00:00:00+00:00, run_after=2026-03-06 00:00:00+00:00
[2026-03-05T15:23:28.049+0000] {processor.py:183} INFO - Processing /opt/airflow/dags/my_producer.py took 0.137 seconds
[2026-03-05T15:23:58.153+0000] {processor.py:161} INFO - Started process (PID=479) to work on /opt/airflow/dags/my_producer.py
[2026-03-05T15:23:58.154+0000] {processor.py:830} INFO - Processing file /opt/airflow/dags/my_producer.py for tasks to queue
[2026-03-05T15:23:58.157+0000] {logging_mixin.py:188} INFO - [2026-03-05T15:23:58.157+0000] {dagbag.py:545} INFO - Filling up the DagBag from /opt/airflow/dags/my_producer.py
[2026-03-05T15:23:58.210+0000] {processor.py:840} INFO - DAG(s) 'My_Producer' retrieved from /opt/airflow/dags/my_producer.py
[2026-03-05T15:23:58.257+0000] {logging_mixin.py:188} INFO - [2026-03-05T15:23:58.256+0000] {dag.py:3089} INFO - Sync 1 DAGs
[2026-03-05T15:23:58.318+0000] {logging_mixin.py:188} INFO - [2026-03-05T15:23:58.318+0000] {dag.py:3947} INFO - Setting next_dagrun for My_Producer to 2026-03-05 00:00:00+00:00, run_after=2026-03-06 00:00:00+00:00
[2026-03-05T15:23:58.371+0000] {processor.py:183} INFO - Processing /opt/airflow/dags/my_producer.py took 0.223 seconds
[2026-03-05T15:24:28.949+0000] {processor.py:161} INFO - Started process (PID=540) to work on /opt/airflow/dags/my_producer.py
[2026-03-05T15:24:28.951+0000] {processor.py:830} INFO - Processing file /opt/airflow/dags/my_producer.py for tasks to queue
[2026-03-05T15:24:28.953+0000] {logging_mixin.py:188} INFO - [2026-03-05T15:24:28.953+0000] {dagbag.py:545} INFO - Filling up the DagBag from /opt/airflow/dags/my_producer.py
[2026-03-05T15:24:28.995+0000] {processor.py:840} INFO - DAG(s) 'My_Producer' retrieved from /opt/airflow/dags/my_producer.py
[2026-03-05T15:24:29.014+0000] {logging_mixin.py:188} INFO - [2026-03-05T15:24:29.014+0000] {dag.py:3089} INFO - Sync 1 DAGs
[2026-03-05T15:24:29.036+0000] {logging_mixin.py:188} INFO - [2026-03-05T15:24:29.036+0000] {dag.py:3947} INFO - Setting next_dagrun for My_Producer to 2026-03-05 00:00:00+00:00, run_after=2026-03-06 00:00:00+00:00
[2026-03-05T15:24:29.068+0000] {processor.py:183} INFO - Processing /opt/airflow/dags/my_producer.py took 0.125 seconds
[2026-03-05T15:24:59.367+0000] {processor.py:161} INFO - Started process (PID=601) to work on /opt/airflow/dags/my_producer.py
[2026-03-05T15:24:59.369+0000] {processor.py:830} INFO - Processing file /opt/airflow/dags/my_producer.py for tasks to queue
[2026-03-05T15:24:59.373+0000] {logging_mixin.py:188} INFO - [2026-03-05T15:24:59.372+0000] {dagbag.py:545} INFO - Filling up the DagBag from /opt/airflow/dags/my_producer.py
[2026-03-05T15:24:59.406+0000] {processor.py:840} INFO - DAG(s) 'My_Producer' retrieved from /opt/airflow/dags/my_producer.py
[2026-03-05T15:24:59.436+0000] {logging_mixin.py:188} INFO - [2026-03-05T15:24:59.435+0000] {dag.py:3089} INFO - Sync 1 DAGs
[2026-03-05T15:24:59.462+0000] {logging_mixin.py:188} INFO - [2026-03-05T15:24:59.461+0000] {dag.py:3947} INFO - Setting next_dagrun for My_Producer to 2026-03-05 00:00:00+00:00, run_after=2026-03-06 00:00:00+00:00
[2026-03-05T15:24:59.493+0000] {processor.py:183} INFO - Processing /opt/airflow/dags/my_producer.py took 0.133 seconds
[2026-03-05T15:25:29.851+0000] {processor.py:161} INFO - Started process (PID=662) to work on /opt/airflow/dags/my_producer.py
[2026-03-05T15:25:29.852+0000] {processor.py:830} INFO - Processing file /opt/airflow/dags/my_producer.py for tasks to queue
[2026-03-05T15:25:29.856+0000] {logging_mixin.py:188} INFO - [2026-03-05T15:25:29.855+0000] {dagbag.py:545} INFO - Filling up the DagBag from /opt/airflow/dags/my_producer.py
[2026-03-05T15:25:29.895+0000] {processor.py:840} INFO - DAG(s) 'My_Producer' retrieved from /opt/airflow/dags/my_producer.py
[2026-03-05T15:25:29.923+0000] {logging_mixin.py:188} INFO - [2026-03-05T15:25:29.923+0000] {dag.py:3089} INFO - Sync 1 DAGs
[2026-03-05T15:25:29.948+0000] {logging_mixin.py:188} INFO - [2026-03-05T15:25:29.948+0000] {dag.py:3947} INFO - Setting next_dagrun for My_Producer to 2026-03-05 00:00:00+00:00, run_after=2026-03-06 00:00:00+00:00
[2026-03-05T15:25:29.973+0000] {processor.py:183} INFO - Processing /opt/airflow/dags/my_producer.py took 0.129 seconds
[2026-03-05T15:26:00.546+0000] {processor.py:161} INFO - Started process (PID=723) to work on /opt/airflow/dags/my_producer.py
[2026-03-05T15:26:00.549+0000] {processor.py:830} INFO - Processing file /opt/airflow/dags/my_producer.py for tasks to queue
[2026-03-05T15:26:00.552+0000] {logging_mixin.py:188} INFO - [2026-03-05T15:26:00.552+0000] {dagbag.py:545} INFO - Filling up the DagBag from /opt/airflow/dags/my_producer.py
[2026-03-05T15:26:00.576+0000] {processor.py:840} INFO - DAG(s) 'My_Producer' retrieved from /opt/airflow/dags/my_producer.py
[2026-03-05T15:26:00.597+0000] {logging_mixin.py:188} INFO - [2026-03-05T15:26:00.597+0000] {dag.py:3089} INFO - Sync 1 DAGs
[2026-03-05T15:26:00.619+0000] {logging_mixin.py:188} INFO - [2026-03-05T15:26:00.619+0000] {dag.py:3947} INFO - Setting next_dagrun for My_Producer to 2026-03-05 00:00:00+00:00, run_after=2026-03-06 00:00:00+00:00
[2026-03-05T15:26:00.645+0000] {processor.py:183} INFO - Processing /opt/airflow/dags/my_producer.py took 0.106 seconds
[2026-03-05T15:26:31.197+0000] {processor.py:161} INFO - Started process (PID=784) to work on /opt/airflow/dags/my_producer.py
[2026-03-05T15:26:31.199+0000] {processor.py:830} INFO - Processing file /opt/airflow/dags/my_producer.py for tasks to queue
[2026-03-05T15:26:31.201+0000] {logging_mixin.py:188} INFO - [2026-03-05T15:26:31.200+0000] {dagbag.py:545} INFO - Filling up the DagBag from /opt/airflow/dags/my_producer.py
[2026-03-05T15:26:31.223+0000] {processor.py:840} INFO - DAG(s) 'My_Producer' retrieved from /opt/airflow/dags/my_producer.py
[2026-03-05T15:26:31.243+0000] {logging_mixin.py:188} INFO - [2026-03-05T15:26:31.242+0000] {dag.py:3089} INFO - Sync 1 DAGs
[2026-03-05T15:26:31.262+0000] {logging_mixin.py:188} INFO - [2026-03-05T15:26:31.262+0000] {dag.py:3947} INFO - Setting next_dagrun for My_Producer to 2026-03-05 00:00:00+00:00, run_after=2026-03-06 00:00:00+00:00
[2026-03-05T15:26:31.292+0000] {processor.py:183} INFO - Processing /opt/airflow/dags/my_producer.py took 0.100 seconds
[2026-03-05T15:26:36.327+0000] {processor.py:161} INFO - Started process (PID=811) to work on /opt/airflow/dags/my_producer.py
[2026-03-05T15:26:36.329+0000] {processor.py:830} INFO - Processing file /opt/airflow/dags/my_producer.py for tasks to queue
[2026-03-05T15:26:36.333+0000] {logging_mixin.py:188} INFO - [2026-03-05T15:26:36.332+0000] {dagbag.py:545} INFO - Filling up the DagBag from /opt/airflow/dags/my_producer.py
[2026-03-05T15:26:36.387+0000] {processor.py:840} INFO - DAG(s) 'My_Producer' retrieved from /opt/airflow/dags/my_producer.py
[2026-03-05T15:26:36.476+0000] {logging_mixin.py:188} INFO - [2026-03-05T15:26:36.476+0000] {dag.py:3089} INFO - Sync 1 DAGs
[2026-03-05T15:26:36.495+0000] {logging_mixin.py:188} INFO - [2026-03-05T15:26:36.495+0000] {dag.py:3947} INFO - Setting next_dagrun for My_Producer to 2026-03-05 00:00:00+00:00, run_after=2026-03-06 00:00:00+00:00
[2026-03-05T15:26:36.527+0000] {processor.py:183} INFO - Processing /opt/airflow/dags/my_producer.py took 0.205 seconds
[2026-03-05T15:27:06.682+0000] {processor.py:161} INFO - Started process (PID=872) to work on /opt/airflow/dags/my_producer.py
[2026-03-05T15:27:06.683+0000] {processor.py:830} INFO - Processing file /opt/airflow/dags/my_producer.py for tasks to queue
[2026-03-05T15:27:06.685+0000] {logging_mixin.py:188} INFO - [2026-03-05T15:27:06.685+0000] {dagbag.py:545} INFO - Filling up the DagBag from /opt/airflow/dags/my_producer.py
[2026-03-05T15:27:06.709+0000] {processor.py:840} INFO - DAG(s) 'My_Producer' retrieved from /opt/airflow/dags/my_producer.py
[2026-03-05T15:27:06.736+0000] {logging_mixin.py:188} INFO - [2026-03-05T15:27:06.736+0000] {dag.py:3089} INFO - Sync 1 DAGs
[2026-03-05T15:27:06.767+0000] {logging_mixin.py:188} INFO - [2026-03-05T15:27:06.767+0000] {dag.py:3947} INFO - Setting next_dagrun for My_Producer to 2026-03-05 00:00:00+00:00, run_after=2026-03-06 00:00:00+00:00
[2026-03-05T15:27:06.796+0000] {processor.py:183} INFO - Processing /opt/airflow/dags/my_producer.py took 0.120 seconds
[2026-03-05T15:27:36.941+0000] {processor.py:161} INFO - Started process (PID=933) to work on /opt/airflow/dags/my_producer.py
[2026-03-05T15:27:36.943+0000] {processor.py:830} INFO - Processing file /opt/airflow/dags/my_producer.py for tasks to queue
[2026-03-05T15:27:36.945+0000] {logging_mixin.py:188} INFO - [2026-03-05T15:27:36.944+0000] {dagbag.py:545} INFO - Filling up the DagBag from /opt/airflow/dags/my_producer.py
[2026-03-05T15:27:36.969+0000] {processor.py:840} INFO - DAG(s) 'My_Producer' retrieved from /opt/airflow/dags/my_producer.py
[2026-03-05T15:27:36.989+0000] {logging_mixin.py:188} INFO - [2026-03-05T15:27:36.989+0000] {dag.py:3089} INFO - Sync 1 DAGs
[2026-03-05T15:27:37.011+0000] {logging_mixin.py:188} INFO - [2026-03-05T15:27:37.010+0000] {dag.py:3947} INFO - Setting next_dagrun for My_Producer to 2026-03-05 00:00:00+00:00, run_after=2026-03-06 00:00:00+00:00
[2026-03-05T15:27:37.036+0000] {processor.py:183} INFO - Processing /opt/airflow/dags/my_producer.py took 0.099 seconds
[2026-03-05T15:27:59.098+0000] {processor.py:161} INFO - Started process (PID=969) to work on /opt/airflow/dags/my_producer.py
[2026-03-05T15:27:59.101+0000] {processor.py:830} INFO - Processing file /opt/airflow/dags/my_producer.py for tasks to queue
[2026-03-05T15:27:59.104+0000] {logging_mixin.py:188} INFO - [2026-03-05T15:27:59.104+0000] {dagbag.py:545} INFO - Filling up the DagBag from /opt/airflow/dags/my_producer.py
[2026-03-05T15:27:59.232+0000] {processor.py:840} INFO - DAG(s) 'My_Producer' retrieved from /opt/airflow/dags/my_producer.py
[2026-03-05T15:27:59.250+0000] {logging_mixin.py:188} INFO - [2026-03-05T15:27:59.250+0000] {dag.py:3089} INFO - Sync 1 DAGs
[2026-03-05T15:27:59.271+0000] {logging_mixin.py:188} INFO - [2026-03-05T15:27:59.270+0000] {dag.py:3947} INFO - Setting next_dagrun for My_Producer to 2026-03-05 00:00:00+00:00, run_after=2026-03-06 00:00:00+00:00
[2026-03-05T15:27:59.313+0000] {processor.py:183} INFO - Processing /opt/airflow/dags/my_producer.py took 0.227 seconds
[2026-03-05T15:28:29.551+0000] {processor.py:161} INFO - Started process (PID=1030) to work on /opt/airflow/dags/my_producer.py
[2026-03-05T15:28:29.553+0000] {processor.py:830} INFO - Processing file /opt/airflow/dags/my_producer.py for tasks to queue
[2026-03-05T15:28:29.555+0000] {logging_mixin.py:188} INFO - [2026-03-05T15:28:29.555+0000] {dagbag.py:545} INFO - Filling up the DagBag from /opt/airflow/dags/my_producer.py
[2026-03-05T15:28:29.589+0000] {processor.py:840} INFO - DAG(s) 'My_Producer' retrieved from /opt/airflow/dags/my_producer.py
[2026-03-05T15:28:29.613+0000] {logging_mixin.py:188} INFO - [2026-03-05T15:28:29.612+0000] {dag.py:3089} INFO - Sync 1 DAGs
[2026-03-05T15:28:29.634+0000] {logging_mixin.py:188} INFO - [2026-03-05T15:28:29.634+0000] {dag.py:3947} INFO - Setting next_dagrun for My_Producer to 2026-03-05 00:00:00+00:00, run_after=2026-03-06 00:00:00+00:00
[2026-03-05T15:28:29.670+0000] {processor.py:183} INFO - Processing /opt/airflow/dags/my_producer.py took 0.124 seconds
[2026-03-05T15:28:57.315+0000] {processor.py:161} INFO - Started process (PID=1085) to work on /opt/airflow/dags/my_producer.py
[2026-03-05T15:28:57.316+0000] {processor.py:830} INFO - Processing file /opt/airflow/dags/my_producer.py for tasks to queue
[2026-03-05T15:28:57.321+0000] {logging_mixin.py:188} INFO - [2026-03-05T15:28:57.321+0000] {dagbag.py:545} INFO - Filling up the DagBag from /opt/airflow/dags/my_producer.py
[2026-03-05T15:28:57.401+0000] {processor.py:840} INFO - DAG(s) 'My_Producer' retrieved from /opt/airflow/dags/my_producer.py
[2026-03-05T15:28:57.421+0000] {logging_mixin.py:188} INFO - [2026-03-05T15:28:57.421+0000] {dag.py:3089} INFO - Sync 1 DAGs
[2026-03-05T15:28:57.440+0000] {logging_mixin.py:188} INFO - [2026-03-05T15:28:57.440+0000] {dag.py:3947} INFO - Setting next_dagrun for My_Producer to 2026-03-05 00:00:00+00:00, run_after=2026-03-06 00:00:00+00:00
[2026-03-05T15:28:57.472+0000] {processor.py:183} INFO - Processing /opt/airflow/dags/my_producer.py took 0.165 seconds
[2026-03-05T15:29:27.825+0000] {processor.py:161} INFO - Started process (PID=1146) to work on /opt/airflow/dags/my_producer.py
[2026-03-05T15:29:27.826+0000] {processor.py:830} INFO - Processing file /opt/airflow/dags/my_producer.py for tasks to queue
[2026-03-05T15:29:27.828+0000] {logging_mixin.py:188} INFO - [2026-03-05T15:29:27.828+0000] {dagbag.py:545} INFO - Filling up the DagBag from /opt/airflow/dags/my_producer.py
[2026-03-05T15:29:27.849+0000] {processor.py:840} INFO - DAG(s) 'My_Producer' retrieved from /opt/airflow/dags/my_producer.py
[2026-03-05T15:29:27.872+0000] {logging_mixin.py:188} INFO - [2026-03-05T15:29:27.872+0000] {dag.py:3089} INFO - Sync 1 DAGs
[2026-03-05T15:29:27.894+0000] {logging_mixin.py:188} INFO - [2026-03-05T15:29:27.894+0000] {dag.py:3947} INFO - Setting next_dagrun for My_Producer to 2026-03-05 00:00:00+00:00, run_after=2026-03-06 00:00:00+00:00
[2026-03-05T15:29:27.920+0000] {processor.py:183} INFO - Processing /opt/airflow/dags/my_producer.py took 0.102 seconds
[2026-03-05T15:29:58.341+0000] {processor.py:161} INFO - Started process (PID=1207) to work on /opt/airflow/dags/my_producer.py
[2026-03-05T15:29:58.342+0000] {processor.py:830} INFO - Processing file /opt/airflow/dags/my_producer.py for tasks to queue
[2026-03-05T15:29:58.345+0000] {logging_mixin.py:188} INFO - [2026-03-05T15:29:58.345+0000] {dagbag.py:545} INFO - Filling up the DagBag from /opt/airflow/dags/my_producer.py
[2026-03-05T15:29:58.385+0000] {processor.py:840} INFO - DAG(s) 'My_Producer' retrieved from /opt/airflow/dags/my_producer.py
[2026-03-05T15:29:58.404+0000] {logging_mixin.py:188} INFO - [2026-03-05T15:29:58.403+0000] {dag.py:3089} INFO - Sync 1 DAGs
[2026-03-05T15:29:58.430+0000] {logging_mixin.py:188} INFO - [2026-03-05T15:29:58.429+0000] {dag.py:3947} INFO - Setting next_dagrun for My_Producer to 2026-03-05 00:00:00+00:00, run_after=2026-03-06 00:00:00+00:00
[2026-03-05T15:29:58.461+0000] {processor.py:183} INFO - Processing /opt/airflow/dags/my_producer.py took 0.125 seconds
[2026-03-05T15:30:28.553+0000] {processor.py:161} INFO - Started process (PID=1267) to work on /opt/airflow/dags/my_producer.py
[2026-03-05T15:30:28.555+0000] {processor.py:830} INFO - Processing file /opt/airflow/dags/my_producer.py for tasks to queue
[2026-03-05T15:30:28.557+0000] {logging_mixin.py:188} INFO - [2026-03-05T15:30:28.556+0000] {dagbag.py:545} INFO - Filling up the DagBag from /opt/airflow/dags/my_producer.py
[2026-03-05T15:30:28.586+0000] {processor.py:840} INFO - DAG(s) 'My_Producer' retrieved from /opt/airflow/dags/my_producer.py
[2026-03-05T15:30:28.602+0000] {logging_mixin.py:188} INFO - [2026-03-05T15:30:28.602+0000] {dag.py:3089} INFO - Sync 1 DAGs
[2026-03-05T15:30:28.625+0000] {logging_mixin.py:188} INFO - [2026-03-05T15:30:28.625+0000] {dag.py:3947} INFO - Setting next_dagrun for My_Producer to 2026-03-05 00:00:00+00:00, run_after=2026-03-06 00:00:00+00:00
[2026-03-05T15:30:28.652+0000] {processor.py:183} INFO - Processing /opt/airflow/dags/my_producer.py took 0.103 seconds
[2026-03-05T15:30:58.860+0000] {processor.py:161} INFO - Started process (PID=1334) to work on /opt/airflow/dags/my_producer.py
[2026-03-05T15:30:58.862+0000] {processor.py:830} INFO - Processing file /opt/airflow/dags/my_producer.py for tasks to queue
[2026-03-05T15:30:58.866+0000] {logging_mixin.py:188} INFO - [2026-03-05T15:30:58.865+0000] {dagbag.py:545} INFO - Filling up the DagBag from /opt/airflow/dags/my_producer.py
[2026-03-05T15:30:58.897+0000] {processor.py:840} INFO - DAG(s) 'My_Producer' retrieved from /opt/airflow/dags/my_producer.py
[2026-03-05T15:30:58.922+0000] {logging_mixin.py:188} INFO - [2026-03-05T15:30:58.922+0000] {dag.py:3089} INFO - Sync 1 DAGs
[2026-03-05T15:30:58.949+0000] {logging_mixin.py:188} INFO - [2026-03-05T15:30:58.949+0000] {dag.py:3947} INFO - Setting next_dagrun for My_Producer to 2026-03-05 00:00:00+00:00, run_after=2026-03-06 00:00:00+00:00
[2026-03-05T15:30:58.975+0000] {processor.py:183} INFO - Processing /opt/airflow/dags/my_producer.py took 0.121 seconds
