[2026-03-05T15:28:04.896+0000] {local_task_job_runner.py:120} INFO - ::group::Pre task execution logs
[2026-03-05T15:28:04.918+0000] {taskinstance.py:2076} INFO - Dependencies all met for dep_context=non-requeueable deps ti=<TaskInstance: My_Producer.update_my_data manual__2026-03-05T15:28:02.934311+00:00 [queued]>
[2026-03-05T15:28:04.926+0000] {taskinstance.py:2076} INFO - Dependencies all met for dep_context=requeueable deps ti=<TaskInstance: My_Producer.update_my_data manual__2026-03-05T15:28:02.934311+00:00 [queued]>
[2026-03-05T15:28:04.927+0000] {taskinstance.py:2306} INFO - Starting attempt 1 of 1
[2026-03-05T15:28:04.937+0000] {taskinstance.py:2330} INFO - Executing <Task(_PythonDecoratedOperator): update_my_data> on 2026-03-05 15:28:02.934311+00:00
[2026-03-05T15:28:04.944+0000] {warnings.py:112} WARNING - /home/***/.local/lib/python3.12/site-packages/***/task/task_runner/standard_task_runner.py:62: DeprecationWarning: This process (pid=171) is multi-threaded, use of fork() may lead to deadlocks in the child.
  pid = os.fork()

[2026-03-05T15:28:04.946+0000] {standard_task_runner.py:64} INFO - Started process 173 to run task
[2026-03-05T15:28:04.946+0000] {standard_task_runner.py:90} INFO - Running: ['***', 'tasks', 'run', 'My_Producer', 'update_my_data', 'manual__2026-03-05T15:28:02.934311+00:00', '--job-id', '17', '--raw', '--subdir', 'DAGS_FOLDER/my_producer.py', '--cfg-path', '/tmp/tmpgt58o9nl']
[2026-03-05T15:28:04.948+0000] {standard_task_runner.py:91} INFO - Job 17: Subtask update_my_data
[2026-03-05T15:28:04.990+0000] {task_command.py:426} INFO - Running <TaskInstance: My_Producer.update_my_data manual__2026-03-05T15:28:02.934311+00:00 [running]> on host 12e1a1cbc7da
[2026-03-05T15:28:05.076+0000] {taskinstance.py:2648} INFO - Exporting env vars: AIRFLOW_CTX_DAG_OWNER='***' AIRFLOW_CTX_DAG_ID='My_Producer' AIRFLOW_CTX_TASK_ID='update_my_data' AIRFLOW_CTX_EXECUTION_DATE='2026-03-05T15:28:02.934311+00:00' AIRFLOW_CTX_TRY_NUMBER='1' AIRFLOW_CTX_DAG_RUN_ID='manual__2026-03-05T15:28:02.934311+00:00'
[2026-03-05T15:28:05.078+0000] {taskinstance.py:430} INFO - ::endgroup::
[2026-03-05T15:28:05.079+0000] {taskinstance.py:441} INFO - ::group::Post task execution logs
[2026-03-05T15:28:05.080+0000] {taskinstance.py:2905} ERROR - Task failed with exception
Traceback (most recent call last):
  File "/home/airflow/.local/lib/python3.12/site-packages/airflow/models/taskinstance.py", line 465, in _execute_task
    result = _execute_callable(context=context, **execute_callable_kwargs)
             ^^^^^^^^^^^^^^^^^^^^^^^^^^^^^^^^^^^^^^^^^^^^^^^^^^^^^^^^^^^^^
  File "/home/airflow/.local/lib/python3.12/site-packages/airflow/models/taskinstance.py", line 432, in _execute_callable
    return execute_callable(context=context, **execute_callable_kwargs)
           ^^^^^^^^^^^^^^^^^^^^^^^^^^^^^^^^^^^^^^^^^^^^^^^^^^^^^^^^^^^^
  File "/home/airflow/.local/lib/python3.12/site-packages/airflow/models/baseoperator.py", line 401, in wrapper
    return func(self, *args, **kwargs)
           ^^^^^^^^^^^^^^^^^^^^^^^^^^^
  File "/home/airflow/.local/lib/python3.12/site-packages/airflow/decorators/base.py", line 265, in execute
    return_value = super().execute(context)
                   ^^^^^^^^^^^^^^^^^^^^^^^^
  File "/home/airflow/.local/lib/python3.12/site-packages/airflow/models/baseoperator.py", line 401, in wrapper
    return func(self, *args, **kwargs)
           ^^^^^^^^^^^^^^^^^^^^^^^^^^^
  File "/home/airflow/.local/lib/python3.12/site-packages/airflow/operators/python.py", line 235, in execute
    return_value = self.execute_callable()
                   ^^^^^^^^^^^^^^^^^^^^^^^
  File "/home/airflow/.local/lib/python3.12/site-packages/airflow/operators/python.py", line 252, in execute_callable
    return self.python_callable(*self.op_args, **self.op_kwargs)
           ^^^^^^^^^^^^^^^^^^^^^^^^^^^^^^^^^^^^^^^^^^^^^^^^^^^^^
  File "/opt/airflow/dags/my_producer.py", line 15, in update_my_data
    Path(my_data.uri).parent.mkdir(parents=True, exist_ok=True)
    ^^^^
NameError: name 'Path' is not defined
[2026-03-05T15:28:05.096+0000] {taskinstance.py:1206} INFO - Marking task as FAILED. dag_id=My_Producer, task_id=update_my_data, run_id=manual__2026-03-05T15:28:02.934311+00:00, execution_date=20260305T152802, start_date=20260305T152804, end_date=20260305T152805
[2026-03-05T15:28:05.109+0000] {standard_task_runner.py:110} ERROR - Failed to execute job 17 for task update_my_data (name 'Path' is not defined; 173)
[2026-03-05T15:28:05.121+0000] {local_task_job_runner.py:243} INFO - Task exited with return code 1
[2026-03-05T15:28:05.134+0000] {taskinstance.py:3503} INFO - 0 downstream tasks scheduled from follow-on schedule check
[2026-03-05T15:28:05.137+0000] {local_task_job_runner.py:222} INFO - ::endgroup::
