[2026-03-05T15:29:30.878+0000] {local_task_job_runner.py:120} INFO - ::group::Pre task execution logs
[2026-03-05T15:29:30.898+0000] {taskinstance.py:2076} INFO - Dependencies all met for dep_context=non-requeueable deps ti=<TaskInstance: My_Consumer.update_my_data dataset_triggered__2026-03-05T15:29:28.803830+00:00 [queued]>
[2026-03-05T15:29:30.905+0000] {taskinstance.py:2076} INFO - Dependencies all met for dep_context=requeueable deps ti=<TaskInstance: My_Consumer.update_my_data dataset_triggered__2026-03-05T15:29:28.803830+00:00 [queued]>
[2026-03-05T15:29:30.907+0000] {taskinstance.py:2306} INFO - Starting attempt 1 of 1
[2026-03-05T15:29:30.919+0000] {taskinstance.py:2330} INFO - Executing <Task(_PythonDecoratedOperator): update_my_data> on 2026-03-05 15:29:28.803830+00:00
[2026-03-05T15:29:30.926+0000] {warnings.py:112} WARNING - /home/***/.local/lib/python3.12/site-packages/***/task/task_runner/standard_task_runner.py:62: DeprecationWarning: This process (pid=228) is multi-threaded, use of fork() may lead to deadlocks in the child.
  pid = os.fork()

[2026-03-05T15:29:30.928+0000] {standard_task_runner.py:64} INFO - Started process 230 to run task
[2026-03-05T15:29:30.928+0000] {standard_task_runner.py:90} INFO - Running: ['***', 'tasks', 'run', 'My_Consumer', 'update_my_data', 'dataset_triggered__2026-03-05T15:29:28.803830+00:00', '--job-id', '31', '--raw', '--subdir', 'DAGS_FOLDER/my_consumer.py', '--cfg-path', '/tmp/tmpv2u2m6dj']
[2026-03-05T15:29:30.931+0000] {standard_task_runner.py:91} INFO - Job 31: Subtask update_my_data
[2026-03-05T15:29:30.971+0000] {task_command.py:426} INFO - Running <TaskInstance: My_Consumer.update_my_data dataset_triggered__2026-03-05T15:29:28.803830+00:00 [running]> on host 12e1a1cbc7da
[2026-03-05T15:29:31.044+0000] {taskinstance.py:2648} INFO - Exporting env vars: AIRFLOW_CTX_DAG_OWNER='***' AIRFLOW_CTX_DAG_ID='My_Consumer' AIRFLOW_CTX_TASK_ID='update_my_data' AIRFLOW_CTX_EXECUTION_DATE='2026-03-05T15:29:28.803830+00:00' AIRFLOW_CTX_TRY_NUMBER='1' AIRFLOW_CTX_DAG_RUN_ID='dataset_triggered__2026-03-05T15:29:28.803830+00:00'
[2026-03-05T15:29:31.046+0000] {taskinstance.py:430} INFO - ::endgroup::
[2026-03-05T15:29:31.047+0000] {logging_mixin.py:188} INFO - Hello from consumer
[2026-03-05T15:29:31.047+0000] {python.py:237} INFO - Done. Returned value was: None
[2026-03-05T15:29:31.048+0000] {taskinstance.py:441} INFO - ::group::Post task execution logs
[2026-03-05T15:29:31.070+0000] {taskinstance.py:1206} INFO - Marking task as SUCCESS. dag_id=My_Consumer, task_id=update_my_data, run_id=dataset_triggered__2026-03-05T15:29:28.803830+00:00, execution_date=20260305T152928, start_date=20260305T152930, end_date=20260305T152931
[2026-03-05T15:29:31.103+0000] {local_task_job_runner.py:243} INFO - Task exited with return code 0
[2026-03-05T15:29:31.118+0000] {taskinstance.py:3503} INFO - 0 downstream tasks scheduled from follow-on schedule check
[2026-03-05T15:29:31.121+0000] {local_task_job_runner.py:222} INFO - ::endgroup::
