[2026-03-05T15:29:28.536+0000] {local_task_job_runner.py:120} INFO - ::group::Pre task execution logs
[2026-03-05T15:29:28.564+0000] {taskinstance.py:2076} INFO - Dependencies all met for dep_context=non-requeueable deps ti=<TaskInstance: My_Consumer.update_my_data dataset_triggered__2026-03-05T15:29:27.099915+00:00 [queued]>
[2026-03-05T15:29:28.571+0000] {taskinstance.py:2076} INFO - Dependencies all met for dep_context=requeueable deps ti=<TaskInstance: My_Consumer.update_my_data dataset_triggered__2026-03-05T15:29:27.099915+00:00 [queued]>
[2026-03-05T15:29:28.573+0000] {taskinstance.py:2306} INFO - Starting attempt 1 of 1
[2026-03-05T15:29:28.585+0000] {taskinstance.py:2330} INFO - Executing <Task(_PythonDecoratedOperator): update_my_data> on 2026-03-05 15:29:27.099915+00:00
[2026-03-05T15:29:28.592+0000] {warnings.py:112} WARNING - /home/***/.local/lib/python3.12/site-packages/***/task/task_runner/standard_task_runner.py:62: DeprecationWarning: This process (pid=225) is multi-threaded, use of fork() may lead to deadlocks in the child.
  pid = os.fork()

[2026-03-05T15:29:28.594+0000] {standard_task_runner.py:64} INFO - Started process 227 to run task
[2026-03-05T15:29:28.594+0000] {standard_task_runner.py:90} INFO - Running: ['***', 'tasks', 'run', 'My_Consumer', 'update_my_data', 'dataset_triggered__2026-03-05T15:29:27.099915+00:00', '--job-id', '30', '--raw', '--subdir', 'DAGS_FOLDER/my_consumer.py', '--cfg-path', '/tmp/tmp9t71qzgd']
[2026-03-05T15:29:28.597+0000] {standard_task_runner.py:91} INFO - Job 30: Subtask update_my_data
[2026-03-05T15:29:28.645+0000] {task_command.py:426} INFO - Running <TaskInstance: My_Consumer.update_my_data dataset_triggered__2026-03-05T15:29:27.099915+00:00 [running]> on host 12e1a1cbc7da
[2026-03-05T15:29:28.736+0000] {taskinstance.py:2648} INFO - Exporting env vars: AIRFLOW_CTX_DAG_OWNER='***' AIRFLOW_CTX_DAG_ID='My_Consumer' AIRFLOW_CTX_TASK_ID='update_my_data' AIRFLOW_CTX_EXECUTION_DATE='2026-03-05T15:29:27.099915+00:00' AIRFLOW_CTX_TRY_NUMBER='1' AIRFLOW_CTX_DAG_RUN_ID='dataset_triggered__2026-03-05T15:29:27.099915+00:00'
[2026-03-05T15:29:28.751+0000] {taskinstance.py:430} INFO - ::endgroup::
[2026-03-05T15:29:28.754+0000] {logging_mixin.py:188} INFO - Hello from consumer
[2026-03-05T15:29:28.756+0000] {python.py:237} INFO - Done. Returned value was: None
[2026-03-05T15:29:28.757+0000] {taskinstance.py:441} INFO - ::group::Post task execution logs
[2026-03-05T15:29:28.789+0000] {taskinstance.py:1206} INFO - Marking task as SUCCESS. dag_id=My_Consumer, task_id=update_my_data, run_id=dataset_triggered__2026-03-05T15:29:27.099915+00:00, execution_date=20260305T152927, start_date=20260305T152928, end_date=20260305T152928
[2026-03-05T15:29:28.849+0000] {local_task_job_runner.py:243} INFO - Task exited with return code 0
[2026-03-05T15:29:28.907+0000] {taskinstance.py:3503} INFO - 0 downstream tasks scheduled from follow-on schedule check
[2026-03-05T15:29:28.912+0000] {local_task_job_runner.py:222} INFO - ::endgroup::
